This file contains any messages produced by compilers while
running configure, to aid debugging if configure makes a mistake.

It was created by shntool configure 3.0.10, which was
generated by GNU Autoconf 2.63.  Invocation command line was

  $ ./configure 

## --------- ##
## Platform. ##
## --------- ##

hostname = ppad-mmini.local
uname -m = i386
uname -r = 10.3.3
uname -s = Darwin
uname -v = Darwin Kernel Version 10.3.3: Wed Apr  7 20:48:41 PDT 2010; root:xnu-1504.6.1~3/RELEASE_I386

/usr/bin/uname -p = i386
/bin/uname -X     = unknown

/bin/arch              = unknown
/usr/bin/arch -k       = unknown
/usr/convex/getsysinfo = unknown
/usr/bin/hostinfo      = Mach kernel version:
	 Darwin Kernel Version 10.3.3: Wed Apr  7 20:48:41 PDT 2010; root:xnu-1504.6.1~3/RELEASE_I386
Kernel configured for up to 2 processors.
2 processors are physically available.
2 processors are logically available.
Processor type: i486 (Intel 80486)
Processors active: 0 1
Primary memory available: 2.00 gigabytes
Default processor set: 71 tasks, 301 threads, 2 processors
Load average: 1.06, Mach factor: 1.23
/bin/machine           = unknown
/usr/bin/oslevel       = unknown
/bin/universe          = unknown

PATH: /usr/bin
PATH: /bin
PATH: /usr/sbin
PATH: /sbin
PATH: /usr/local/bin
PATH: /usr/X11/bin


## ----------- ##
## Core tests. ##
## ----------- ##

configure:1909: checking build system type
configure:1927: result: i386-apple-darwin10.3.3
configure:1949: checking host system type
configure:1964: result: i386-apple-darwin10.3.3
configure:2003: checking for a BSD-compatible install
configure:2071: result: /usr/bin/install -c
configure:2082: checking whether build environment is sane
configure:2125: result: yes
configure:2150: checking for a thread-safe mkdir -p
configure:2189: result: ./install-sh -c -d
configure:2202: checking for gawk
configure:2232: result: no
configure:2202: checking for mawk
configure:2232: result: no
configure:2202: checking for nawk
configure:2232: result: no
configure:2202: checking for awk
configure:2218: found /usr/bin/awk
configure:2229: result: awk
configure:2240: checking whether make sets $(MAKE)
configure:2262: result: yes
configure:2501: checking for gcc
configure:2517: found /usr/bin/gcc
configure:2528: result: gcc
configure:2760: checking for C compiler version
configure:2768: gcc --version >&5
i686-apple-darwin10-gcc-4.2.1 (GCC) 4.2.1 (Apple Inc. build 5659)
Copyright (C) 2007 Free Software Foundation, Inc.
This is free software; see the source for copying conditions.  There is NO
warranty; not even for MERCHANTABILITY or FITNESS FOR A PARTICULAR PURPOSE.

configure:2772: $? = 0
configure:2779: gcc -v >&5
Using built-in specs.
Target: i686-apple-darwin10
Configured with: /var/tmp/gcc/gcc-5659~1/src/configure --disable-checking --enable-werror --prefix=/usr --mandir=/share/man --enable-languages=c,objc,c++,obj-c++ --program-transform-name=/^[cg][^.-]*$/s/$/-4.2/ --with-slibdir=/usr/lib --build=i686-apple-darwin10 --program-prefix=i686-apple-darwin10- --host=x86_64-apple-darwin10 --target=i686-apple-darwin10 --with-gxx-include-dir=/include/c++/4.2.1
Thread model: posix
gcc version 4.2.1 (Apple Inc. build 5659)
configure:2783: $? = 0
configure:2790: gcc -V >&5
gcc-4.2: argument to `-V' is missing
configure:2794: $? = 1
configure:2817: checking for C compiler default output file name
configure:2839: gcc    conftest.c  >&5
configure:2843: $? = 0
configure:2881: result: a.out
configure:2900: checking whether the C compiler works
configure:2910: ./a.out
configure:2914: $? = 0
configure:2933: result: yes
configure:2940: checking whether we are cross compiling
configure:2942: result: no
configure:2945: checking for suffix of executables
configure:2952: gcc -o conftest    conftest.c  >&5
configure:2956: $? = 0
configure:2982: result: 
configure:2988: checking for suffix of object files
configure:3014: gcc -c   conftest.c >&5
configure:3018: $? = 0
configure:3043: result: o
configure:3047: checking whether we are using the GNU C compiler
configure:3076: gcc -c   conftest.c >&5
configure:3083: $? = 0
configure:3100: result: yes
configure:3109: checking whether gcc accepts -g
configure:3139: gcc -c -g  conftest.c >&5
configure:3146: $? = 0
configure:3247: result: yes
configure:3264: checking for gcc option to accept ISO C89
configure:3338: gcc  -c -g -O2  conftest.c >&5
configure:3345: $? = 0
configure:3368: result: none needed
configure:3397: checking for style of include used by make
configure:3425: result: GNU
configure:3450: checking dependency style of gcc
configure:3541: result: gcc3
configure:3570: checking for a BSD-compatible install
configure:3638: result: /usr/bin/install -c
configure:3653: checking for gawk
configure:3680: result: awk
configure:3691: checking whether ln -s works
configure:3695: result: yes
configure:3702: checking whether make sets $(MAKE)
configure:3724: result: yes
configure:3740: checking how to run the C preprocessor
configure:3780: gcc -E  conftest.c
configure:3787: $? = 0
configure:3818: gcc -E  conftest.c
conftest.c:10:28: error: ac_nonexistent.h: No such file or directory
configure:3825: $? = 1
configure: failed program was:
| /* confdefs.h.  */
| #define PACKAGE_NAME "shntool"
| #define PACKAGE_TARNAME "shntool"
| #define PACKAGE_VERSION "3.0.10"
| #define PACKAGE_STRING "shntool 3.0.10"
| #define PACKAGE_BUGREPORT "shnutils@freeshell.org"
| #define PACKAGE "shntool"
| #define VERSION "3.0.10"
| /* end confdefs.h.  */
| #include <ac_nonexistent.h>
configure:3858: result: gcc -E
configure:3887: gcc -E  conftest.c
configure:3894: $? = 0
configure:3925: gcc -E  conftest.c
conftest.c:10:28: error: ac_nonexistent.h: No such file or directory
configure:3932: $? = 1
configure: failed program was:
| /* confdefs.h.  */
| #define PACKAGE_NAME "shntool"
| #define PACKAGE_TARNAME "shntool"
| #define PACKAGE_VERSION "3.0.10"
| #define PACKAGE_STRING "shntool 3.0.10"
| #define PACKAGE_BUGREPORT "shnutils@freeshell.org"
| #define PACKAGE "shntool"
| #define VERSION "3.0.10"
| /* end confdefs.h.  */
| #include <ac_nonexistent.h>
configure:3972: checking for grep that handles long lines and -e
configure:4032: result: /usr/bin/grep
configure:4037: checking for egrep
configure:4101: result: /usr/bin/grep -E
configure:4106: checking for ANSI C header files
configure:4136: gcc -c -g -O2  conftest.c >&5
configure:4143: $? = 0
configure:4242: gcc -o conftest -g -O2   conftest.c  >&5
configure:4246: $? = 0
configure:4252: ./conftest
configure:4256: $? = 0
configure:4274: result: yes
configure:4298: checking for sys/types.h
configure:4319: gcc -c -g -O2  conftest.c >&5
configure:4326: $? = 0
configure:4343: result: yes
configure:4298: checking for sys/stat.h
configure:4319: gcc -c -g -O2  conftest.c >&5
configure:4326: $? = 0
configure:4343: result: yes
configure:4298: checking for stdlib.h
configure:4319: gcc -c -g -O2  conftest.c >&5
configure:4326: $? = 0
configure:4343: result: yes
configure:4298: checking for string.h
configure:4319: gcc -c -g -O2  conftest.c >&5
configure:4326: $? = 0
configure:4343: result: yes
configure:4298: checking for memory.h
configure:4319: gcc -c -g -O2  conftest.c >&5
configure:4326: $? = 0
configure:4343: result: yes
configure:4298: checking for strings.h
configure:4319: gcc -c -g -O2  conftest.c >&5
configure:4326: $? = 0
configure:4343: result: yes
configure:4298: checking for inttypes.h
configure:4319: gcc -c -g -O2  conftest.c >&5
configure:4326: $? = 0
configure:4343: result: yes
configure:4298: checking for stdint.h
configure:4319: gcc -c -g -O2  conftest.c >&5
configure:4326: $? = 0
configure:4343: result: yes
configure:4298: checking for unistd.h
configure:4319: gcc -c -g -O2  conftest.c >&5
configure:4326: $? = 0
configure:4343: result: yes
configure:4358: checking whether byte ordering is bigendian
configure:4383: gcc -c -g -O2  conftest.c >&5
configure:4390: $? = 0
configure:4440: gcc -c -g -O2  conftest.c >&5
configure:4447: $? = 0
configure:4479: gcc -c -g -O2  conftest.c >&5
conftest.c: In function 'main':
conftest.c:27: error: 'not' undeclared (first use in this function)
conftest.c:27: error: (Each undeclared identifier is reported only once
conftest.c:27: error: for each function it appears in.)
conftest.c:27: error: expected ';' before 'big'
configure:4486: $? = 1
configure: failed program was:
| /* confdefs.h.  */
| #define PACKAGE_NAME "shntool"
| #define PACKAGE_TARNAME "shntool"
| #define PACKAGE_VERSION "3.0.10"
| #define PACKAGE_STRING "shntool 3.0.10"
| #define PACKAGE_BUGREPORT "shnutils@freeshell.org"
| #define PACKAGE "shntool"
| #define VERSION "3.0.10"
| #define STDC_HEADERS 1
| #define HAVE_SYS_TYPES_H 1
| #define HAVE_SYS_STAT_H 1
| #define HAVE_STDLIB_H 1
| #define HAVE_STRING_H 1
| #define HAVE_MEMORY_H 1
| #define HAVE_STRINGS_H 1
| #define HAVE_INTTYPES_H 1
| #define HAVE_STDINT_H 1
| #define HAVE_UNISTD_H 1
| /* end confdefs.h.  */
| #include <sys/types.h>
| 		#include <sys/param.h>
| 
| int
| main ()
| {
| #if BYTE_ORDER != BIG_ENDIAN
| 		 not big endian
| 		#endif
| 
|   ;
|   return 0;
| }
configure:4738: result: no
configure:4891: checking for optional helper programs
configure:4898: checking for shorten
configure:4926: result: no (install for shn support)
configure:4939: checking for flac
configure:4967: result: no (install for flac support)
configure:4980: checking for sox
configure:5008: result: no (install for aiff support)
configure:5021: checking for mac
configure:5049: result: no (install for ape support)
configure:5062: checking for ofr
configure:5090: result: no (install for ofr support)
configure:5103: checking for lpac
configure:5131: result: no (install for lpac support)
configure:5144: checking for wvunpack
configure:5172: result: no (install for wv support)
configure:5185: checking for alac
configure:5213: result: no (install for alac support)
configure:5226: checking for la
configure:5254: result: no (install for la support)
configure:5267: checking for ttaenc
configure:5295: result: no (install for tta support)
configure:5308: checking for mp4als
configure:5336: result: no (install for als support)
configure:5349: checking for mkwcon
configure:5377: result: no (install for mkw support)
configure:5390: checking for takc
configure:5418: result: no (install for tak support)
configure:5431: checking for bonk
configure:5459: result: no (install for bonk support)
configure:5472: checking for kexis
configure:5500: result: no (install for kxs support)
configure:5511: checking for win32 environment
configure:5530: checking windows.h usability
configure:5547: gcc -c -g -O2  conftest.c >&5
conftest.c:53:21: error: windows.h: No such file or directory
configure:5554: $? = 1
configure: failed program was:
| /* confdefs.h.  */
| #define PACKAGE_NAME "shntool"
| #define PACKAGE_TARNAME "shntool"
| #define PACKAGE_VERSION "3.0.10"
| #define PACKAGE_STRING "shntool 3.0.10"
| #define PACKAGE_BUGREPORT "shnutils@freeshell.org"
| #define PACKAGE "shntool"
| #define VERSION "3.0.10"
| #define STDC_HEADERS 1
| #define HAVE_SYS_TYPES_H 1
| #define HAVE_SYS_STAT_H 1
| #define HAVE_STDLIB_H 1
| #define HAVE_STRING_H 1
| #define HAVE_MEMORY_H 1
| #define HAVE_STRINGS_H 1
| #define HAVE_INTTYPES_H 1
| #define HAVE_STDINT_H 1
| #define HAVE_UNISTD_H 1
| /* end confdefs.h.  */
| #include <stdio.h>
| #ifdef HAVE_SYS_TYPES_H
| # include <sys/types.h>
| #endif
| #ifdef HAVE_SYS_STAT_H
| # include <sys/stat.h>
| #endif
| #ifdef STDC_HEADERS
| # include <stdlib.h>
| # include <stddef.h>
| #else
| # ifdef HAVE_STDLIB_H
| #  include <stdlib.h>
| # endif
| #endif
| #ifdef HAVE_STRING_H
| # if !defined STDC_HEADERS && defined HAVE_MEMORY_H
| #  include <memory.h>
| # endif
| # include <string.h>
| #endif
| #ifdef HAVE_STRINGS_H
| # include <strings.h>
| #endif
| #ifdef HAVE_INTTYPES_H
| # include <inttypes.h>
| #endif
| #ifdef HAVE_STDINT_H
| # include <stdint.h>
| #endif
| #ifdef HAVE_UNISTD_H
| # include <unistd.h>
| #endif
| #include <windows.h>
configure:5568: result: no
configure:5572: checking windows.h presence
configure:5587: gcc -E  conftest.c
conftest.c:20:21: error: windows.h: No such file or directory
configure:5594: $? = 1
configure: failed program was:
| /* confdefs.h.  */
| #define PACKAGE_NAME "shntool"
| #define PACKAGE_TARNAME "shntool"
| #define PACKAGE_VERSION "3.0.10"
| #define PACKAGE_STRING "shntool 3.0.10"
| #define PACKAGE_BUGREPORT "shnutils@freeshell.org"
| #define PACKAGE "shntool"
| #define VERSION "3.0.10"
| #define STDC_HEADERS 1
| #define HAVE_SYS_TYPES_H 1
| #define HAVE_SYS_STAT_H 1
| #define HAVE_STDLIB_H 1
| #define HAVE_STRING_H 1
| #define HAVE_MEMORY_H 1
| #define HAVE_STRINGS_H 1
| #define HAVE_INTTYPES_H 1
| #define HAVE_STDINT_H 1
| #define HAVE_UNISTD_H 1
| /* end confdefs.h.  */
| #include <windows.h>
configure:5608: result: no
configure:5641: checking for windows.h
configure:5650: result: no
configure:5667: checking for library functions
configure:5677: checking for strerror
configure:5733: gcc -o conftest -g -O2   conftest.c  >&5
configure:5740: $? = 0
configure:5762: result: yes
configure:5677: checking for vsnprintf
configure:5733: gcc -o conftest -g -O2   conftest.c  >&5
conftest.c:44: warning: conflicting types for built-in function 'vsnprintf'
configure:5740: $? = 0
configure:5762: result: yes
configure:5677: checking for atol
configure:5733: gcc -o conftest -g -O2   conftest.c  >&5
configure:5740: $? = 0
configure:5762: result: yes
configure:5677: checking for sysconf
configure:5733: gcc -o conftest -g -O2   conftest.c  >&5
configure:5740: $? = 0
configure:5762: result: yes
configure:5776: creating build files
configure:5898: creating ./config.status

## ---------------------- ##
## Running config.status. ##
## ---------------------- ##

This file was extended by shntool config.status 3.0.10, which was
generated by GNU Autoconf 2.63.  Invocation command line was

  CONFIG_FILES    = 
  CONFIG_HEADERS  = 
  CONFIG_LINKS    = 
  CONFIG_COMMANDS = 
  $ ./config.status 

on ppad-mmini.local

config.status:805: creating man/Makefile
config.status:805: creating src/Makefile
config.status:805: creating Makefile
config.status:805: creating include/config.h
config.status:1027: include/config.h is unchanged
config.status:1079: executing depfiles commands
configure:7239: creating module glue files
configure:7256: ready to compile.

shntool is now configured with the following options:

version :  3.0.10
modes   :  len fix hash pad join split cat cmp cue conv info strip gen trim 
formats :  wav aiff shn flac ape alac tak ofr tta als wv lpac la mkw bonk kxs cust term null 
install :  /usr/local/bin


## ---------------- ##
## Cache variables. ##
## ---------------- ##

ac_cv_build=i386-apple-darwin10.3.3
ac_cv_c_bigendian=no
ac_cv_c_compiler_gnu=yes
ac_cv_env_CC_set=
ac_cv_env_CC_value=
ac_cv_env_CFLAGS_set=
ac_cv_env_CFLAGS_value=
ac_cv_env_CPPFLAGS_set=
ac_cv_env_CPPFLAGS_value=
ac_cv_env_CPP_set=
ac_cv_env_CPP_value=
ac_cv_env_LDFLAGS_set=
ac_cv_env_LDFLAGS_value=
ac_cv_env_LIBS_set=
ac_cv_env_LIBS_value=
ac_cv_env_build_alias_set=
ac_cv_env_build_alias_value=
ac_cv_env_host_alias_set=
ac_cv_env_host_alias_value=
ac_cv_env_target_alias_set=
ac_cv_env_target_alias_value=
ac_cv_func_atol=yes
ac_cv_func_strerror=yes
ac_cv_func_sysconf=yes
ac_cv_func_vsnprintf=yes
ac_cv_header_inttypes_h=yes
ac_cv_header_memory_h=yes
ac_cv_header_stdc=yes
ac_cv_header_stdint_h=yes
ac_cv_header_stdlib_h=yes
ac_cv_header_string_h=yes
ac_cv_header_strings_h=yes
ac_cv_header_sys_stat_h=yes
ac_cv_header_sys_types_h=yes
ac_cv_header_unistd_h=yes
ac_cv_header_windows_h=no
ac_cv_host=i386-apple-darwin10.3.3
ac_cv_objext=o
ac_cv_path_EGREP='/usr/bin/grep -E'
ac_cv_path_GREP=/usr/bin/grep
ac_cv_path_install='/usr/bin/install -c'
ac_cv_prog_ALAC='no (install for alac support)'
ac_cv_prog_ALS='no (install for als support)'
ac_cv_prog_AWK=awk
ac_cv_prog_BONK='no (install for bonk support)'
ac_cv_prog_CPP='gcc -E'
ac_cv_prog_FLAC='no (install for flac support)'
ac_cv_prog_KEXIS='no (install for kxs support)'
ac_cv_prog_LA='no (install for la support)'
ac_cv_prog_LPAC='no (install for lpac support)'
ac_cv_prog_MAC='no (install for ape support)'
ac_cv_prog_MKWCON='no (install for mkw support)'
ac_cv_prog_OPTIMFROG='no (install for ofr support)'
ac_cv_prog_SHORTEN='no (install for shn support)'
ac_cv_prog_SOX='no (install for aiff support)'
ac_cv_prog_TAKC='no (install for tak support)'
ac_cv_prog_TTA='no (install for tta support)'
ac_cv_prog_WAVPACK='no (install for wv support)'
ac_cv_prog_ac_ct_CC=gcc
ac_cv_prog_cc_c89=
ac_cv_prog_cc_g=yes
ac_cv_prog_make_make_set=yes
am_cv_CC_dependencies_compiler_type=gcc3

## ----------------- ##
## Output variables. ##
## ----------------- ##

ACLOCAL='${SHELL} /Users/ppad/Documents/shntool-3.0.10/missing --run aclocal-1.10'
ALAC='no (install for alac support)'
ALS='no (install for als support)'
AMDEPBACKSLASH='\'
AMDEP_FALSE='#'
AMDEP_TRUE=''
AMTAR='${SHELL} /Users/ppad/Documents/shntool-3.0.10/missing --run tar'
AUTOCONF='${SHELL} /Users/ppad/Documents/shntool-3.0.10/missing --run autoconf'
AUTOHEADER='${SHELL} /Users/ppad/Documents/shntool-3.0.10/missing --run autoheader'
AUTOMAKE='${SHELL} /Users/ppad/Documents/shntool-3.0.10/missing --run automake-1.10'
AWK='awk'
BONK='no (install for bonk support)'
CC='gcc'
CCDEPMODE='depmode=gcc3'
CFLAGS='-g -O2'
CPP='gcc -E'
CPPFLAGS=''
CYGPATH_W='echo'
DEFS='-DHAVE_CONFIG_H'
DEPDIR='.deps'
ECHO_C='\c'
ECHO_N=''
ECHO_T=''
EGREP='/usr/bin/grep -E'
EXEEXT=''
FLAC='no (install for flac support)'
FORMAT_OBJS='format_wav.$(OBJEXT) format_aiff.$(OBJEXT) format_shn.$(OBJEXT) format_flac.$(OBJEXT) format_ape.$(OBJEXT) format_alac.$(OBJEXT) format_tak.$(OBJEXT) format_ofr.$(OBJEXT) format_tta.$(OBJEXT) format_als.$(OBJEXT) format_wv.$(OBJEXT) format_lpac.$(OBJEXT) format_la.$(OBJEXT) format_mkw.$(OBJEXT) format_bonk.$(OBJEXT) format_kxs.$(OBJEXT) format_cust.$(OBJEXT) format_term.$(OBJEXT) format_null.$(OBJEXT) '
GREP='/usr/bin/grep'
INSTALL_DATA='${INSTALL} -m 644'
INSTALL_PROGRAM='${INSTALL}'
INSTALL_SCRIPT='${INSTALL}'
INSTALL_STRIP_PROGRAM='$(install_sh) -c -s'
KEXIS='no (install for kxs support)'
LA='no (install for la support)'
LDFLAGS=''
LIBOBJS=''
LIBS=''
LN_S='ln -s'
LPAC='no (install for lpac support)'
LTLIBOBJS=''
MAC='no (install for ape support)'
MAKEINFO='${SHELL} /Users/ppad/Documents/shntool-3.0.10/missing --run makeinfo'
MKDIR_P='./install-sh -c -d'
MKWCON='no (install for mkw support)'
MODES_CONFIGURED='len fix hash pad join split cat cmp cue conv info strip gen trim '
MODE_OBJS='mode_len.$(OBJEXT) mode_fix.$(OBJEXT) mode_hash.$(OBJEXT) mode_pad.$(OBJEXT) mode_join.$(OBJEXT) mode_split.$(OBJEXT) mode_cat.$(OBJEXT) mode_cmp.$(OBJEXT) mode_cue.$(OBJEXT) mode_conv.$(OBJEXT) mode_info.$(OBJEXT) mode_strip.$(OBJEXT) mode_gen.$(OBJEXT) mode_trim.$(OBJEXT) '
OBJEXT='o'
OPTIMFROG='no (install for ofr support)'
PACKAGE='shntool'
PACKAGE_BUGREPORT='shnutils@freeshell.org'
PACKAGE_NAME='shntool'
PACKAGE_STRING='shntool 3.0.10'
PACKAGE_TARNAME='shntool'
PACKAGE_VERSION='3.0.10'
PATH_SEPARATOR=':'
SET_MAKE=''
SHELL='/bin/sh'
SHORTEN='no (install for shn support)'
SOX='no (install for aiff support)'
STRIP=''
TAKC='no (install for tak support)'
TTA='no (install for tta support)'
VERSION='3.0.10'
WAVPACK='no (install for wv support)'
ac_ct_CC='gcc'
am__fastdepCC_FALSE='#'
am__fastdepCC_TRUE=''
am__include='include'
am__isrc=''
am__leading_dot='.'
am__quote=''
am__tar='${AMTAR} chof - "$$tardir"'
am__untar='${AMTAR} xf -'
bindir='${exec_prefix}/bin'
build='i386-apple-darwin10.3.3'
build_alias=''
build_cpu='i386'
build_os='darwin10.3.3'
build_vendor='apple'
datadir='${datarootdir}'
datarootdir='${prefix}/share'
docdir='${datarootdir}/doc/${PACKAGE_TARNAME}'
dvidir='${docdir}'
exec_prefix='${prefix}'
host='i386-apple-darwin10.3.3'
host_alias=''
host_cpu='i386'
host_os='darwin10.3.3'
host_vendor='apple'
htmldir='${docdir}'
includedir='${prefix}/include'
infodir='${datarootdir}/info'
install_sh='$(SHELL) /Users/ppad/Documents/shntool-3.0.10/install-sh'
libdir='${exec_prefix}/lib'
libexecdir='${exec_prefix}/libexec'
localedir='${datarootdir}/locale'
localstatedir='${prefix}/var'
mandir='${datarootdir}/man'
mkdir_p='$(top_builddir)/./install-sh -c -d'
oldincludedir='/usr/include'
pdfdir='${docdir}'
prefix='/usr/local'
program_transform_name='s,x,x,'
psdir='${docdir}'
sbindir='${exec_prefix}/sbin'
sharedstatedir='${prefix}/com'
sysconfdir='${prefix}/etc'
target_alias=''

## ----------- ##
## confdefs.h. ##
## ----------- ##

#define PACKAGE_NAME "shntool"
#define PACKAGE_TARNAME "shntool"
#define PACKAGE_VERSION "3.0.10"
#define PACKAGE_STRING "shntool 3.0.10"
#define PACKAGE_BUGREPORT "shnutils@freeshell.org"
#define PACKAGE "shntool"
#define VERSION "3.0.10"
#define STDC_HEADERS 1
#define HAVE_SYS_TYPES_H 1
#define HAVE_SYS_STAT_H 1
#define HAVE_STDLIB_H 1
#define HAVE_STRING_H 1
#define HAVE_MEMORY_H 1
#define HAVE_STRINGS_H 1
#define HAVE_INTTYPES_H 1
#define HAVE_STDINT_H 1
#define HAVE_UNISTD_H 1
#define HAVE_STRERROR 1
#define HAVE_VSNPRINTF 1
#define HAVE_ATOL 1
#define HAVE_SYSCONF 1

configure: exit 0
