This file contains any messages produced by compilers while
running configure, to aid debugging if configure makes a mistake.

It was created by libmp3splt configure 0.5.2, which was
generated by GNU Autoconf 2.61.  Invocation command line was

  $ ./configure --disable-ogg --disable-id3tag

## --------- ##
## Platform. ##
## --------- ##

hostname = ppad-mmini.local
uname -m = i386
uname -r = 10.3.3
uname -s = Darwin
uname -v = Darwin Kernel Version 10.3.3: Wed Apr  7 20:48:41 PDT 2010; root:xnu-1504.6.1~3/RELEASE_I386

/usr/bin/uname -p = i386
/bin/uname -X     = unknown

/bin/arch              = unknown
/usr/bin/arch -k       = unknown
/usr/convex/getsysinfo = unknown
/usr/bin/hostinfo      = Mach kernel version:
	 Darwin Kernel Version 10.3.3: Wed Apr  7 20:48:41 PDT 2010; root:xnu-1504.6.1~3/RELEASE_I386
Kernel configured for up to 2 processors.
2 processors are physically available.
2 processors are logically available.
Processor type: i486 (Intel 80486)
Processors active: 0 1
Primary memory available: 2.00 gigabytes
Default processor set: 66 tasks, 210 threads, 2 processors
Load average: 0.36, Mach factor: 1.63
/bin/machine           = unknown
/usr/bin/oslevel       = unknown
/bin/universe          = unknown

PATH: /usr/bin
PATH: /bin
PATH: /usr/sbin
PATH: /sbin
PATH: /usr/local/bin
PATH: /usr/X11/bin


## ----------- ##
## Core tests. ##
## ----------- ##

configure:2004: checking for a BSD-compatible install
configure:2060: result: /usr/bin/install -c
configure:2071: checking whether build environment is sane
configure:2114: result: yes
configure:2142: checking for a thread-safe mkdir -p
configure:2181: result: ./install-sh -c -d
configure:2194: checking for gawk
configure:2224: result: no
configure:2194: checking for mawk
configure:2224: result: no
configure:2194: checking for nawk
configure:2224: result: no
configure:2194: checking for awk
configure:2210: found /usr/bin/awk
configure:2221: result: awk
configure:2232: checking whether make sets $(MAKE)
configure:2253: result: yes
configure:2498: checking for gcc
configure:2514: found /usr/bin/gcc
configure:2525: result: gcc
configure:2763: checking for C compiler version
configure:2770: gcc --version >&5
i686-apple-darwin10-gcc-4.2.1 (GCC) 4.2.1 (Apple Inc. build 5659)
Copyright (C) 2007 Free Software Foundation, Inc.
This is free software; see the source for copying conditions.  There is NO
warranty; not even for MERCHANTABILITY or FITNESS FOR A PARTICULAR PURPOSE.

configure:2773: $? = 0
configure:2780: gcc -v >&5
Using built-in specs.
Target: i686-apple-darwin10
Configured with: /var/tmp/gcc/gcc-5659~1/src/configure --disable-checking --enable-werror --prefix=/usr --mandir=/share/man --enable-languages=c,objc,c++,obj-c++ --program-transform-name=/^[cg][^.-]*$/s/$/-4.2/ --with-slibdir=/usr/lib --build=i686-apple-darwin10 --program-prefix=i686-apple-darwin10- --host=x86_64-apple-darwin10 --target=i686-apple-darwin10 --with-gxx-include-dir=/include/c++/4.2.1
Thread model: posix
gcc version 4.2.1 (Apple Inc. build 5659)
configure:2783: $? = 0
configure:2790: gcc -V >&5
gcc-4.2: argument to `-V' is missing
configure:2793: $? = 1
configure:2816: checking for C compiler default output file name
configure:2843: gcc -g  -I../include/libmp3splt   conftest.c  >&5
configure:2846: $? = 0
configure:2884: result: a.out
configure:2901: checking whether the C compiler works
configure:2911: ./a.out
configure:2914: $? = 0
configure:2931: result: yes
configure:2938: checking whether we are cross compiling
configure:2940: result: no
configure:2943: checking for suffix of executables
configure:2950: gcc -o conftest -g  -I../include/libmp3splt   conftest.c  >&5
configure:2953: $? = 0
configure:2977: result: 
configure:2983: checking for suffix of object files
configure:3009: gcc -c -g  -I../include/libmp3splt  conftest.c >&5
configure:3012: $? = 0
configure:3035: result: o
configure:3039: checking whether we are using the GNU C compiler
configure:3068: gcc -c -g  -I../include/libmp3splt  conftest.c >&5
configure:3074: $? = 0
configure:3091: result: yes
configure:3096: checking whether gcc accepts -g
configure:3126: gcc -c -g  conftest.c >&5
configure:3132: $? = 0
configure:3231: result: yes
configure:3248: checking for gcc option to accept ISO C89
configure:3322: gcc  -c -g  -I../include/libmp3splt  conftest.c >&5
configure:3328: $? = 0
configure:3351: result: none needed
configure:3380: checking for style of include used by make
configure:3408: result: GNU
configure:3433: checking dependency style of gcc
configure:3524: result: gcc3
configure:3552: checking for a BSD-compatible install
configure:3608: result: /usr/bin/install -c
configure:3619: checking whether ln -s works
configure:3623: result: yes
configure:3641: checking how to run the C preprocessor
configure:3681: gcc -E  conftest.c
configure:3687: $? = 0
configure:3718: gcc -E  conftest.c
conftest.c:10:28: error: ac_nonexistent.h: No such file or directory
configure:3724: $? = 1
configure: failed program was:
| /* confdefs.h.  */
| #define PACKAGE_NAME "libmp3splt"
| #define PACKAGE_TARNAME "libmp3splt"
| #define PACKAGE_VERSION "0.5.2"
| #define PACKAGE_STRING "libmp3splt 0.5.2"
| #define PACKAGE_BUGREPORT "io_fx@yahoo.fr"
| #define PACKAGE "libmp3splt"
| #define VERSION "0.5.2"
| /* end confdefs.h.  */
| #include <ac_nonexistent.h>
configure:3757: result: gcc -E
configure:3786: gcc -E  conftest.c
configure:3792: $? = 0
configure:3823: gcc -E  conftest.c
conftest.c:10:28: error: ac_nonexistent.h: No such file or directory
configure:3829: $? = 1
configure: failed program was:
| /* confdefs.h.  */
| #define PACKAGE_NAME "libmp3splt"
| #define PACKAGE_TARNAME "libmp3splt"
| #define PACKAGE_VERSION "0.5.2"
| #define PACKAGE_STRING "libmp3splt 0.5.2"
| #define PACKAGE_BUGREPORT "io_fx@yahoo.fr"
| #define PACKAGE "libmp3splt"
| #define VERSION "0.5.2"
| /* end confdefs.h.  */
| #include <ac_nonexistent.h>
configure:3867: checking for grep that handles long lines and -e
configure:3941: result: /usr/bin/grep
configure:3946: checking for egrep
configure:4024: result: /usr/bin/grep -E
configure:4029: checking for ANSI C header files
configure:4059: gcc -c -g  -I../include/libmp3splt  conftest.c >&5
configure:4065: $? = 0
configure:4164: gcc -o conftest -g  -I../include/libmp3splt   conftest.c  >&5
configure:4167: $? = 0
configure:4173: ./conftest
configure:4176: $? = 0
configure:4193: result: yes
configure:4217: checking for sys/types.h
configure:4238: gcc -c -g  -I../include/libmp3splt  conftest.c >&5
configure:4244: $? = 0
configure:4260: result: yes
configure:4217: checking for sys/stat.h
configure:4238: gcc -c -g  -I../include/libmp3splt  conftest.c >&5
configure:4244: $? = 0
configure:4260: result: yes
configure:4217: checking for stdlib.h
configure:4238: gcc -c -g  -I../include/libmp3splt  conftest.c >&5
configure:4244: $? = 0
configure:4260: result: yes
configure:4217: checking for string.h
configure:4238: gcc -c -g  -I../include/libmp3splt  conftest.c >&5
configure:4244: $? = 0
configure:4260: result: yes
configure:4217: checking for memory.h
configure:4238: gcc -c -g  -I../include/libmp3splt  conftest.c >&5
configure:4244: $? = 0
configure:4260: result: yes
configure:4217: checking for strings.h
configure:4238: gcc -c -g  -I../include/libmp3splt  conftest.c >&5
configure:4244: $? = 0
configure:4260: result: yes
configure:4217: checking for inttypes.h
configure:4238: gcc -c -g  -I../include/libmp3splt  conftest.c >&5
configure:4244: $? = 0
configure:4260: result: yes
configure:4217: checking for stdint.h
configure:4238: gcc -c -g  -I../include/libmp3splt  conftest.c >&5
configure:4244: $? = 0
configure:4260: result: yes
configure:4217: checking for unistd.h
configure:4238: gcc -c -g  -I../include/libmp3splt  conftest.c >&5
configure:4244: $? = 0
configure:4260: result: yes
configure:4272: checking whether byte ordering is bigendian
configure:4305: gcc -c -g  -I../include/libmp3splt  conftest.c >&5
configure:4311: $? = 0
configure:4343: gcc -c -g  -I../include/libmp3splt  conftest.c >&5
conftest.c: In function 'main':
conftest.c:27: error: 'not' undeclared (first use in this function)
conftest.c:27: error: (Each undeclared identifier is reported only once
conftest.c:27: error: for each function it appears in.)
conftest.c:27: error: expected ';' before 'big'
configure:4349: $? = 1
configure: failed program was:
| /* confdefs.h.  */
| #define PACKAGE_NAME "libmp3splt"
| #define PACKAGE_TARNAME "libmp3splt"
| #define PACKAGE_VERSION "0.5.2"
| #define PACKAGE_STRING "libmp3splt 0.5.2"
| #define PACKAGE_BUGREPORT "io_fx@yahoo.fr"
| #define PACKAGE "libmp3splt"
| #define VERSION "0.5.2"
| #define STDC_HEADERS 1
| #define HAVE_SYS_TYPES_H 1
| #define HAVE_SYS_STAT_H 1
| #define HAVE_STDLIB_H 1
| #define HAVE_STRING_H 1
| #define HAVE_MEMORY_H 1
| #define HAVE_STRINGS_H 1
| #define HAVE_INTTYPES_H 1
| #define HAVE_STDINT_H 1
| #define HAVE_UNISTD_H 1
| /* end confdefs.h.  */
| #include <sys/types.h>
| #include <sys/param.h>
| 
| int
| main ()
| {
| #if BYTE_ORDER != BIG_ENDIAN
|  not big endian
| #endif
| 
|   ;
|   return 0;
| }
configure:4489: result: no
configure:4508: checking for an ANSI C-conforming const
configure:4583: gcc -c -g  -I../include/libmp3splt  conftest.c >&5
configure:4589: $? = 0
configure:4604: result: yes
configure:4625: checking build system type
configure:4643: result: i386-apple-darwin10.3.3
configure:4665: checking host system type
configure:4680: result: i386-apple-darwin10.3.3
configure:4702: checking for fgrep
configure:4780: result: /usr/bin/grep -F
configure:4807: checking for a sed that does not truncate output
configure:4886: result: /usr/bin/sed
configure:4904: checking dynamic linker characteristics
configure:5583: result: darwin10.3.3 dyld
configure:5685: checking which extension is used for runtime loadable modules
configure:5695: result: .so
configure:5705: checking which variable specifies run-time module search path
configure:5712: result: DYLD_LIBRARY_PATH
configure:5722: checking for the default library search path
configure:5729: result: /usr/local/lib /lib /usr/lib
configure:5759: checking for library containing dlopen
configure:5800: gcc -o conftest -g  -I../include/libmp3splt   conftest.c  >&5
configure:5806: $? = 0
configure:5834: result: none required
configure:5982: checking for dlerror
configure:6038: gcc -o conftest -g  -I../include/libmp3splt   conftest.c   >&5
configure:6044: $? = 0
configure:6062: result: yes
configure:6077: checking for shl_load
configure:6133: gcc -o conftest -g  -I../include/libmp3splt   conftest.c  >&5
Undefined symbols:
  "_shl_load", referenced from:
      _main in ccY5Vri1.o
ld: symbol(s) not found
collect2: ld returned 1 exit status
configure:6139: $? = 1
configure: failed program was:
| /* confdefs.h.  */
| #define PACKAGE_NAME "libmp3splt"
| #define PACKAGE_TARNAME "libmp3splt"
| #define PACKAGE_VERSION "0.5.2"
| #define PACKAGE_STRING "libmp3splt 0.5.2"
| #define PACKAGE_BUGREPORT "io_fx@yahoo.fr"
| #define PACKAGE "libmp3splt"
| #define VERSION "0.5.2"
| #define STDC_HEADERS 1
| #define HAVE_SYS_TYPES_H 1
| #define HAVE_SYS_STAT_H 1
| #define HAVE_STDLIB_H 1
| #define HAVE_STRING_H 1
| #define HAVE_MEMORY_H 1
| #define HAVE_STRINGS_H 1
| #define HAVE_INTTYPES_H 1
| #define HAVE_STDINT_H 1
| #define HAVE_UNISTD_H 1
| #define LT_MODULE_EXT ".so"
| #define LT_MODULE_PATH_VAR "DYLD_LIBRARY_PATH"
| #define LT_DLSEARCH_PATH "/usr/local/lib:/lib:/usr/lib"
| #define HAVE_LIBDL 1
| #define HAVE_DLERROR 1
| /* end confdefs.h.  */
| /* Define shl_load to an innocuous variant, in case <limits.h> declares shl_load.
|    For example, HP-UX 11i <limits.h> declares gettimeofday.  */
| #define shl_load innocuous_shl_load
| 
| /* System header to define __stub macros and hopefully few prototypes,
|     which can conflict with char shl_load (); below.
|     Prefer <limits.h> to <assert.h> if __STDC__ is defined, since
|     <limits.h> exists even on freestanding compilers.  */
| 
| #ifdef __STDC__
| # include <limits.h>
| #else
| # include <assert.h>
| #endif
| 
| #undef shl_load
| 
| /* Override any GCC internal prototype to avoid an error.
|    Use char because int might match the return type of a GCC
|    builtin and then its argument prototype would still apply.  */
| #ifdef __cplusplus
| extern "C"
| #endif
| char shl_load ();
| /* The GNU C library defines this for functions which it implements
|     to always fail with ENOSYS.  Some functions are actually named
|     something starting with __ and the normal name is an alias.  */
| #if defined __stub_shl_load || defined __stub___shl_load
| choke me
| #endif
| 
| int
| main ()
| {
| return shl_load ();
|   ;
|   return 0;
| }
configure:6156: result: no
configure:6166: checking for shl_load in -ldld
configure:6201: gcc -o conftest -g  -I../include/libmp3splt   conftest.c -ldld   >&5
ld: library not found for -ldld
collect2: ld returned 1 exit status
configure:6207: $? = 1
configure: failed program was:
| /* confdefs.h.  */
| #define PACKAGE_NAME "libmp3splt"
| #define PACKAGE_TARNAME "libmp3splt"
| #define PACKAGE_VERSION "0.5.2"
| #define PACKAGE_STRING "libmp3splt 0.5.2"
| #define PACKAGE_BUGREPORT "io_fx@yahoo.fr"
| #define PACKAGE "libmp3splt"
| #define VERSION "0.5.2"
| #define STDC_HEADERS 1
| #define HAVE_SYS_TYPES_H 1
| #define HAVE_SYS_STAT_H 1
| #define HAVE_STDLIB_H 1
| #define HAVE_STRING_H 1
| #define HAVE_MEMORY_H 1
| #define HAVE_STRINGS_H 1
| #define HAVE_INTTYPES_H 1
| #define HAVE_STDINT_H 1
| #define HAVE_UNISTD_H 1
| #define LT_MODULE_EXT ".so"
| #define LT_MODULE_PATH_VAR "DYLD_LIBRARY_PATH"
| #define LT_DLSEARCH_PATH "/usr/local/lib:/lib:/usr/lib"
| #define HAVE_LIBDL 1
| #define HAVE_DLERROR 1
| /* end confdefs.h.  */
| 
| /* Override any GCC internal prototype to avoid an error.
|    Use char because int might match the return type of a GCC
|    builtin and then its argument prototype would still apply.  */
| #ifdef __cplusplus
| extern "C"
| #endif
| char shl_load ();
| int
| main ()
| {
| return shl_load ();
|   ;
|   return 0;
| }
configure:6225: result: no
configure:6412: checking for dld_link in -ldld
configure:6447: gcc -o conftest -g  -I../include/libmp3splt   conftest.c -ldld   >&5
ld: library not found for -ldld
collect2: ld returned 1 exit status
configure:6453: $? = 1
configure: failed program was:
| /* confdefs.h.  */
| #define PACKAGE_NAME "libmp3splt"
| #define PACKAGE_TARNAME "libmp3splt"
| #define PACKAGE_VERSION "0.5.2"
| #define PACKAGE_STRING "libmp3splt 0.5.2"
| #define PACKAGE_BUGREPORT "io_fx@yahoo.fr"
| #define PACKAGE "libmp3splt"
| #define VERSION "0.5.2"
| #define STDC_HEADERS 1
| #define HAVE_SYS_TYPES_H 1
| #define HAVE_SYS_STAT_H 1
| #define HAVE_STDLIB_H 1
| #define HAVE_STRING_H 1
| #define HAVE_MEMORY_H 1
| #define HAVE_STRINGS_H 1
| #define HAVE_INTTYPES_H 1
| #define HAVE_STDINT_H 1
| #define HAVE_UNISTD_H 1
| #define LT_MODULE_EXT ".so"
| #define LT_MODULE_PATH_VAR "DYLD_LIBRARY_PATH"
| #define LT_DLSEARCH_PATH "/usr/local/lib:/lib:/usr/lib"
| #define HAVE_LIBDL 1
| #define HAVE_DLERROR 1
| /* end confdefs.h.  */
| 
| /* Override any GCC internal prototype to avoid an error.
|    Use char because int might match the return type of a GCC
|    builtin and then its argument prototype would still apply.  */
| #ifdef __cplusplus
| extern "C"
| #endif
| char dld_link ();
| int
| main ()
| {
| return dld_link ();
|   ;
|   return 0;
| }
configure:6471: result: no
configure:6509: checking for BSD- or MS-compatible name lister (nm)
configure:6558: result: /usr/bin/nm
configure:6680: checking the name lister (/usr/bin/nm) interface
configure:6687: gcc -c -g  -I../include/libmp3splt  conftest.c >&5
configure:6690: /usr/bin/nm "conftest.o"
configure:6693: output
0000000000000190 D _some_variable
configure:6700: result: BSD nm
configure:6715: checking for ld used by gcc
configure:6782: result: /usr/libexec/gcc/i686-apple-darwin10/4.2.1/ld
configure:6791: checking if the linker (/usr/libexec/gcc/i686-apple-darwin10/4.2.1/ld) is GNU ld
configure:6806: result: no
configure:6847: checking command to parse /usr/bin/nm output from gcc object
configure:6965: gcc -c -g  -I../include/libmp3splt  conftest.c >&5
configure:6968: $? = 0
configure:6972: /usr/bin/nm conftest.o \| sed -n -e 's/^.*[	 ]\([BCDEGRST][BCDEGRST]*\)[	 ][	 ]*\([_A-Za-z][_A-Za-z0-9]*\)$/\1 \2 \2/p' \> conftest.nm
configure:6975: $? = 0
cannot find nm_test_var in conftest.nm
configure:6965: gcc -c -g  -I../include/libmp3splt  conftest.c >&5
configure:6968: $? = 0
configure:6972: /usr/bin/nm conftest.o \| sed -n -e 's/^.*[	 ]\([BCDEGRST][BCDEGRST]*\)[	 ][	 ]*_\([_A-Za-z][_A-Za-z0-9]*\)$/\1 _\2 \2/p' \> conftest.nm
configure:6975: $? = 0
configure:7029: gcc -o conftest -g  -I../include/libmp3splt   conftest.c conftstm.o >&5
configure:7032: $? = 0
configure:7070: result: ok
configure:7095: checking for _ prefix in compiled symbols
configure:7105: gcc -c -g  -I../include/libmp3splt  conftest.c >&5
configure:7108: $? = 0
configure:7112: /usr/bin/nm conftest.o \| sed -n -e 's/^.*[	 ]\([BCDEGRST][BCDEGRST]*\)[	 ][	 ]*_\([_A-Za-z][_A-Za-z0-9]*\)$/\1 _\2 \2/p' \> conftest.nm
configure:7115: $? = 0
configure:7137: result: yes
configure:7146: checking for dlfcn.h
configure:7167: gcc -c -g  -I../include/libmp3splt  conftest.c >&5
configure:7173: $? = 0
configure:7189: result: yes
configure:7203: checking whether we have to add an underscore for dlsym
configure:7280: gcc -o conftest -g  -I../include/libmp3splt   conftest.c   >&5
configure: In function 'main':
configure:7276: warning: incompatible implicit declaration of built-in function 'exit'
configure:7283: $? = 0
configure:7302: result: no
configure:7315: checking whether deplibs are loaded by dlopen
configure:7409: result: yes
configure:7425: checking for argz.h
configure:7446: gcc -c -g  -I../include/libmp3splt  conftest.c >&5
conftest.c:61:18: error: argz.h: No such file or directory
configure:7452: $? = 1
configure: failed program was:
| /* confdefs.h.  */
| #define PACKAGE_NAME "libmp3splt"
| #define PACKAGE_TARNAME "libmp3splt"
| #define PACKAGE_VERSION "0.5.2"
| #define PACKAGE_STRING "libmp3splt 0.5.2"
| #define PACKAGE_BUGREPORT "io_fx@yahoo.fr"
| #define PACKAGE "libmp3splt"
| #define VERSION "0.5.2"
| #define STDC_HEADERS 1
| #define HAVE_SYS_TYPES_H 1
| #define HAVE_SYS_STAT_H 1
| #define HAVE_STDLIB_H 1
| #define HAVE_STRING_H 1
| #define HAVE_MEMORY_H 1
| #define HAVE_STRINGS_H 1
| #define HAVE_INTTYPES_H 1
| #define HAVE_STDINT_H 1
| #define HAVE_UNISTD_H 1
| #define LT_MODULE_EXT ".so"
| #define LT_MODULE_PATH_VAR "DYLD_LIBRARY_PATH"
| #define LT_DLSEARCH_PATH "/usr/local/lib:/lib:/usr/lib"
| #define HAVE_LIBDL 1
| #define HAVE_DLERROR 1
| #define HAVE_LIBDLLOADER 1
| #define HAVE_DLFCN_H 1
| /* end confdefs.h.  */
| #include <stdio.h>
| #ifdef HAVE_SYS_TYPES_H
| # include <sys/types.h>
| #endif
| #ifdef HAVE_SYS_STAT_H
| # include <sys/stat.h>
| #endif
| #ifdef STDC_HEADERS
| # include <stdlib.h>
| # include <stddef.h>
| #else
| # ifdef HAVE_STDLIB_H
| #  include <stdlib.h>
| # endif
| #endif
| #ifdef HAVE_STRING_H
| # if !defined STDC_HEADERS && defined HAVE_MEMORY_H
| #  include <memory.h>
| # endif
| # include <string.h>
| #endif
| #ifdef HAVE_STRINGS_H
| # include <strings.h>
| #endif
| #ifdef HAVE_INTTYPES_H
| # include <inttypes.h>
| #endif
| #ifdef HAVE_STDINT_H
| # include <stdint.h>
| #endif
| #ifdef HAVE_UNISTD_H
| # include <unistd.h>
| #endif
| 
| #include <argz.h>
configure:7468: result: no
configure:7480: checking for error_t
configure:7513: gcc -c -g  -I../include/libmp3splt  conftest.c >&5
conftest.c:31: error: expected '=', ',', ';', 'asm' or '__attribute__' before 'ac__type_new_'
conftest.c: In function 'main':
conftest.c:35: error: 'ac__type_new_' undeclared (first use in this function)
conftest.c:35: error: (Each undeclared identifier is reported only once
conftest.c:35: error: for each function it appears in.)
conftest.c:35: error: expected expression before ')' token
configure:7519: $? = 1
configure: failed program was:
| /* confdefs.h.  */
| #define PACKAGE_NAME "libmp3splt"
| #define PACKAGE_TARNAME "libmp3splt"
| #define PACKAGE_VERSION "0.5.2"
| #define PACKAGE_STRING "libmp3splt 0.5.2"
| #define PACKAGE_BUGREPORT "io_fx@yahoo.fr"
| #define PACKAGE "libmp3splt"
| #define VERSION "0.5.2"
| #define STDC_HEADERS 1
| #define HAVE_SYS_TYPES_H 1
| #define HAVE_SYS_STAT_H 1
| #define HAVE_STDLIB_H 1
| #define HAVE_STRING_H 1
| #define HAVE_MEMORY_H 1
| #define HAVE_STRINGS_H 1
| #define HAVE_INTTYPES_H 1
| #define HAVE_STDINT_H 1
| #define HAVE_UNISTD_H 1
| #define LT_MODULE_EXT ".so"
| #define LT_MODULE_PATH_VAR "DYLD_LIBRARY_PATH"
| #define LT_DLSEARCH_PATH "/usr/local/lib:/lib:/usr/lib"
| #define HAVE_LIBDL 1
| #define HAVE_DLERROR 1
| #define HAVE_LIBDLLOADER 1
| #define HAVE_DLFCN_H 1
| /* end confdefs.h.  */
| #if defined(HAVE_ARGZ_H)
| #  include <argz.h>
| #endif
| 
| typedef error_t ac__type_new_;
| int
| main ()
| {
| if ((ac__type_new_ *) 0)
|   return 0;
| if (sizeof (ac__type_new_))
|   return 0;
|   ;
|   return 0;
| }
configure:7534: result: no
configure:7569: checking for argz_add
configure:7625: gcc -o conftest -g  -I../include/libmp3splt   conftest.c  >&5
Undefined symbols:
  "_argz_add", referenced from:
      _main in ccmiQqZ0.o
ld: symbol(s) not found
collect2: ld returned 1 exit status
configure:7631: $? = 1
configure: failed program was:
| /* confdefs.h.  */
| #define PACKAGE_NAME "libmp3splt"
| #define PACKAGE_TARNAME "libmp3splt"
| #define PACKAGE_VERSION "0.5.2"
| #define PACKAGE_STRING "libmp3splt 0.5.2"
| #define PACKAGE_BUGREPORT "io_fx@yahoo.fr"
| #define PACKAGE "libmp3splt"
| #define VERSION "0.5.2"
| #define STDC_HEADERS 1
| #define HAVE_SYS_TYPES_H 1
| #define HAVE_SYS_STAT_H 1
| #define HAVE_STDLIB_H 1
| #define HAVE_STRING_H 1
| #define HAVE_MEMORY_H 1
| #define HAVE_STRINGS_H 1
| #define HAVE_INTTYPES_H 1
| #define HAVE_STDINT_H 1
| #define HAVE_UNISTD_H 1
| #define LT_MODULE_EXT ".so"
| #define LT_MODULE_PATH_VAR "DYLD_LIBRARY_PATH"
| #define LT_DLSEARCH_PATH "/usr/local/lib:/lib:/usr/lib"
| #define HAVE_LIBDL 1
| #define HAVE_DLERROR 1
| #define HAVE_LIBDLLOADER 1
| #define HAVE_DLFCN_H 1
| #define error_t int
| #define __error_t_defined 1
| /* end confdefs.h.  */
| /* Define argz_add to an innocuous variant, in case <limits.h> declares argz_add.
|    For example, HP-UX 11i <limits.h> declares gettimeofday.  */
| #define argz_add innocuous_argz_add
| 
| /* System header to define __stub macros and hopefully few prototypes,
|     which can conflict with char argz_add (); below.
|     Prefer <limits.h> to <assert.h> if __STDC__ is defined, since
|     <limits.h> exists even on freestanding compilers.  */
| 
| #ifdef __STDC__
| # include <limits.h>
| #else
| # include <assert.h>
| #endif
| 
| #undef argz_add
| 
| /* Override any GCC internal prototype to avoid an error.
|    Use char because int might match the return type of a GCC
|    builtin and then its argument prototype would still apply.  */
| #ifdef __cplusplus
| extern "C"
| #endif
| char argz_add ();
| /* The GNU C library defines this for functions which it implements
|     to always fail with ENOSYS.  Some functions are actually named
|     something starting with __ and the normal name is an alias.  */
| #if defined __stub_argz_add || defined __stub___argz_add
| choke me
| #endif
| 
| int
| main ()
| {
| return argz_add ();
|   ;
|   return 0;
| }
configure:7649: result: no
configure:7569: checking for argz_append
configure:7625: gcc -o conftest -g  -I../include/libmp3splt   conftest.c  >&5
Undefined symbols:
  "_argz_append", referenced from:
      _main in cc6e32pg.o
ld: symbol(s) not found
collect2: ld returned 1 exit status
configure:7631: $? = 1
configure: failed program was:
| /* confdefs.h.  */
| #define PACKAGE_NAME "libmp3splt"
| #define PACKAGE_TARNAME "libmp3splt"
| #define PACKAGE_VERSION "0.5.2"
| #define PACKAGE_STRING "libmp3splt 0.5.2"
| #define PACKAGE_BUGREPORT "io_fx@yahoo.fr"
| #define PACKAGE "libmp3splt"
| #define VERSION "0.5.2"
| #define STDC_HEADERS 1
| #define HAVE_SYS_TYPES_H 1
| #define HAVE_SYS_STAT_H 1
| #define HAVE_STDLIB_H 1
| #define HAVE_STRING_H 1
| #define HAVE_MEMORY_H 1
| #define HAVE_STRINGS_H 1
| #define HAVE_INTTYPES_H 1
| #define HAVE_STDINT_H 1
| #define HAVE_UNISTD_H 1
| #define LT_MODULE_EXT ".so"
| #define LT_MODULE_PATH_VAR "DYLD_LIBRARY_PATH"
| #define LT_DLSEARCH_PATH "/usr/local/lib:/lib:/usr/lib"
| #define HAVE_LIBDL 1
| #define HAVE_DLERROR 1
| #define HAVE_LIBDLLOADER 1
| #define HAVE_DLFCN_H 1
| #define error_t int
| #define __error_t_defined 1
| /* end confdefs.h.  */
| /* Define argz_append to an innocuous variant, in case <limits.h> declares argz_append.
|    For example, HP-UX 11i <limits.h> declares gettimeofday.  */
| #define argz_append innocuous_argz_append
| 
| /* System header to define __stub macros and hopefully few prototypes,
|     which can conflict with char argz_append (); below.
|     Prefer <limits.h> to <assert.h> if __STDC__ is defined, since
|     <limits.h> exists even on freestanding compilers.  */
| 
| #ifdef __STDC__
| # include <limits.h>
| #else
| # include <assert.h>
| #endif
| 
| #undef argz_append
| 
| /* Override any GCC internal prototype to avoid an error.
|    Use char because int might match the return type of a GCC
|    builtin and then its argument prototype would still apply.  */
| #ifdef __cplusplus
| extern "C"
| #endif
| char argz_append ();
| /* The GNU C library defines this for functions which it implements
|     to always fail with ENOSYS.  Some functions are actually named
|     something starting with __ and the normal name is an alias.  */
| #if defined __stub_argz_append || defined __stub___argz_append
| choke me
| #endif
| 
| int
| main ()
| {
| return argz_append ();
|   ;
|   return 0;
| }
configure:7649: result: no
configure:7569: checking for argz_count
configure:7625: gcc -o conftest -g  -I../include/libmp3splt   conftest.c  >&5
Undefined symbols:
  "_argz_count", referenced from:
      _main in ccP0FWpb.o
ld: symbol(s) not found
collect2: ld returned 1 exit status
configure:7631: $? = 1
configure: failed program was:
| /* confdefs.h.  */
| #define PACKAGE_NAME "libmp3splt"
| #define PACKAGE_TARNAME "libmp3splt"
| #define PACKAGE_VERSION "0.5.2"
| #define PACKAGE_STRING "libmp3splt 0.5.2"
| #define PACKAGE_BUGREPORT "io_fx@yahoo.fr"
| #define PACKAGE "libmp3splt"
| #define VERSION "0.5.2"
| #define STDC_HEADERS 1
| #define HAVE_SYS_TYPES_H 1
| #define HAVE_SYS_STAT_H 1
| #define HAVE_STDLIB_H 1
| #define HAVE_STRING_H 1
| #define HAVE_MEMORY_H 1
| #define HAVE_STRINGS_H 1
| #define HAVE_INTTYPES_H 1
| #define HAVE_STDINT_H 1
| #define HAVE_UNISTD_H 1
| #define LT_MODULE_EXT ".so"
| #define LT_MODULE_PATH_VAR "DYLD_LIBRARY_PATH"
| #define LT_DLSEARCH_PATH "/usr/local/lib:/lib:/usr/lib"
| #define HAVE_LIBDL 1
| #define HAVE_DLERROR 1
| #define HAVE_LIBDLLOADER 1
| #define HAVE_DLFCN_H 1
| #define error_t int
| #define __error_t_defined 1
| /* end confdefs.h.  */
| /* Define argz_count to an innocuous variant, in case <limits.h> declares argz_count.
|    For example, HP-UX 11i <limits.h> declares gettimeofday.  */
| #define argz_count innocuous_argz_count
| 
| /* System header to define __stub macros and hopefully few prototypes,
|     which can conflict with char argz_count (); below.
|     Prefer <limits.h> to <assert.h> if __STDC__ is defined, since
|     <limits.h> exists even on freestanding compilers.  */
| 
| #ifdef __STDC__
| # include <limits.h>
| #else
| # include <assert.h>
| #endif
| 
| #undef argz_count
| 
| /* Override any GCC internal prototype to avoid an error.
|    Use char because int might match the return type of a GCC
|    builtin and then its argument prototype would still apply.  */
| #ifdef __cplusplus
| extern "C"
| #endif
| char argz_count ();
| /* The GNU C library defines this for functions which it implements
|     to always fail with ENOSYS.  Some functions are actually named
|     something starting with __ and the normal name is an alias.  */
| #if defined __stub_argz_count || defined __stub___argz_count
| choke me
| #endif
| 
| int
| main ()
| {
| return argz_count ();
|   ;
|   return 0;
| }
configure:7649: result: no
configure:7569: checking for argz_create_sep
configure:7625: gcc -o conftest -g  -I../include/libmp3splt   conftest.c  >&5
Undefined symbols:
  "_argz_create_sep", referenced from:
      _main in ccoS7JBz.o
ld: symbol(s) not found
collect2: ld returned 1 exit status
configure:7631: $? = 1
configure: failed program was:
| /* confdefs.h.  */
| #define PACKAGE_NAME "libmp3splt"
| #define PACKAGE_TARNAME "libmp3splt"
| #define PACKAGE_VERSION "0.5.2"
| #define PACKAGE_STRING "libmp3splt 0.5.2"
| #define PACKAGE_BUGREPORT "io_fx@yahoo.fr"
| #define PACKAGE "libmp3splt"
| #define VERSION "0.5.2"
| #define STDC_HEADERS 1
| #define HAVE_SYS_TYPES_H 1
| #define HAVE_SYS_STAT_H 1
| #define HAVE_STDLIB_H 1
| #define HAVE_STRING_H 1
| #define HAVE_MEMORY_H 1
| #define HAVE_STRINGS_H 1
| #define HAVE_INTTYPES_H 1
| #define HAVE_STDINT_H 1
| #define HAVE_UNISTD_H 1
| #define LT_MODULE_EXT ".so"
| #define LT_MODULE_PATH_VAR "DYLD_LIBRARY_PATH"
| #define LT_DLSEARCH_PATH "/usr/local/lib:/lib:/usr/lib"
| #define HAVE_LIBDL 1
| #define HAVE_DLERROR 1
| #define HAVE_LIBDLLOADER 1
| #define HAVE_DLFCN_H 1
| #define error_t int
| #define __error_t_defined 1
| /* end confdefs.h.  */
| /* Define argz_create_sep to an innocuous variant, in case <limits.h> declares argz_create_sep.
|    For example, HP-UX 11i <limits.h> declares gettimeofday.  */
| #define argz_create_sep innocuous_argz_create_sep
| 
| /* System header to define __stub macros and hopefully few prototypes,
|     which can conflict with char argz_create_sep (); below.
|     Prefer <limits.h> to <assert.h> if __STDC__ is defined, since
|     <limits.h> exists even on freestanding compilers.  */
| 
| #ifdef __STDC__
| # include <limits.h>
| #else
| # include <assert.h>
| #endif
| 
| #undef argz_create_sep
| 
| /* Override any GCC internal prototype to avoid an error.
|    Use char because int might match the return type of a GCC
|    builtin and then its argument prototype would still apply.  */
| #ifdef __cplusplus
| extern "C"
| #endif
| char argz_create_sep ();
| /* The GNU C library defines this for functions which it implements
|     to always fail with ENOSYS.  Some functions are actually named
|     something starting with __ and the normal name is an alias.  */
| #if defined __stub_argz_create_sep || defined __stub___argz_create_sep
| choke me
| #endif
| 
| int
| main ()
| {
| return argz_create_sep ();
|   ;
|   return 0;
| }
configure:7649: result: no
configure:7569: checking for argz_insert
configure:7625: gcc -o conftest -g  -I../include/libmp3splt   conftest.c  >&5
Undefined symbols:
  "_argz_insert", referenced from:
      _main in ccZ4eaFo.o
ld: symbol(s) not found
collect2: ld returned 1 exit status
configure:7631: $? = 1
configure: failed program was:
| /* confdefs.h.  */
| #define PACKAGE_NAME "libmp3splt"
| #define PACKAGE_TARNAME "libmp3splt"
| #define PACKAGE_VERSION "0.5.2"
| #define PACKAGE_STRING "libmp3splt 0.5.2"
| #define PACKAGE_BUGREPORT "io_fx@yahoo.fr"
| #define PACKAGE "libmp3splt"
| #define VERSION "0.5.2"
| #define STDC_HEADERS 1
| #define HAVE_SYS_TYPES_H 1
| #define HAVE_SYS_STAT_H 1
| #define HAVE_STDLIB_H 1
| #define HAVE_STRING_H 1
| #define HAVE_MEMORY_H 1
| #define HAVE_STRINGS_H 1
| #define HAVE_INTTYPES_H 1
| #define HAVE_STDINT_H 1
| #define HAVE_UNISTD_H 1
| #define LT_MODULE_EXT ".so"
| #define LT_MODULE_PATH_VAR "DYLD_LIBRARY_PATH"
| #define LT_DLSEARCH_PATH "/usr/local/lib:/lib:/usr/lib"
| #define HAVE_LIBDL 1
| #define HAVE_DLERROR 1
| #define HAVE_LIBDLLOADER 1
| #define HAVE_DLFCN_H 1
| #define error_t int
| #define __error_t_defined 1
| /* end confdefs.h.  */
| /* Define argz_insert to an innocuous variant, in case <limits.h> declares argz_insert.
|    For example, HP-UX 11i <limits.h> declares gettimeofday.  */
| #define argz_insert innocuous_argz_insert
| 
| /* System header to define __stub macros and hopefully few prototypes,
|     which can conflict with char argz_insert (); below.
|     Prefer <limits.h> to <assert.h> if __STDC__ is defined, since
|     <limits.h> exists even on freestanding compilers.  */
| 
| #ifdef __STDC__
| # include <limits.h>
| #else
| # include <assert.h>
| #endif
| 
| #undef argz_insert
| 
| /* Override any GCC internal prototype to avoid an error.
|    Use char because int might match the return type of a GCC
|    builtin and then its argument prototype would still apply.  */
| #ifdef __cplusplus
| extern "C"
| #endif
| char argz_insert ();
| /* The GNU C library defines this for functions which it implements
|     to always fail with ENOSYS.  Some functions are actually named
|     something starting with __ and the normal name is an alias.  */
| #if defined __stub_argz_insert || defined __stub___argz_insert
| choke me
| #endif
| 
| int
| main ()
| {
| return argz_insert ();
|   ;
|   return 0;
| }
configure:7649: result: no
configure:7569: checking for argz_next
configure:7625: gcc -o conftest -g  -I../include/libmp3splt   conftest.c  >&5
Undefined symbols:
  "_argz_next", referenced from:
      _main in ccKoI4u3.o
ld: symbol(s) not found
collect2: ld returned 1 exit status
configure:7631: $? = 1
configure: failed program was:
| /* confdefs.h.  */
| #define PACKAGE_NAME "libmp3splt"
| #define PACKAGE_TARNAME "libmp3splt"
| #define PACKAGE_VERSION "0.5.2"
| #define PACKAGE_STRING "libmp3splt 0.5.2"
| #define PACKAGE_BUGREPORT "io_fx@yahoo.fr"
| #define PACKAGE "libmp3splt"
| #define VERSION "0.5.2"
| #define STDC_HEADERS 1
| #define HAVE_SYS_TYPES_H 1
| #define HAVE_SYS_STAT_H 1
| #define HAVE_STDLIB_H 1
| #define HAVE_STRING_H 1
| #define HAVE_MEMORY_H 1
| #define HAVE_STRINGS_H 1
| #define HAVE_INTTYPES_H 1
| #define HAVE_STDINT_H 1
| #define HAVE_UNISTD_H 1
| #define LT_MODULE_EXT ".so"
| #define LT_MODULE_PATH_VAR "DYLD_LIBRARY_PATH"
| #define LT_DLSEARCH_PATH "/usr/local/lib:/lib:/usr/lib"
| #define HAVE_LIBDL 1
| #define HAVE_DLERROR 1
| #define HAVE_LIBDLLOADER 1
| #define HAVE_DLFCN_H 1
| #define error_t int
| #define __error_t_defined 1
| /* end confdefs.h.  */
| /* Define argz_next to an innocuous variant, in case <limits.h> declares argz_next.
|    For example, HP-UX 11i <limits.h> declares gettimeofday.  */
| #define argz_next innocuous_argz_next
| 
| /* System header to define __stub macros and hopefully few prototypes,
|     which can conflict with char argz_next (); below.
|     Prefer <limits.h> to <assert.h> if __STDC__ is defined, since
|     <limits.h> exists even on freestanding compilers.  */
| 
| #ifdef __STDC__
| # include <limits.h>
| #else
| # include <assert.h>
| #endif
| 
| #undef argz_next
| 
| /* Override any GCC internal prototype to avoid an error.
|    Use char because int might match the return type of a GCC
|    builtin and then its argument prototype would still apply.  */
| #ifdef __cplusplus
| extern "C"
| #endif
| char argz_next ();
| /* The GNU C library defines this for functions which it implements
|     to always fail with ENOSYS.  Some functions are actually named
|     something starting with __ and the normal name is an alias.  */
| #if defined __stub_argz_next || defined __stub___argz_next
| choke me
| #endif
| 
| int
| main ()
| {
| return argz_next ();
|   ;
|   return 0;
| }
configure:7649: result: no
configure:7569: checking for argz_stringify
configure:7625: gcc -o conftest -g  -I../include/libmp3splt   conftest.c  >&5
Undefined symbols:
  "_argz_stringify", referenced from:
      _main in ccHQAIp8.o
ld: symbol(s) not found
collect2: ld returned 1 exit status
configure:7631: $? = 1
configure: failed program was:
| /* confdefs.h.  */
| #define PACKAGE_NAME "libmp3splt"
| #define PACKAGE_TARNAME "libmp3splt"
| #define PACKAGE_VERSION "0.5.2"
| #define PACKAGE_STRING "libmp3splt 0.5.2"
| #define PACKAGE_BUGREPORT "io_fx@yahoo.fr"
| #define PACKAGE "libmp3splt"
| #define VERSION "0.5.2"
| #define STDC_HEADERS 1
| #define HAVE_SYS_TYPES_H 1
| #define HAVE_SYS_STAT_H 1
| #define HAVE_STDLIB_H 1
| #define HAVE_STRING_H 1
| #define HAVE_MEMORY_H 1
| #define HAVE_STRINGS_H 1
| #define HAVE_INTTYPES_H 1
| #define HAVE_STDINT_H 1
| #define HAVE_UNISTD_H 1
| #define LT_MODULE_EXT ".so"
| #define LT_MODULE_PATH_VAR "DYLD_LIBRARY_PATH"
| #define LT_DLSEARCH_PATH "/usr/local/lib:/lib:/usr/lib"
| #define HAVE_LIBDL 1
| #define HAVE_DLERROR 1
| #define HAVE_LIBDLLOADER 1
| #define HAVE_DLFCN_H 1
| #define error_t int
| #define __error_t_defined 1
| /* end confdefs.h.  */
| /* Define argz_stringify to an innocuous variant, in case <limits.h> declares argz_stringify.
|    For example, HP-UX 11i <limits.h> declares gettimeofday.  */
| #define argz_stringify innocuous_argz_stringify
| 
| /* System header to define __stub macros and hopefully few prototypes,
|     which can conflict with char argz_stringify (); below.
|     Prefer <limits.h> to <assert.h> if __STDC__ is defined, since
|     <limits.h> exists even on freestanding compilers.  */
| 
| #ifdef __STDC__
| # include <limits.h>
| #else
| # include <assert.h>
| #endif
| 
| #undef argz_stringify
| 
| /* Override any GCC internal prototype to avoid an error.
|    Use char because int might match the return type of a GCC
|    builtin and then its argument prototype would still apply.  */
| #ifdef __cplusplus
| extern "C"
| #endif
| char argz_stringify ();
| /* The GNU C library defines this for functions which it implements
|     to always fail with ENOSYS.  Some functions are actually named
|     something starting with __ and the normal name is an alias.  */
| #if defined __stub_argz_stringify || defined __stub___argz_stringify
| choke me
| #endif
| 
| int
| main ()
| {
| return argz_stringify ();
|   ;
|   return 0;
| }
configure:7649: result: no
configure:7726: checking for objdir
configure:7741: result: .libs
configure:7754: checking whether libtool supports -dlopen/-dlpreopen
configure:7766: result: yes
configure:7798: checking for ltdl.h
configure:7820: gcc -c -g  -I../include/libmp3splt  conftest.c >&5
configure:7826: $? = 0
configure:7841: result: yes
configure:7844: checking whether lt_dlinterface_register is declared
configure:7875: gcc -c -g  -I../include/libmp3splt  conftest.c >&5
configure:7881: $? = 0
configure:7896: result: yes
configure:7899: checking for lt_dlinterface_register in -lltdl
configure:7934: gcc -o conftest -g  -I../include/libmp3splt   conftest.c -lltdl   >&5
configure:7940: $? = 0
configure:7958: result: yes
configure:8068: checking where to find libltdl headers
configure:8070: result: 
configure:8072: checking where to find libltdl library
configure:8074: result: -lltdl
configure:8140: checking for unistd.h
configure:8183: result: yes
configure:8140: checking for dl.h
configure:8161: gcc -c -g  -I../include/libmp3splt  conftest.c >&5
conftest.c:67:16: error: dl.h: No such file or directory
configure:8167: $? = 1
configure: failed program was:
| /* confdefs.h.  */
| #define PACKAGE_NAME "libmp3splt"
| #define PACKAGE_TARNAME "libmp3splt"
| #define PACKAGE_VERSION "0.5.2"
| #define PACKAGE_STRING "libmp3splt 0.5.2"
| #define PACKAGE_BUGREPORT "io_fx@yahoo.fr"
| #define PACKAGE "libmp3splt"
| #define VERSION "0.5.2"
| #define STDC_HEADERS 1
| #define HAVE_SYS_TYPES_H 1
| #define HAVE_SYS_STAT_H 1
| #define HAVE_STDLIB_H 1
| #define HAVE_STRING_H 1
| #define HAVE_MEMORY_H 1
| #define HAVE_STRINGS_H 1
| #define HAVE_INTTYPES_H 1
| #define HAVE_STDINT_H 1
| #define HAVE_UNISTD_H 1
| #define LT_MODULE_EXT ".so"
| #define LT_MODULE_PATH_VAR "DYLD_LIBRARY_PATH"
| #define LT_DLSEARCH_PATH "/usr/local/lib:/lib:/usr/lib"
| #define HAVE_LIBDL 1
| #define HAVE_DLERROR 1
| #define HAVE_LIBDLLOADER 1
| #define HAVE_DLFCN_H 1
| #define error_t int
| #define __error_t_defined 1
| #define LT_OBJDIR ".libs/"
| #define HAVE_PRELOADED_SYMBOLS 1
| #define HAVE_LTDL 1
| #define HAVE_UNISTD_H 1
| /* end confdefs.h.  */
| #include <stdio.h>
| #ifdef HAVE_SYS_TYPES_H
| # include <sys/types.h>
| #endif
| #ifdef HAVE_SYS_STAT_H
| # include <sys/stat.h>
| #endif
| #ifdef STDC_HEADERS
| # include <stdlib.h>
| # include <stddef.h>
| #else
| # ifdef HAVE_STDLIB_H
| #  include <stdlib.h>
| # endif
| #endif
| #ifdef HAVE_STRING_H
| # if !defined STDC_HEADERS && defined HAVE_MEMORY_H
| #  include <memory.h>
| # endif
| # include <string.h>
| #endif
| #ifdef HAVE_STRINGS_H
| # include <strings.h>
| #endif
| #ifdef HAVE_INTTYPES_H
| # include <inttypes.h>
| #endif
| #ifdef HAVE_STDINT_H
| # include <stdint.h>
| #endif
| #ifdef HAVE_UNISTD_H
| # include <unistd.h>
| #endif
| 
| #include <dl.h>
configure:8183: result: no
configure:8140: checking for sys/dl.h
configure:8161: gcc -c -g  -I../include/libmp3splt  conftest.c >&5
conftest.c:67:20: error: sys/dl.h: No such file or directory
configure:8167: $? = 1
configure: failed program was:
| /* confdefs.h.  */
| #define PACKAGE_NAME "libmp3splt"
| #define PACKAGE_TARNAME "libmp3splt"
| #define PACKAGE_VERSION "0.5.2"
| #define PACKAGE_STRING "libmp3splt 0.5.2"
| #define PACKAGE_BUGREPORT "io_fx@yahoo.fr"
| #define PACKAGE "libmp3splt"
| #define VERSION "0.5.2"
| #define STDC_HEADERS 1
| #define HAVE_SYS_TYPES_H 1
| #define HAVE_SYS_STAT_H 1
| #define HAVE_STDLIB_H 1
| #define HAVE_STRING_H 1
| #define HAVE_MEMORY_H 1
| #define HAVE_STRINGS_H 1
| #define HAVE_INTTYPES_H 1
| #define HAVE_STDINT_H 1
| #define HAVE_UNISTD_H 1
| #define LT_MODULE_EXT ".so"
| #define LT_MODULE_PATH_VAR "DYLD_LIBRARY_PATH"
| #define LT_DLSEARCH_PATH "/usr/local/lib:/lib:/usr/lib"
| #define HAVE_LIBDL 1
| #define HAVE_DLERROR 1
| #define HAVE_LIBDLLOADER 1
| #define HAVE_DLFCN_H 1
| #define error_t int
| #define __error_t_defined 1
| #define LT_OBJDIR ".libs/"
| #define HAVE_PRELOADED_SYMBOLS 1
| #define HAVE_LTDL 1
| #define HAVE_UNISTD_H 1
| /* end confdefs.h.  */
| #include <stdio.h>
| #ifdef HAVE_SYS_TYPES_H
| # include <sys/types.h>
| #endif
| #ifdef HAVE_SYS_STAT_H
| # include <sys/stat.h>
| #endif
| #ifdef STDC_HEADERS
| # include <stdlib.h>
| # include <stddef.h>
| #else
| # ifdef HAVE_STDLIB_H
| #  include <stdlib.h>
| # endif
| #endif
| #ifdef HAVE_STRING_H
| # if !defined STDC_HEADERS && defined HAVE_MEMORY_H
| #  include <memory.h>
| # endif
| # include <string.h>
| #endif
| #ifdef HAVE_STRINGS_H
| # include <strings.h>
| #endif
| #ifdef HAVE_INTTYPES_H
| # include <inttypes.h>
| #endif
| #ifdef HAVE_STDINT_H
| # include <stdint.h>
| #endif
| #ifdef HAVE_UNISTD_H
| # include <unistd.h>
| #endif
| 
| #include <sys/dl.h>
configure:8183: result: no
configure:8140: checking for dld.h
configure:8161: gcc -c -g  -I../include/libmp3splt  conftest.c >&5
conftest.c:67:17: error: dld.h: No such file or directory
configure:8167: $? = 1
configure: failed program was:
| /* confdefs.h.  */
| #define PACKAGE_NAME "libmp3splt"
| #define PACKAGE_TARNAME "libmp3splt"
| #define PACKAGE_VERSION "0.5.2"
| #define PACKAGE_STRING "libmp3splt 0.5.2"
| #define PACKAGE_BUGREPORT "io_fx@yahoo.fr"
| #define PACKAGE "libmp3splt"
| #define VERSION "0.5.2"
| #define STDC_HEADERS 1
| #define HAVE_SYS_TYPES_H 1
| #define HAVE_SYS_STAT_H 1
| #define HAVE_STDLIB_H 1
| #define HAVE_STRING_H 1
| #define HAVE_MEMORY_H 1
| #define HAVE_STRINGS_H 1
| #define HAVE_INTTYPES_H 1
| #define HAVE_STDINT_H 1
| #define HAVE_UNISTD_H 1
| #define LT_MODULE_EXT ".so"
| #define LT_MODULE_PATH_VAR "DYLD_LIBRARY_PATH"
| #define LT_DLSEARCH_PATH "/usr/local/lib:/lib:/usr/lib"
| #define HAVE_LIBDL 1
| #define HAVE_DLERROR 1
| #define HAVE_LIBDLLOADER 1
| #define HAVE_DLFCN_H 1
| #define error_t int
| #define __error_t_defined 1
| #define LT_OBJDIR ".libs/"
| #define HAVE_PRELOADED_SYMBOLS 1
| #define HAVE_LTDL 1
| #define HAVE_UNISTD_H 1
| /* end confdefs.h.  */
| #include <stdio.h>
| #ifdef HAVE_SYS_TYPES_H
| # include <sys/types.h>
| #endif
| #ifdef HAVE_SYS_STAT_H
| # include <sys/stat.h>
| #endif
| #ifdef STDC_HEADERS
| # include <stdlib.h>
| # include <stddef.h>
| #else
| # ifdef HAVE_STDLIB_H
| #  include <stdlib.h>
| # endif
| #endif
| #ifdef HAVE_STRING_H
| # if !defined STDC_HEADERS && defined HAVE_MEMORY_H
| #  include <memory.h>
| # endif
| # include <string.h>
| #endif
| #ifdef HAVE_STRINGS_H
| # include <strings.h>
| #endif
| #ifdef HAVE_INTTYPES_H
| # include <inttypes.h>
| #endif
| #ifdef HAVE_STDINT_H
| # include <stdint.h>
| #endif
| #ifdef HAVE_UNISTD_H
| # include <unistd.h>
| #endif
| 
| #include <dld.h>
configure:8183: result: no
configure:8140: checking for mach-o/dyld.h
configure:8161: gcc -c -g  -I../include/libmp3splt  conftest.c >&5
configure:8167: $? = 0
configure:8183: result: yes
configure:8140: checking for dirent.h
configure:8161: gcc -c -g  -I../include/libmp3splt  conftest.c >&5
configure:8167: $? = 0
configure:8183: result: yes
configure:8201: checking for closedir
configure:8257: gcc -o conftest -g  -I../include/libmp3splt   conftest.c  >&5
configure:8263: $? = 0
configure:8281: result: yes
configure:8201: checking for opendir
configure:8257: gcc -o conftest -g  -I../include/libmp3splt   conftest.c  >&5
configure:8263: $? = 0
configure:8281: result: yes
configure:8201: checking for readdir
configure:8257: gcc -o conftest -g  -I../include/libmp3splt   conftest.c  >&5
configure:8263: $? = 0
configure:8281: result: yes
configure:8305: checking for strlcat
configure:8361: gcc -o conftest -g  -I../include/libmp3splt   conftest.c  >&5
configure:8367: $? = 0
configure:8385: result: yes
configure:8305: checking for strlcpy
configure:8361: gcc -o conftest -g  -I../include/libmp3splt   conftest.c  >&5
configure:8367: $? = 0
configure:8385: result: yes
configure:8759: checking the maximum length of command line arguments
configure:8879: result: 196608
configure:8892: checking whether the shell understands some XSI constructs
configure:8902: result: yes
configure:8906: checking whether the shell understands "+="
configure:8912: result: yes
configure:8947: checking for /usr/libexec/gcc/i686-apple-darwin10/4.2.1/ld option to reload object files
configure:8954: result: -r
configure:8981: checking how to recognize dependent libraries
configure:9171: result: pass_all
configure:9231: checking for ar
configure:9247: found /usr/bin/ar
configure:9258: result: ar
configure:9340: checking for strip
configure:9356: found /usr/bin/strip
configure:9367: result: strip
configure:9443: checking for ranlib
configure:9459: found /usr/bin/ranlib
configure:9470: result: ranlib
configure:9799: checking for dsymutil
configure:9815: found /usr/bin/dsymutil
configure:9826: result: dsymutil
configure:9895: checking for nmedit
configure:9911: found /usr/bin/nmedit
configure:9922: result: nmedit
configure:9991: checking for lipo
configure:10007: found /usr/bin/lipo
configure:10018: result: lipo
configure:10087: checking for otool
configure:10103: found /usr/bin/otool
configure:10114: result: otool
configure:10183: checking for otool64
configure:10213: result: no
configure:10262: checking for -single_module linker flag
gcc -g  -I../include/libmp3splt  -o libconftest.dylib -dynamiclib -Wl,-single_module conftest.c
configure:10289: result: yes
configure:10291: checking for -exported_symbols_list linker flag
configure:10321: gcc -o conftest -g  -I../include/libmp3splt   -Wl,-exported_symbols_list,conftest.sym conftest.c  >&5
configure:10327: $? = 0
configure:10346: result: yes
configure:10554: checking for objdir
configure:10569: result: .libs
configure:10858: checking if gcc supports -fno-rtti -fno-exceptions
configure:10876: gcc -c -g  -I../include/libmp3splt  -fno-rtti -fno-exceptions conftest.c >&5
cc1: warning: command line option "-fno-rtti" is valid for C++/ObjC++ but not for C
configure:10880: $? = 0
configure:10893: result: no
configure:10913: checking for gcc option to produce PIC
configure:11170: result: -fno-common -DPIC
configure:11182: checking if gcc PIC flag -fno-common -DPIC works
configure:11200: gcc -c -g  -I../include/libmp3splt  -fno-common -DPIC -DPIC conftest.c >&5
configure:11204: $? = 0
configure:11217: result: yes
configure:11241: checking if gcc static flag -static works
configure:11269: result: no
configure:11284: checking if gcc supports -c -o file.o
configure:11305: gcc -c -g  -I../include/libmp3splt  -o out/conftest2.o conftest.c >&5
configure:11309: $? = 0
configure:11331: result: yes
configure:11339: checking if gcc supports -c -o file.o
configure:11386: result: yes
configure:11419: checking whether the gcc linker (/usr/libexec/gcc/i686-apple-darwin10/4.2.1/ld) supports shared libraries
configure:12473: result: yes
configure:12712: checking dynamic linker characteristics
configure:13391: result: darwin10.3.3 dyld
configure:13442: checking how to hardcode library paths into programs
configure:13467: result: immediate
configure:14280: checking whether stripping libraries is possible
configure:14294: result: yes
configure:14320: checking if libtool supports shared libraries
configure:14322: result: yes
configure:14325: checking whether to build shared libraries
configure:14346: result: yes
configure:14349: checking whether to build static libraries
configure:14353: result: yes
configure:14401: checking the host
configure:14436: result: Other
configure:14443: checking for _LARGEFILE_SOURCE value needed for large files
configure:14470: gcc -o conftest -g  -I../include/libmp3splt   conftest.c  >&5
configure:14476: $? = 0
configure:14540: result: no
configure:14567: checking for fseeko
configure:14623: gcc -o conftest -g  -I../include/libmp3splt   conftest.c  >&5
configure:14629: $? = 0
configure:14647: result: yes
configure:14666: checking for pow in -lm
configure:14701: gcc -o conftest -g  -I../include/libmp3splt -D_LARGEFILE_SOURCE -D_FILE_OFFSET_BITS=64   conftest.c -lm   >&5
conftest.c:50: warning: conflicting types for built-in function 'pow'
configure:14707: $? = 0
configure:14725: result: yes
configure:14737: checking for lt_dlopen in -lltdl
configure:14772: gcc -o conftest -g  -I../include/libmp3splt -D_LARGEFILE_SOURCE -D_FILE_OFFSET_BITS=64   conftest.c -lltdl   >&5
configure:14778: $? = 0
configure:14796: result: yes
configure:14824: checking for mad_frame_decode in -lmad
configure:14859: gcc -o conftest -g  -I../include/libmp3splt -D_LARGEFILE_SOURCE -D_FILE_OFFSET_BITS=64   conftest.c -lmad   >&5
configure:14865: $? = 0
configure:14883: result: yes
configure:15293: creating ./config.status

## ---------------------- ##
## Running config.status. ##
## ---------------------- ##

This file was extended by libmp3splt config.status 0.5.2, which was
generated by GNU Autoconf 2.61.  Invocation command line was

  CONFIG_FILES    = 
  CONFIG_HEADERS  = 
  CONFIG_LINKS    = 
  CONFIG_COMMANDS = 
  $ ./config.status 

on ppad-mmini.local

config.status:880: creating Makefile
config.status:880: creating src/Makefile
config.status:880: creating plugins/Makefile
config.status:880: creating config.h
config.status:1174: executing depfiles commands
config.status:1174: executing libtool commands
configure:17561: === configuring in libltdl (/Users/ppad/Documents/modified-mp3splt/libmp3splt-0.5.2/libltdl)
configure:17650: WARNING: no configuration information is in libltdl

## ---------------- ##
## Cache variables. ##
## ---------------- ##

ac_cv_build=i386-apple-darwin10.3.3
ac_cv_c_bigendian=no
ac_cv_c_compiler_gnu=yes
ac_cv_c_const=yes
ac_cv_env_CC_set=
ac_cv_env_CC_value=
ac_cv_env_CFLAGS_set=
ac_cv_env_CFLAGS_value=
ac_cv_env_CPPFLAGS_set=
ac_cv_env_CPPFLAGS_value=
ac_cv_env_CPP_set=
ac_cv_env_CPP_value=
ac_cv_env_LDFLAGS_set=
ac_cv_env_LDFLAGS_value=
ac_cv_env_LIBS_set=
ac_cv_env_LIBS_value=
ac_cv_env_build_alias_set=
ac_cv_env_build_alias_value=
ac_cv_env_host_alias_set=
ac_cv_env_host_alias_value=
ac_cv_env_target_alias_set=
ac_cv_env_target_alias_value=
ac_cv_func_argz_add=no
ac_cv_func_argz_append=no
ac_cv_func_argz_count=no
ac_cv_func_argz_create_sep=no
ac_cv_func_argz_insert=no
ac_cv_func_argz_next=no
ac_cv_func_argz_stringify=no
ac_cv_func_closedir=yes
ac_cv_func_dlerror=yes
ac_cv_func_fseeko=yes
ac_cv_func_opendir=yes
ac_cv_func_readdir=yes
ac_cv_func_shl_load=no
ac_cv_func_strlcat=yes
ac_cv_func_strlcpy=yes
ac_cv_have_decl_lt_dlinterface_register=yes
ac_cv_header_argz_h=no
ac_cv_header_dirent_h=yes
ac_cv_header_dl_h=no
ac_cv_header_dld_h=no
ac_cv_header_dlfcn_h=yes
ac_cv_header_inttypes_h=yes
ac_cv_header_ltdl_h=yes
ac_cv_header_mach_o_dyld_h=yes
ac_cv_header_memory_h=yes
ac_cv_header_stdc=yes
ac_cv_header_stdint_h=yes
ac_cv_header_stdlib_h=yes
ac_cv_header_string_h=yes
ac_cv_header_strings_h=yes
ac_cv_header_sys_dl_h=no
ac_cv_header_sys_stat_h=yes
ac_cv_header_sys_types_h=yes
ac_cv_header_unistd_h=yes
ac_cv_host=i386-apple-darwin10.3.3
ac_cv_lib_dld_dld_link=no
ac_cv_lib_dld_shl_load=no
ac_cv_lib_ltdl_lt_dlinterface_register=yes
ac_cv_lib_ltdl_lt_dlopen=yes
ac_cv_lib_m_pow=yes
ac_cv_lib_mad_mad_frame_decode=yes
ac_cv_objext=o
ac_cv_path_EGREP='/usr/bin/grep -E'
ac_cv_path_FGREP='/usr/bin/grep -F'
ac_cv_path_GREP=/usr/bin/grep
ac_cv_path_SED=/usr/bin/sed
ac_cv_path_install='/usr/bin/install -c'
ac_cv_prog_AWK=awk
ac_cv_prog_CPP='gcc -E'
ac_cv_prog_ac_ct_AR=ar
ac_cv_prog_ac_ct_CC=gcc
ac_cv_prog_ac_ct_DSYMUTIL=dsymutil
ac_cv_prog_ac_ct_LIPO=lipo
ac_cv_prog_ac_ct_NMEDIT=nmedit
ac_cv_prog_ac_ct_OTOOL=otool
ac_cv_prog_ac_ct_RANLIB=ranlib
ac_cv_prog_ac_ct_STRIP=strip
ac_cv_prog_cc_c89=
ac_cv_prog_cc_g=yes
ac_cv_prog_make_make_set=yes
ac_cv_search_dlopen='none required'
ac_cv_sys_largefile_source=no
ac_cv_type_error_t=no
am_cv_CC_dependencies_compiler_type=gcc3
libltdl_cv_lib_dl_dlopen=yes
libltdl_cv_need_uscore=no
libltdl_cv_preloaded_symbols=yes
libltdl_cv_shlibext=.so
lt_cv_apple_cc_single_mod=yes
lt_cv_deplibs_check_method=pass_all
lt_cv_file_magic_cmd='$MAGIC_CMD'
lt_cv_file_magic_test_file=
lt_cv_ld_exported_symbols_list=yes
lt_cv_ld_reload_flag=-r
lt_cv_module_path_var=DYLD_LIBRARY_PATH
lt_cv_nm_interface='BSD nm'
lt_cv_objdir=.libs
lt_cv_path_LD=/usr/libexec/gcc/i686-apple-darwin10/4.2.1/ld
lt_cv_path_NM=/usr/bin/nm
lt_cv_prog_compiler_c_o=yes
lt_cv_prog_compiler_pic_works=yes
lt_cv_prog_compiler_rtti_exceptions=no
lt_cv_prog_compiler_static_works=no
lt_cv_prog_gnu_ld=no
lt_cv_sys_dlopen_deplibs=yes
lt_cv_sys_dlsearch_path='/usr/local/lib /lib /usr/lib'
lt_cv_sys_global_symbol_pipe='sed -n -e '\''s/^.*[	 ]\([BCDEGRST][BCDEGRST]*\)[	 ][	 ]*_\([_A-Za-z][_A-Za-z0-9]*\)$/\1 _\2 \2/p'\'''
lt_cv_sys_global_symbol_to_c_name_address='sed -n -e '\''s/^: \([^ ]*\) $/  {\"\1\", (void *) 0},/p'\'' -e '\''s/^[BCDEGRST]* \([^ ]*\) \([^ ]*\)$/  {"\2", (void *) \&\2},/p'\'''
lt_cv_sys_global_symbol_to_c_name_address_lib_prefix='sed -n -e '\''s/^: \([^ ]*\) $/  {\"\1\", (void *) 0},/p'\'' -e '\''s/^[BCDEGRST]* \([^ ]*\) \(lib[^ ]*\)$/  {"\2", (void *) \&\2},/p'\'' -e '\''s/^[BCDEGRST]* \([^ ]*\) \([^ ]*\)$/  {"lib\2", (void *) \&\2},/p'\'''
lt_cv_sys_global_symbol_to_cdecl='sed -n -e '\''s/^T .* \(.*\)$/extern int \1();/p'\'' -e '\''s/^[BCDEGRST]* .* \(.*\)$/extern char \1;/p'\'''
lt_cv_sys_max_cmd_len=196608
lt_cv_sys_symbol_underscore=yes

## ----------------- ##
## Output variables. ##
## ----------------- ##

ACLOCAL='${SHELL} /Users/ppad/Documents/modified-mp3splt/libmp3splt-0.5.2/missing --run aclocal-1.10'
AMDEPBACKSLASH='\'
AMDEP_FALSE='#'
AMDEP_TRUE=''
AMTAR='${SHELL} /Users/ppad/Documents/modified-mp3splt/libmp3splt-0.5.2/missing --run tar'
AR='ar'
ARGZ_H='argz.h'
AS='as'
AUTOCONF='${SHELL} /Users/ppad/Documents/modified-mp3splt/libmp3splt-0.5.2/missing --run autoconf'
AUTOHEADER='${SHELL} /Users/ppad/Documents/modified-mp3splt/libmp3splt-0.5.2/missing --run autoheader'
AUTOMAKE='${SHELL} /Users/ppad/Documents/modified-mp3splt/libmp3splt-0.5.2/missing --run automake-1.10'
AWK='awk'
CC='gcc'
CCDEPMODE='depmode=gcc3'
CFLAGS='-g  -I../include/libmp3splt -D_LARGEFILE_SOURCE -D_FILE_OFFSET_BITS=64 -DNO_ID3TAG'
CONVENIENCE_LTDL_FALSE='#'
CONVENIENCE_LTDL_TRUE=''
CPP='gcc -E'
CPPFLAGS=''
CYGPATH_W='echo'
DEFS='-DHAVE_CONFIG_H'
DEPDIR='.deps'
DLLTOOL='dlltool'
DSYMUTIL='dsymutil'
DUMPBIN=''
ECHO_C='ECHO_N=''
ECHO_T=''
EGREP='/usr/bin/grep -E'
EXEEXT=''
FGREP='/usr/bin/grep -F'
GREP='/usr/bin/grep'
INCLTDL=''
INSTALL_DATA='${INSTALL} -m 644'
INSTALL_LTDL_FALSE=''
INSTALL_LTDL_TRUE='#'
INSTALL_PROGRAM='${INSTALL}'
INSTALL_SCRIPT='${INSTALL}'
INSTALL_STRIP_PROGRAM='$(install_sh) -c -s'
LD='/usr/libexec/gcc/i686-apple-darwin10/4.2.1/ld'
LDFLAGS=''
LIBADD_DL=' '
LIBADD_DLD_LINK=''
LIBADD_DLOPEN=''
LIBADD_SHL_LOAD=''
LIBLTDL='-lltdl'
LIBOBJS=''
LIBS=''
LIBTOOL='$(SHELL) $(top_builddir)/libtool'
LIB_ID3TAG_FALSE=''
LIB_ID3TAG_TRUE='#'
LIPO='lipo'
LN_S='ln -s'
LTDLDEPS=''
LTDLINCL=''
LTDLOPEN='libltdl'
LTLIBOBJS=''
LT_CONFIG_H='config.h'
LT_DLLOADERS=' libltdl/dlopen.la'
LT_DLPREOPEN='-dlpreopen libltdl/dlopen.la '
MAKEINFO='${SHELL} /Users/ppad/Documents/modified-mp3splt/libmp3splt-0.5.2/missing --run makeinfo'
MP3_PLUGIN_FALSE='#'
MP3_PLUGIN_TRUE=''
NM='/usr/bin/nm'
NMEDIT='nmedit'
OBJDUMP='objdump'
OBJEXT='o'
OGG_PLUGIN_FALSE=''
OGG_PLUGIN_TRUE='#'
OTOOL64=':'
OTOOL='otool'
PACKAGE='libmp3splt'
PACKAGE_BUGREPORT='io_fx@yahoo.fr'
PACKAGE_NAME='libmp3splt'
PACKAGE_STRING='libmp3splt 0.5.2'
PACKAGE_TARNAME='libmp3splt'
PACKAGE_VERSION='0.5.2'
PATH_SEPARATOR=':'
RANLIB='ranlib'
SED='/usr/bin/sed'
SET_MAKE=''
SHELL='/bin/sh'
STRIP='strip'
VERSION='0.5.2'
WIN32_FALSE=''
WIN32_TRUE='#'
ac_ct_CC='gcc'
ac_ct_DUMPBIN=''
am__fastdepCC_FALSE='#'
am__fastdepCC_TRUE=''
am__include='include'
am__isrc=''
am__leading_dot='.'
am__quote=''
am__tar='${AMTAR} chof - "$$tardir"'
am__untar='${AMTAR} xf -'
bindir='${exec_prefix}/bin'
build='i386-apple-darwin10.3.3'
build_alias=''
build_cpu='i386'
build_os='darwin10.3.3'
build_vendor='apple'
datadir='${datarootdir}'
datarootdir='${prefix}/share'
docdir='${datarootdir}/doc/${PACKAGE_TARNAME}'
dvidir='${docdir}'
exec_prefix='${prefix}'
host='i386-apple-darwin10.3.3'
host_alias=''
host_cpu='i386'
host_os='darwin10.3.3'
host_vendor='apple'
htmldir='${docdir}'
includedir='${prefix}/include'
infodir='${datarootdir}/info'
install_sh='$(SHELL) /Users/ppad/Documents/modified-mp3splt/libmp3splt-0.5.2/install-sh'
libdir='${exec_prefix}/lib'
libexecdir='${exec_prefix}/libexec'
localedir='${datarootdir}/locale'
localstatedir='${prefix}/var'
lt_ECHO='/bin/echo'
ltdl_LIBOBJS=' argz.o'
ltdl_LTLIBOBJS=' argz.lo'
mandir='${datarootdir}/man'
mkdir_p='$(top_builddir)/./install-sh -c -d'
oldincludedir='/usr/include'
pdfdir='${docdir}'
prefix='/usr/local'
program_transform_name='s,x,x,'
psdir='${docdir}'
sbindir='${exec_prefix}/sbin'
sharedstatedir='${prefix}/com'
subdirs=' libltdl'
sys_symbol_underscore='yes'
sysconfdir='${prefix}/etc'
target_alias=''

## ----------- ##
## confdefs.h. ##
## ----------- ##

#define PACKAGE_NAME "libmp3splt"
#define PACKAGE_TARNAME "libmp3splt"
#define PACKAGE_VERSION "0.5.2"
#define PACKAGE_STRING "libmp3splt 0.5.2"
#define PACKAGE_BUGREPORT "io_fx@yahoo.fr"
#define PACKAGE "libmp3splt"
#define VERSION "0.5.2"
#define STDC_HEADERS 1
#define HAVE_SYS_TYPES_H 1
#define HAVE_SYS_STAT_H 1
#define HAVE_STDLIB_H 1
#define HAVE_STRING_H 1
#define HAVE_MEMORY_H 1
#define HAVE_STRINGS_H 1
#define HAVE_INTTYPES_H 1
#define HAVE_STDINT_H 1
#define HAVE_UNISTD_H 1
#define LT_MODULE_EXT ".so"
#define LT_MODULE_PATH_VAR "DYLD_LIBRARY_PATH"
#define LT_DLSEARCH_PATH "/usr/local/lib:/lib:/usr/lib"
#define HAVE_LIBDL 1
#define HAVE_DLERROR 1
#define HAVE_LIBDLLOADER 1
#define HAVE_DLFCN_H 1
#define error_t int
#define __error_t_defined 1
#define LT_OBJDIR ".libs/"
#define HAVE_PRELOADED_SYMBOLS 1
#define HAVE_LTDL 1
#define HAVE_UNISTD_H 1
#define HAVE_MACH_O_DYLD_H 1
#define HAVE_DIRENT_H 1
#define HAVE_CLOSEDIR 1
#define HAVE_OPENDIR 1
#define HAVE_READDIR 1
#define HAVE_STRLCAT 1
#define HAVE_STRLCPY 1
#define LT_OBJDIR ".libs/"
#define HAVE_FSEEKO 1
#define HAVE_FSEEKO 1

configure: exit 0
