This file contains any messages produced by compilers while
running configure, to aid debugging if configure makes a mistake.

It was created by MPEG Audio Decoder configure 0.15.1b, which was
generated by GNU Autoconf 2.61.  Invocation command line was

  $ ./configure 

## --------- ##
## Platform. ##
## --------- ##

hostname = dhcp-210.cems.uwe.ac.uk
uname -m = i386
uname -r = 10.3.3
uname -s = Darwin
uname -v = Darwin Kernel Version 10.3.3: Wed Apr  7 20:48:41 PDT 2010; root:xnu-1504.6.1~3/RELEASE_I386

/usr/bin/uname -p = i386
/bin/uname -X     = unknown

/bin/arch              = unknown
/usr/bin/arch -k       = unknown
/usr/convex/getsysinfo = unknown
/usr/bin/hostinfo      = Mach kernel version:
	 Darwin Kernel Version 10.3.3: Wed Apr  7 20:48:41 PDT 2010; root:xnu-1504.6.1~3/RELEASE_I386
Kernel configured for up to 2 processors.
2 processors are physically available.
2 processors are logically available.
Processor type: i486 (Intel 80486)
Processors active: 0 1
Primary memory available: 2.00 gigabytes
Default processor set: 63 tasks, 263 threads, 2 processors
Load average: 0.78, Mach factor: 1.21
/bin/machine           = unknown
/usr/bin/oslevel       = unknown
/bin/universe          = unknown

PATH: /usr/bin
PATH: /bin
PATH: /usr/sbin
PATH: /sbin
PATH: /usr/local/bin
PATH: /usr/X11/bin


## ----------- ##
## Core tests. ##
## ----------- ##

configure:2000: checking for a BSD-compatible install
configure:2056: result: /usr/bin/install -c
configure:2067: checking whether build environment is sane
configure:2110: result: yes
configure:2167: checking for gawk
configure:2197: result: no
configure:2167: checking for mawk
configure:2197: result: no
configure:2167: checking for nawk
configure:2197: result: no
configure:2167: checking for awk
configure:2183: found /usr/bin/awk
configure:2194: result: awk
configure:2205: checking whether make sets $(MAKE)
configure:2226: result: yes
configure:2417: checking build system type
configure:2435: result: i686-apple-darwin10.3.3
configure:2457: checking host system type
configure:2472: result: i686-apple-darwin10.3.3
configure:2544: checking for gcc
configure:2560: found /usr/bin/gcc
configure:2571: result: gcc
configure:2809: checking for C compiler version
configure:2816: gcc --version >&5
i686-apple-darwin10-gcc-4.2.1 (GCC) 4.2.1 (Apple Inc. build 5659)
Copyright (C) 2007 Free Software Foundation, Inc.
This is free software; see the source for copying conditions.  There is NO
warranty; not even for MERCHANTABILITY or FITNESS FOR A PARTICULAR PURPOSE.

configure:2819: $? = 0
configure:2826: gcc -v >&5
Using built-in specs.
Target: i686-apple-darwin10
Configured with: /var/tmp/gcc/gcc-5659~1/src/configure --disable-checking --enable-werror --prefix=/usr --mandir=/share/man --enable-languages=c,objc,c++,obj-c++ --program-transform-name=/^[cg][^.-]*$/s/$/-4.2/ --with-slibdir=/usr/lib --build=i686-apple-darwin10 --program-prefix=i686-apple-darwin10- --host=x86_64-apple-darwin10 --target=i686-apple-darwin10 --with-gxx-include-dir=/include/c++/4.2.1
Thread model: posix
gcc version 4.2.1 (Apple Inc. build 5659)
configure:2829: $? = 0
configure:2836: gcc -V >&5
gcc-4.2: argument to `-V' is missing
configure:2839: $? = 1
configure:2862: checking for C compiler default output file name
configure:2889: gcc    conftest.c  >&5
configure:2892: $? = 0
configure:2930: result: a.out
configure:2947: checking whether the C compiler works
configure:2957: ./a.out
configure:2960: $? = 0
configure:2977: result: yes
configure:2984: checking whether we are cross compiling
configure:2986: result: no
configure:2989: checking for suffix of executables
configure:2996: gcc -o conftest    conftest.c  >&5
configure:2999: $? = 0
configure:3023: result: 
configure:3029: checking for suffix of object files
configure:3055: gcc -c   conftest.c >&5
configure:3058: $? = 0
configure:3081: result: o
configure:3085: checking whether we are using the GNU C compiler
configure:3114: gcc -c   conftest.c >&5
configure:3120: $? = 0
configure:3137: result: yes
configure:3142: checking whether gcc accepts -g
configure:3172: gcc -c -g  conftest.c >&5
configure:3178: $? = 0
configure:3277: result: yes
configure:3294: checking for gcc option to accept ISO C89
configure:3368: gcc  -c -g -O2  conftest.c >&5
configure:3374: $? = 0
configure:3397: result: none needed
configure:3426: checking for style of include used by make
configure:3454: result: GNU
configure:3482: checking dependency style of gcc
configure:3565: result: gcc3
configure:3677: checking for a sed that does not truncate output
configure:3731: result: /usr/bin/sed
configure:3734: checking for grep that handles long lines and -e
configure:3808: result: /usr/bin/grep
configure:3813: checking for egrep
configure:3891: result: /usr/bin/grep -E
configure:3907: checking for ld used by gcc
configure:3974: result: /usr/libexec/gcc/i686-apple-darwin10/4.2.1/ld
configure:3983: checking if the linker (/usr/libexec/gcc/i686-apple-darwin10/4.2.1/ld) is GNU ld
configure:3998: result: no
configure:4003: checking for /usr/libexec/gcc/i686-apple-darwin10/4.2.1/ld option to reload object files
configure:4010: result: -r
configure:4019: checking for BSD-compatible nm
configure:4061: result: /usr/bin/nm
configure:4065: checking whether ln -s works
configure:4069: result: yes
configure:4076: checking how to recognise dependent libraries
configure:4250: result: pass_all
configure:4461: checking how to run the C preprocessor
configure:4501: gcc -E  conftest.c
configure:4507: $? = 0
configure:4538: gcc -E  conftest.c
conftest.c:10:28: error: ac_nonexistent.h: No such file or directory
configure:4544: $? = 1
configure: failed program was:
| /* confdefs.h.  */
| #define PACKAGE_NAME "MPEG Audio Decoder"
| #define PACKAGE_TARNAME "libmad"
| #define PACKAGE_VERSION "0.15.1b"
| #define PACKAGE_STRING "MPEG Audio Decoder 0.15.1b"
| #define PACKAGE_BUGREPORT "support@underbit.com"
| #define PACKAGE "libmad"
| #define VERSION "0.15.1b"
| /* end confdefs.h.  */
| #include <ac_nonexistent.h>
configure:4577: result: gcc -E
configure:4606: gcc -E  conftest.c
configure:4612: $? = 0
configure:4643: gcc -E  conftest.c
conftest.c:10:28: error: ac_nonexistent.h: No such file or directory
configure:4649: $? = 1
configure: failed program was:
| /* confdefs.h.  */
| #define PACKAGE_NAME "MPEG Audio Decoder"
| #define PACKAGE_TARNAME "libmad"
| #define PACKAGE_VERSION "0.15.1b"
| #define PACKAGE_STRING "MPEG Audio Decoder 0.15.1b"
| #define PACKAGE_BUGREPORT "support@underbit.com"
| #define PACKAGE "libmad"
| #define VERSION "0.15.1b"
| /* end confdefs.h.  */
| #include <ac_nonexistent.h>
configure:4687: checking for ANSI C header files
configure:4717: gcc -c -g -O2  conftest.c >&5
configure:4723: $? = 0
configure:4822: gcc -o conftest -g -O2   conftest.c  >&5
configure:4825: $? = 0
configure:4831: ./conftest
configure:4834: $? = 0
configure:4851: result: yes
configure:4875: checking for sys/types.h
configure:4896: gcc -c -g -O2  conftest.c >&5
configure:4902: $? = 0
configure:4918: result: yes
configure:4875: checking for sys/stat.h
configure:4896: gcc -c -g -O2  conftest.c >&5
configure:4902: $? = 0
configure:4918: result: yes
configure:4875: checking for stdlib.h
configure:4896: gcc -c -g -O2  conftest.c >&5
configure:4902: $? = 0
configure:4918: result: yes
configure:4875: checking for string.h
configure:4896: gcc -c -g -O2  conftest.c >&5
configure:4902: $? = 0
configure:4918: result: yes
configure:4875: checking for memory.h
configure:4896: gcc -c -g -O2  conftest.c >&5
configure:4902: $? = 0
configure:4918: result: yes
configure:4875: checking for strings.h
configure:4896: gcc -c -g -O2  conftest.c >&5
configure:4902: $? = 0
configure:4918: result: yes
configure:4875: checking for inttypes.h
configure:4896: gcc -c -g -O2  conftest.c >&5
configure:4902: $? = 0
configure:4918: result: yes
configure:4875: checking for stdint.h
configure:4896: gcc -c -g -O2  conftest.c >&5
configure:4902: $? = 0
configure:4918: result: yes
configure:4875: checking for unistd.h
configure:4896: gcc -c -g -O2  conftest.c >&5
configure:4902: $? = 0
configure:4918: result: yes
configure:4945: checking dlfcn.h usability
configure:4962: gcc -c -g -O2  conftest.c >&5
configure:4968: $? = 0
configure:4982: result: yes
configure:4986: checking dlfcn.h presence
configure:5001: gcc -E  conftest.c
configure:5007: $? = 0
configure:5021: result: yes
configure:5054: checking for dlfcn.h
configure:5062: result: yes
configure:5133: checking for g++
configure:5149: found /usr/bin/g++
configure:5160: result: g++
configure:5191: checking for C++ compiler version
configure:5198: g++ --version >&5
i686-apple-darwin10-g++-4.2.1 (GCC) 4.2.1 (Apple Inc. build 5659)
Copyright (C) 2007 Free Software Foundation, Inc.
This is free software; see the source for copying conditions.  There is NO
warranty; not even for MERCHANTABILITY or FITNESS FOR A PARTICULAR PURPOSE.

configure:5201: $? = 0
configure:5208: g++ -v >&5
Using built-in specs.
Target: i686-apple-darwin10
Configured with: /var/tmp/gcc/gcc-5659~1/src/configure --disable-checking --enable-werror --prefix=/usr --mandir=/share/man --enable-languages=c,objc,c++,obj-c++ --program-transform-name=/^[cg][^.-]*$/s/$/-4.2/ --with-slibdir=/usr/lib --build=i686-apple-darwin10 --program-prefix=i686-apple-darwin10- --host=x86_64-apple-darwin10 --target=i686-apple-darwin10 --with-gxx-include-dir=/include/c++/4.2.1
Thread model: posix
gcc version 4.2.1 (Apple Inc. build 5659)
configure:5211: $? = 0
configure:5218: g++ -V >&5
g++-4.2: argument to `-V' is missing
configure:5221: $? = 1
configure:5224: checking whether we are using the GNU C++ compiler
configure:5253: g++ -c   conftest.cpp >&5
configure:5259: $? = 0
configure:5276: result: yes
configure:5281: checking whether g++ accepts -g
configure:5311: g++ -c -g  conftest.cpp >&5
configure:5317: $? = 0
configure:5416: result: yes
configure:5441: checking dependency style of g++
configure:5524: result: gcc3
configure:5546: checking how to run the C++ preprocessor
configure:5582: g++ -E  conftest.cpp
configure:5588: $? = 0
configure:5619: g++ -E  conftest.cpp
conftest.cpp:21:28: error: ac_nonexistent.h: No such file or directory
configure:5625: $? = 1
configure: failed program was:
| /* confdefs.h.  */
| #define PACKAGE_NAME "MPEG Audio Decoder"
| #define PACKAGE_TARNAME "libmad"
| #define PACKAGE_VERSION "0.15.1b"
| #define PACKAGE_STRING "MPEG Audio Decoder 0.15.1b"
| #define PACKAGE_BUGREPORT "support@underbit.com"
| #define PACKAGE "libmad"
| #define VERSION "0.15.1b"
| #define STDC_HEADERS 1
| #define HAVE_SYS_TYPES_H 1
| #define HAVE_SYS_STAT_H 1
| #define HAVE_STDLIB_H 1
| #define HAVE_STRING_H 1
| #define HAVE_MEMORY_H 1
| #define HAVE_STRINGS_H 1
| #define HAVE_INTTYPES_H 1
| #define HAVE_STDINT_H 1
| #define HAVE_UNISTD_H 1
| #define HAVE_DLFCN_H 1
| /* end confdefs.h.  */
| #include <ac_nonexistent.h>
configure:5658: result: g++ -E
configure:5687: g++ -E  conftest.cpp
configure:5693: $? = 0
configure:5724: g++ -E  conftest.cpp
conftest.cpp:21:28: error: ac_nonexistent.h: No such file or directory
configure:5730: $? = 1
configure: failed program was:
| /* confdefs.h.  */
| #define PACKAGE_NAME "MPEG Audio Decoder"
| #define PACKAGE_TARNAME "libmad"
| #define PACKAGE_VERSION "0.15.1b"
| #define PACKAGE_STRING "MPEG Audio Decoder 0.15.1b"
| #define PACKAGE_BUGREPORT "support@underbit.com"
| #define PACKAGE "libmad"
| #define VERSION "0.15.1b"
| #define STDC_HEADERS 1
| #define HAVE_SYS_TYPES_H 1
| #define HAVE_SYS_STAT_H 1
| #define HAVE_STDLIB_H 1
| #define HAVE_STRING_H 1
| #define HAVE_MEMORY_H 1
| #define HAVE_STRINGS_H 1
| #define HAVE_INTTYPES_H 1
| #define HAVE_STDINT_H 1
| #define HAVE_UNISTD_H 1
| #define HAVE_DLFCN_H 1
| /* end confdefs.h.  */
| #include <ac_nonexistent.h>
configure:5821: checking for g77
configure:5851: result: no
configure:5821: checking for xlf
configure:5851: result: no
configure:5821: checking for f77
configure:5851: result: no
configure:5821: checking for frt
configure:5851: result: no
configure:5821: checking for pgf77
configure:5851: result: no
configure:5821: checking for cf77
configure:5851: result: no
configure:5821: checking for fort77
configure:5851: result: no
configure:5821: checking for fl32
configure:5851: result: no
configure:5821: checking for af77
configure:5851: result: no
configure:5821: checking for xlf90
configure:5851: result: no
configure:5821: checking for f90
configure:5851: result: no
configure:5821: checking for pgf90
configure:5851: result: no
configure:5821: checking for pghpf
configure:5851: result: no
configure:5821: checking for epcf90
configure:5851: result: no
configure:5821: checking for gfortran
configure:5851: result: no
configure:5821: checking for g95
configure:5851: result: no
configure:5821: checking for xlf95
configure:5851: result: no
configure:5821: checking for f95
configure:5851: result: no
configure:5821: checking for fort
configure:5851: result: no
configure:5821: checking for ifort
configure:5851: result: no
configure:5821: checking for ifc
configure:5851: result: no
configure:5821: checking for efc
configure:5851: result: no
configure:5821: checking for pgf95
configure:5851: result: no
configure:5821: checking for lf95
configure:5851: result: no
configure:5821: checking for ftn
configure:5851: result: no
configure:5878: checking for Fortran 77 compiler version
configure:5885:  --version >&5
./configure: line 5886: --version: command not found
configure:5888: $? = 127
configure:5895:  -v >&5
./configure: line 5896: -v: command not found
configure:5898: $? = 127
configure:5905:  -V >&5
./configure: line 5906: -V: command not found
configure:5908: $? = 127
configure:5916: checking whether we are using the GNU Fortran 77 compiler
configure:5935:  -c  conftest.F >&5
./configure: line 5936: -c: command not found
configure:5941: $? = 127
configure: failed program was:
|       program main
| #ifndef __GNUC__
|        choke me
| #endif
| 
|       end
configure:5958: result: no
configure:5964: checking whether  accepts -g
configure:5981:  -c -g conftest.f >&5
./configure: line 5982: -c: command not found
configure:5987: $? = 127
configure: failed program was:
|       program main
| 
|       end
configure:6003: result: no
configure:6033: checking the maximum length of command line arguments
configure:6098: result: 65536
configure:6109: checking command to parse /usr/bin/nm output from gcc object
configure:6198: gcc -c -g -O2  conftest.c >&5
configure:6201: $? = 0
configure:6205: /usr/bin/nm conftest.o \| sed -n -e 's/^.*[ 	]\([BCDEGRST][BCDEGRST]*\)[ 	][ 	]*\(\)\([_A-Za-z][_A-Za-z0-9]*\)$/\1 \2\3 \3/p' \> conftest.nm
configure:6208: $? = 0
cannot find nm_test_var in conftest.nm
configure:6198: gcc -c -g -O2  conftest.c >&5
configure:6201: $? = 0
configure:6205: /usr/bin/nm conftest.o \| sed -n -e 's/^.*[ 	]\([BCDEGRST][BCDEGRST]*\)[ 	][ 	]*\(_\)\([_A-Za-z][_A-Za-z0-9]*\)$/\1 \2\3 \3/p' \> conftest.nm
configure:6208: $? = 0
configure:6260: gcc -o conftest -g -O2   conftest.c conftstm.o >&5
configure:6263: $? = 0
configure:6301: result: ok
configure:6305: checking for objdir
configure:6320: result: .libs
configure:6412: checking for ar
configure:6428: found /usr/bin/ar
configure:6439: result: ar
configure:6508: checking for ranlib
configure:6524: found /usr/bin/ranlib
configure:6535: result: ranlib
configure:6604: checking for strip
configure:6620: found /usr/bin/strip
configure:6631: result: strip
configure:6907: checking if gcc static flag  works
configure:6930: result: yes
configure:6948: checking if gcc supports -fno-rtti -fno-exceptions
configure:6966: gcc -c -g -O2  -fno-rtti -fno-exceptions conftest.c >&5
cc1: warning: command line option "-fno-rtti" is valid for C++/ObjC++ but not for C
configure:6970: $? = 0
configure:6981: result: no
configure:6996: checking for gcc option to produce PIC
configure:7173: result: -fno-common
configure:7181: checking if gcc PIC flag -fno-common works
configure:7199: gcc -c -g -O2  -fno-common -DPIC conftest.c >&5
configure:7203: $? = 0
configure:7214: result: yes
configure:7238: checking if gcc supports -c -o file.o
configure:7259: gcc -c -g -O2  -o out/conftest2.o conftest.c >&5
configure:7263: $? = 0
configure:7283: result: yes
configure:7309: checking whether the gcc linker (/usr/libexec/gcc/i686-apple-darwin10/4.2.1/ld) supports shared libraries
configure:8153: result: yes
configure:8224: checking dynamic linker characteristics
configure:8764: result: darwin10.3.3 dyld
configure:8768: checking how to hardcode library paths into programs
configure:8793: result: immediate
configure:8807: checking whether stripping libraries is possible
configure:8820: result: yes
configure:9609: checking if libtool supports shared libraries
configure:9611: result: yes
configure:9614: checking whether to build shared libraries
configure:9672: result: yes
configure:9675: checking whether to build static libraries
configure:9679: result: yes
configure:9771: creating libtool
configure:10318: checking for ld used by g++
configure:10385: result: /usr/libexec/gcc/i686-apple-darwin10/4.2.1/ld
configure:10394: checking if the linker (/usr/libexec/gcc/i686-apple-darwin10/4.2.1/ld) is GNU ld
configure:10409: result: no
configure:10460: checking whether the g++ linker (/usr/libexec/gcc/i686-apple-darwin10/4.2.1/ld) supports shared libraries
configure:11284: result: yes
configure:11302: g++ -c -g -O2  conftest.cc >&5
configure:11305: $? = 0
configure:11401: checking for g++ option to produce PIC
configure:11653: result: -fno-common
configure:11661: checking if g++ PIC flag -fno-common works
configure:11679: g++ -c -g -O2  -fno-common -DPIC conftest.cc >&5
configure:11683: $? = 0
configure:11694: result: yes
configure:11718: checking if g++ supports -c -o file.o
configure:11739: g++ -c -g -O2  -o out/conftest2.o conftest.cc >&5
configure:11743: $? = 0
configure:11763: result: yes
configure:11789: checking whether the g++ linker (/usr/libexec/gcc/i686-apple-darwin10/4.2.1/ld) supports shared libraries
configure:11814: result: yes
configure:11885: checking dynamic linker characteristics
configure:12425: result: darwin10.3.3 dyld
configure:12429: checking how to hardcode library paths into programs
configure:12454: result: immediate
configure:12468: checking whether stripping libraries is possible
configure:12481: result: yes
configure:19777: checking for ANSI C header files
configure:19941: result: yes
configure:19951: checking for sys/wait.h that is POSIX.1 compatible
configure:19987: gcc -c -Wall  conftest.c >&5
configure:19993: $? = 0
configure:20008: result: yes
configure:20038: checking assert.h usability
configure:20055: gcc -c -Wall  conftest.c >&5
configure:20061: $? = 0
configure:20075: result: yes
configure:20079: checking assert.h presence
configure:20094: gcc -E  conftest.c
configure:20100: $? = 0
configure:20114: result: yes
configure:20147: checking for assert.h
configure:20155: result: yes
configure:20038: checking limits.h usability
configure:20055: gcc -c -Wall  conftest.c >&5
configure:20061: $? = 0
configure:20075: result: yes
configure:20079: checking limits.h presence
configure:20094: gcc -E  conftest.c
configure:20100: $? = 0
configure:20114: result: yes
configure:20147: checking for limits.h
configure:20155: result: yes
configure:20028: checking for unistd.h
configure:20034: result: yes
configure:20028: checking for sys/types.h
configure:20034: result: yes
configure:20038: checking fcntl.h usability
configure:20055: gcc -c -Wall  conftest.c >&5
configure:20061: $? = 0
configure:20075: result: yes
configure:20079: checking fcntl.h presence
configure:20094: gcc -E  conftest.c
configure:20100: $? = 0
configure:20114: result: yes
configure:20147: checking for fcntl.h
configure:20155: result: yes
configure:20038: checking errno.h usability
configure:20055: gcc -c -Wall  conftest.c >&5
configure:20061: $? = 0
configure:20075: result: yes
configure:20079: checking errno.h presence
configure:20094: gcc -E  conftest.c
configure:20100: $? = 0
configure:20114: result: yes
configure:20147: checking for errno.h
configure:20155: result: yes
configure:20170: checking for an ANSI C-conforming const
configure:20245: gcc -c -Wall  conftest.c >&5
configure:20251: $? = 0
configure:20266: result: yes
configure:20276: checking for inline
configure:20302: gcc -c -Wall  conftest.c >&5
configure:20308: $? = 0
configure:20326: result: inline
configure:20345: checking whether byte ordering is bigendian
configure:20378: gcc -c -Wall  conftest.c >&5
configure:20384: $? = 0
configure:20416: gcc -c -Wall  conftest.c >&5
conftest.c: In function 'main':
conftest.c:36: error: 'not' undeclared (first use in this function)
conftest.c:36: error: (Each undeclared identifier is reported only once
conftest.c:36: error: for each function it appears in.)
conftest.c:36: error: expected ';' before 'big'
configure:20422: $? = 1
configure: failed program was:
| /* confdefs.h.  */
| #define PACKAGE_NAME "MPEG Audio Decoder"
| #define PACKAGE_TARNAME "libmad"
| #define PACKAGE_VERSION "0.15.1b"
| #define PACKAGE_STRING "MPEG Audio Decoder 0.15.1b"
| #define PACKAGE_BUGREPORT "support@underbit.com"
| #define PACKAGE "libmad"
| #define VERSION "0.15.1b"
| #define STDC_HEADERS 1
| #define HAVE_SYS_TYPES_H 1
| #define HAVE_SYS_STAT_H 1
| #define HAVE_STDLIB_H 1
| #define HAVE_STRING_H 1
| #define HAVE_MEMORY_H 1
| #define HAVE_STRINGS_H 1
| #define HAVE_INTTYPES_H 1
| #define HAVE_STDINT_H 1
| #define HAVE_UNISTD_H 1
| #define HAVE_DLFCN_H 1
| #define STDC_HEADERS 1
| #define HAVE_SYS_WAIT_H 1
| #define HAVE_ASSERT_H 1
| #define HAVE_LIMITS_H 1
| #define HAVE_UNISTD_H 1
| #define HAVE_SYS_TYPES_H 1
| #define HAVE_FCNTL_H 1
| #define HAVE_ERRNO_H 1
| /* end confdefs.h.  */
| #include <sys/types.h>
| #include <sys/param.h>
| 
| int
| main ()
| {
| #if BYTE_ORDER != BIG_ENDIAN
|  not big endian
| #endif
| 
|   ;
|   return 0;
| }
configure:20562: result: no
configure:20581: checking for pid_t
configure:20611: gcc -c -Wall  conftest.c >&5
configure:20617: $? = 0
configure:20632: result: yes
configure:20645: checking for int
configure:20675: gcc -c -Wall  conftest.c >&5
configure:20681: $? = 0
configure:20696: result: yes
configure:20703: checking size of int
configure:21005: gcc -o conftest -Wall   conftest.c  >&5
configure:21008: $? = 0
configure:21014: ./conftest
configure:21017: $? = 0
configure:21040: result: 4
configure:21050: checking for long
configure:21080: gcc -c -Wall  conftest.c >&5
configure:21086: $? = 0
configure:21101: result: yes
configure:21108: checking size of long
configure:21410: gcc -o conftest -Wall   conftest.c  >&5
configure:21413: $? = 0
configure:21419: ./conftest
configure:21422: $? = 0
configure:21445: result: 8
configure:21455: checking for long long
configure:21485: gcc -c -Wall  conftest.c >&5
configure:21491: $? = 0
configure:21506: result: yes
configure:21513: checking size of long long
configure:21815: gcc -o conftest -Wall   conftest.c  >&5
configure:21818: $? = 0
configure:21824: ./conftest
configure:21827: $? = 0
configure:21850: result: 8
configure:21869: checking for waitpid
configure:21925: gcc -o conftest -Wall   conftest.c  >&5
configure:21931: $? = 0
configure:21949: result: yes
configure:21869: checking for fcntl
configure:21925: gcc -o conftest -Wall   conftest.c  >&5
configure:21931: $? = 0
configure:21949: result: yes
configure:21869: checking for pipe
configure:21925: gcc -o conftest -Wall   conftest.c  >&5
configure:21931: $? = 0
configure:21949: result: yes
configure:21869: checking for fork
configure:21925: gcc -o conftest -Wall   conftest.c  >&5
conftest.c:58: warning: conflicting types for built-in function 'fork'
configure:21931: $? = 0
configure:21949: result: yes
configure:22040: checking whether to optimize for speed or for accuracy
configure:22082: result: default
configure:22092: checking for architecture-specific fixed-point math routines
configure:22131: result: INTEL
configure:22187: checking for ISO/IEC interpretation
configure:22205: result: best accepted practices
configure:22208: checking whether to enable profiling
configure:22219: result: no
configure:22222: checking whether to enable debugging
configure:22259: result: default
configure:22262: checking whether to enable experimental code
configure:22279: result: no
configure:22412: creating ./config.status

## ---------------------- ##
## Running config.status. ##
## ---------------------- ##

This file was extended by MPEG Audio Decoder config.status 0.15.1b, which was
generated by GNU Autoconf 2.61.  Invocation command line was

  CONFIG_FILES    = 
  CONFIG_HEADERS  = 
  CONFIG_LINKS    = 
  CONFIG_COMMANDS = 
  $ ./config.status 

on dhcp-210.cems.uwe.ac.uk

config.status:665: creating Makefile
config.status:800: WARNING:  Makefile.in seems to ignore the --datarootdir setting
config.status:665: creating msvc++/Makefile
config.status:800: WARNING:  msvc++/Makefile.in seems to ignore the --datarootdir setting
config.status:665: creating libmad.list
config.status:665: creating config.h
config.status:901: config.h is unchanged
config.status:947: executing depfiles commands

## ---------------- ##
## Cache variables. ##
## ---------------- ##

ac_cv_build=i686-apple-darwin10.3.3
ac_cv_c_bigendian=no
ac_cv_c_compiler_gnu=yes
ac_cv_c_const=yes
ac_cv_c_inline=inline
ac_cv_cxx_compiler_gnu=yes
ac_cv_env_CCASFLAGS_set=
ac_cv_env_CCASFLAGS_value=
ac_cv_env_CCAS_set=
ac_cv_env_CCAS_value=
ac_cv_env_CCC_set=
ac_cv_env_CCC_value=
ac_cv_env_CC_set=
ac_cv_env_CC_value=
ac_cv_env_CFLAGS_set=
ac_cv_env_CFLAGS_value=
ac_cv_env_CPPFLAGS_set=
ac_cv_env_CPPFLAGS_value=
ac_cv_env_CPP_set=
ac_cv_env_CPP_value=
ac_cv_env_CXXCPP_set=
ac_cv_env_CXXCPP_value=
ac_cv_env_CXXFLAGS_set=
ac_cv_env_CXXFLAGS_value=
ac_cv_env_CXX_set=
ac_cv_env_CXX_value=
ac_cv_env_F77_set=
ac_cv_env_F77_value=
ac_cv_env_FFLAGS_set=
ac_cv_env_FFLAGS_value=
ac_cv_env_LDFLAGS_set=
ac_cv_env_LDFLAGS_value=
ac_cv_env_LIBS_set=
ac_cv_env_LIBS_value=
ac_cv_env_build_alias_set=
ac_cv_env_build_alias_value=
ac_cv_env_host_alias_set=
ac_cv_env_host_alias_value=
ac_cv_env_target_alias_set=
ac_cv_env_target_alias_value=
ac_cv_f77_compiler_gnu=no
ac_cv_func_fcntl=yes
ac_cv_func_fork=yes
ac_cv_func_pipe=yes
ac_cv_func_waitpid=yes
ac_cv_header_assert_h=yes
ac_cv_header_dlfcn_h=yes
ac_cv_header_errno_h=yes
ac_cv_header_fcntl_h=yes
ac_cv_header_inttypes_h=yes
ac_cv_header_limits_h=yes
ac_cv_header_memory_h=yes
ac_cv_header_stdc=yes
ac_cv_header_stdint_h=yes
ac_cv_header_stdlib_h=yes
ac_cv_header_string_h=yes
ac_cv_header_strings_h=yes
ac_cv_header_sys_stat_h=yes
ac_cv_header_sys_types_h=yes
ac_cv_header_sys_wait_h=yes
ac_cv_header_unistd_h=yes
ac_cv_host=i686-apple-darwin10.3.3
ac_cv_objext=o
ac_cv_path_EGREP='/usr/bin/grep -E'
ac_cv_path_GREP=/usr/bin/grep
ac_cv_path_install='/usr/bin/install -c'
ac_cv_prog_AWK=awk
ac_cv_prog_CPP='gcc -E'
ac_cv_prog_CXXCPP='g++ -E'
ac_cv_prog_ac_ct_AR=ar
ac_cv_prog_ac_ct_CC=gcc
ac_cv_prog_ac_ct_CXX=g++
ac_cv_prog_ac_ct_RANLIB=ranlib
ac_cv_prog_ac_ct_STRIP=strip
ac_cv_prog_cc_c89=
ac_cv_prog_cc_g=yes
ac_cv_prog_cxx_g=yes
ac_cv_prog_f77_g=no
ac_cv_prog_make_make_set=yes
ac_cv_sizeof_int=4
ac_cv_sizeof_long=8
ac_cv_sizeof_long_long=8
ac_cv_type_int=yes
ac_cv_type_long=yes
ac_cv_type_long_long=yes
ac_cv_type_pid_t=yes
am_cv_CC_dependencies_compiler_type=gcc3
am_cv_CXX_dependencies_compiler_type=gcc3
lt_cv_deplibs_check_method=pass_all
lt_cv_file_magic_cmd='$MAGIC_CMD'
lt_cv_file_magic_test_file=
lt_cv_ld_reload_flag=-r
lt_cv_objdir=.libs
lt_cv_path_LD=/usr/libexec/gcc/i686-apple-darwin10/4.2.1/ld
lt_cv_path_LDCXX=/usr/libexec/gcc/i686-apple-darwin10/4.2.1/ld
lt_cv_path_NM=/usr/bin/nm
lt_cv_path_SED=/usr/bin/sed
lt_cv_prog_compiler_c_o=yes
lt_cv_prog_compiler_c_o_CXX=yes
lt_cv_prog_compiler_rtti_exceptions=no
lt_cv_prog_gnu_ld=no
lt_cv_prog_gnu_ldcxx=no
lt_cv_sys_global_symbol_pipe='sed -n -e '\''s/^.*[ 	]\([BCDEGRST][BCDEGRST]*\)[ 	][ 	]*\(_\)\([_A-Za-z][_A-Za-z0-9]*\)$/\1 \2\3 \3/p'\'''
lt_cv_sys_global_symbol_to_c_name_address='sed -n -e '\''s/^: \([^ ]*\) $/  {\"\1\", (lt_ptr) 0},/p'\'' -e '\''s/^[BCDEGRST] \([^ ]*\) \([^ ]*\)$/  {"\2", (lt_ptr) \&\2},/p'\'''
lt_cv_sys_global_symbol_to_cdecl='sed -n -e '\''s/^. .* \(.*\)$/extern int \1;/p'\'''
lt_cv_sys_max_cmd_len=65536
lt_lt_cv_prog_compiler_c_o='"yes"'
lt_lt_cv_prog_compiler_c_o_CXX='"yes"'
lt_lt_cv_sys_global_symbol_pipe='"sed -n -e '\''s/^.*[ 	]\\([BCDEGRST][BCDEGRST]*\\)[ 	][ 	]*\\(_\\)\\([_A-Za-z][_A-Za-z0-9]*\\)\$/\\1 \\2\\3 \\3/p'\''"'
lt_lt_cv_sys_global_symbol_to_c_name_address='"sed -n -e '\''s/^: \\([^ ]*\\) \$/  {\\\"\\1\\\", (lt_ptr) 0},/p'\'' -e '\''s/^[BCDEGRST] \\([^ ]*\\) \\([^ ]*\\)\$/  {\"\\2\", (lt_ptr) \\&\\2},/p'\''"'
lt_lt_cv_sys_global_symbol_to_cdecl='"sed -n -e '\''s/^. .* \\(.*\\)\$/extern int \\1;/p'\''"'

## ----------------- ##
## Output variables. ##
## ----------------- ##

ACLOCAL='${SHELL} /modified-mp3splt/libmad-0.15.1b/missing --run aclocal-1.8'
AMDEPBACKSLASH='\'
AMDEP_FALSE='#'
AMDEP_TRUE=''
AMTAR='${SHELL} /modified-mp3splt/libmad-0.15.1b/missing --run tar'
AR='ar'
ASO=' -DASO_ZEROCHECK'
ASO_OBJS=''
AUTOCONF='${SHELL} /modified-mp3splt/libmad-0.15.1b/missing --run autoconf'
AUTOHEADER='${SHELL} /modified-mp3splt/libmad-0.15.1b/missing --run autoheader'
AUTOMAKE='${SHELL} /modified-mp3splt/libmad-0.15.1b/missing --run automake-1.8'
AWK='awk'
CC='gcc'
CCAS='gcc'
CCASFLAGS='-g -O2'
CCDEPMODE='depmode=gcc3'
CFLAGS='-Wall -march=i486 -g -O -fforce-mem -fforce-addr -fthread-jumps -fcse-follow-jumps -fcse-skip-blocks -fexpensive-optimizations -fregmove -fschedule-insns2 -fstrength-reduce'
CPP='gcc -E'
CPPFLAGS=''
CXX='g++'
CXXCPP='g++ -E'
CXXDEPMODE='depmode=gcc3'
CXXFLAGS='-g -O2'
CYGPATH_W='echo'
DEFS='-DHAVE_CONFIG_H'
DEPDIR='.deps'
ECHO='/bin/echo'
ECHO_C='ECHO_N=''
ECHO_T=''
EGREP='/usr/bin/grep -E'
EXEEXT=''
F77=''
FFLAGS=''
FPM='-DFPM_INTEL'
GREP='/usr/bin/grep'
INSTALL_DATA='${INSTALL} -m 644'
INSTALL_PROGRAM='${INSTALL}'
INSTALL_SCRIPT='${INSTALL}'
INSTALL_STRIP_PROGRAM='${SHELL} $(install_sh) -c -s'
LDFLAGS=''
LIBOBJS=''
LIBS=''
LIBTOOL='$(SHELL) $(top_builddir)/libtool'
LIBTOOL_DEPS='./ltmain.sh'
LN_S='ln -s'
LTLIBOBJS=''
MAKEINFO='${SHELL} /modified-mp3splt/libmad-0.15.1b/missing --run makeinfo'
OBJEXT='o'
PACKAGE='libmad'
PACKAGE_BUGREPORT='support@underbit.com'
PACKAGE_NAME='MPEG Audio Decoder'
PACKAGE_STRING='MPEG Audio Decoder 0.15.1b'
PACKAGE_TARNAME='libmad'
PACKAGE_VERSION='0.15.1b'
PATH_SEPARATOR=':'
RANLIB='ranlib'
SET_MAKE=''
SHELL='/bin/sh'
STRIP='strip'
VERSION='0.15.1b'
ac_ct_CC='gcc'
ac_ct_CXX='g++'
ac_ct_F77=''
am__fastdepCC_FALSE='#'
am__fastdepCC_TRUE=''
am__fastdepCXX_FALSE='#'
am__fastdepCXX_TRUE=''
am__include='include'
am__leading_dot='.'
am__quote=''
bindir='${exec_prefix}/bin'
build='i686-apple-darwin10.3.3'
build_alias=''
build_cpu='i686'
build_os='darwin10.3.3'
build_vendor='apple'
datadir='${datarootdir}'
datarootdir='${prefix}/share'
docdir='${datarootdir}/doc/${PACKAGE_TARNAME}'
dvidir='${docdir}'
exec_prefix='${prefix}'
host='i686-apple-darwin10.3.3'
host_alias=''
host_cpu='i686'
host_os='darwin10.3.3'
host_vendor='apple'
htmldir='${docdir}'
includedir='${prefix}/include'
infodir='${datarootdir}/info'
install_sh='/modified-mp3splt/libmad-0.15.1b/install-sh'
libdir='${exec_prefix}/lib'
libexecdir='${exec_prefix}/libexec'
localedir='${datarootdir}/locale'
localstatedir='${prefix}/var'
mandir='${datarootdir}/man'
mkdir_p='mkdir -p -- .'
oldincludedir='/usr/include'
pdfdir='${docdir}'
prefix='/usr/local'
program_transform_name='s,x,x,'
psdir='${docdir}'
sbindir='${exec_prefix}/sbin'
sharedstatedir='${prefix}/com'
sysconfdir='${prefix}/etc'
target_alias=''

## ----------- ##
## confdefs.h. ##
## ----------- ##

#define PACKAGE_NAME "MPEG Audio Decoder"
#define PACKAGE_TARNAME "libmad"
#define PACKAGE_VERSION "0.15.1b"
#define PACKAGE_STRING "MPEG Audio Decoder 0.15.1b"
#define PACKAGE_BUGREPORT "support@underbit.com"
#define PACKAGE "libmad"
#define VERSION "0.15.1b"
#define STDC_HEADERS 1
#define HAVE_SYS_TYPES_H 1
#define HAVE_SYS_STAT_H 1
#define HAVE_STDLIB_H 1
#define HAVE_STRING_H 1
#define HAVE_MEMORY_H 1
#define HAVE_STRINGS_H 1
#define HAVE_INTTYPES_H 1
#define HAVE_STDINT_H 1
#define HAVE_UNISTD_H 1
#define HAVE_DLFCN_H 1
#define STDC_HEADERS 1
#define HAVE_SYS_WAIT_H 1
#define HAVE_ASSERT_H 1
#define HAVE_LIMITS_H 1
#define HAVE_UNISTD_H 1
#define HAVE_SYS_TYPES_H 1
#define HAVE_FCNTL_H 1
#define HAVE_ERRNO_H 1
#define SIZEOF_INT 4
#define SIZEOF_LONG 8
#define SIZEOF_LONG_LONG 8
#define HAVE_WAITPID 1
#define HAVE_FCNTL 1
#define HAVE_PIPE 1
#define HAVE_FORK 1

configure: exit 0
