This file contains any messages produced by compilers while
running configure, to aid debugging if configure makes a mistake.

It was created by mp3splt configure 2.2.1, which was
generated by GNU Autoconf 2.61.  Invocation command line was

  $ ./configure 

## --------- ##
## Platform. ##
## --------- ##

hostname = dhcp-210.cems.uwe.ac.uk
uname -m = i386
uname -r = 10.3.3
uname -s = Darwin
uname -v = Darwin Kernel Version 10.3.3: Wed Apr  7 20:48:41 PDT 2010; root:xnu-1504.6.1~3/RELEASE_I386

/usr/bin/uname -p = i386
/bin/uname -X     = unknown

/bin/arch              = unknown
/usr/bin/arch -k       = unknown
/usr/convex/getsysinfo = unknown
/usr/bin/hostinfo      = Mach kernel version:
	 Darwin Kernel Version 10.3.3: Wed Apr  7 20:48:41 PDT 2010; root:xnu-1504.6.1~3/RELEASE_I386
Kernel configured for up to 2 processors.
2 processors are physically available.
2 processors are logically available.
Processor type: i486 (Intel 80486)
Processors active: 0 1
Primary memory available: 2.00 gigabytes
Default processor set: 66 tasks, 271 threads, 2 processors
Load average: 0.22, Mach factor: 1.77
/bin/machine           = unknown
/usr/bin/oslevel       = unknown
/bin/universe          = unknown

PATH: /usr/bin
PATH: /bin
PATH: /usr/sbin
PATH: /sbin
PATH: /usr/local/bin
PATH: /usr/X11/bin


## ----------- ##
## Core tests. ##
## ----------- ##

configure:1739: checking for a BSD-compatible install
configure:1795: result: /usr/bin/install -c
configure:1806: checking whether build environment is sane
configure:1849: result: yes
configure:1877: checking for a thread-safe mkdir -p
configure:1916: result: ./install-sh -c -d
configure:1929: checking for gawk
configure:1959: result: no
configure:1929: checking for mawk
configure:1959: result: no
configure:1929: checking for nawk
configure:1959: result: no
configure:1929: checking for awk
configure:1945: found /usr/bin/awk
configure:1956: result: awk
configure:1967: checking whether make sets $(MAKE)
configure:1988: result: yes
configure:2237: checking for gcc
configure:2253: found /usr/bin/gcc
configure:2264: result: gcc
configure:2502: checking for C compiler version
configure:2509: gcc --version >&5
i686-apple-darwin10-gcc-4.2.1 (GCC) 4.2.1 (Apple Inc. build 5659)
Copyright (C) 2007 Free Software Foundation, Inc.
This is free software; see the source for copying conditions.  There is NO
warranty; not even for MERCHANTABILITY or FITNESS FOR A PARTICULAR PURPOSE.

configure:2512: $? = 0
configure:2519: gcc -v >&5
Using built-in specs.
Target: i686-apple-darwin10
Configured with: /var/tmp/gcc/gcc-5659~1/src/configure --disable-checking --enable-werror --prefix=/usr --mandir=/share/man --enable-languages=c,objc,c++,obj-c++ --program-transform-name=/^[cg][^.-]*$/s/$/-4.2/ --with-slibdir=/usr/lib --build=i686-apple-darwin10 --program-prefix=i686-apple-darwin10- --host=x86_64-apple-darwin10 --target=i686-apple-darwin10 --with-gxx-include-dir=/include/c++/4.2.1
Thread model: posix
gcc version 4.2.1 (Apple Inc. build 5659)
configure:2522: $? = 0
configure:2529: gcc -V >&5
gcc-4.2: argument to `-V' is missing
configure:2532: $? = 1
configure:2555: checking for C compiler default output file name
configure:2582: gcc  -I../libmp3splt/include/ -I../../libmp3splt/include/ -I../libmp3splt/include/libmp3splt/ -I../../libmp3splt/include/libmp3splt/   -L../libmp3splt/src/.libs -L../libmp3splt/src -L../../libmp3splt/src/.libs/ -L../../libmp3splt/src/ conftest.c  >&5
ld: warning: directory '../libmp3splt/src/.libs' following -L not found
ld: warning: directory '../libmp3splt/src' following -L not found
ld: warning: directory '../../libmp3splt/src/.libs/' following -L not found
ld: warning: directory '../../libmp3splt/src/' following -L not found
configure:2585: $? = 0
configure:2623: result: a.out
configure:2640: checking whether the C compiler works
configure:2650: ./a.out
configure:2653: $? = 0
configure:2670: result: yes
configure:2677: checking whether we are cross compiling
configure:2679: result: no
configure:2682: checking for suffix of executables
configure:2689: gcc -o conftest  -I../libmp3splt/include/ -I../../libmp3splt/include/ -I../libmp3splt/include/libmp3splt/ -I../../libmp3splt/include/libmp3splt/   -L../libmp3splt/src/.libs -L../libmp3splt/src -L../../libmp3splt/src/.libs/ -L../../libmp3splt/src/ conftest.c  >&5
ld: warning: directory '../libmp3splt/src/.libs' following -L not found
ld: warning: directory '../libmp3splt/src' following -L not found
ld: warning: directory '../../libmp3splt/src/.libs/' following -L not found
ld: warning: directory '../../libmp3splt/src/' following -L not found
configure:2692: $? = 0
configure:2716: result: 
configure:2722: checking for suffix of object files
configure:2748: gcc -c  -I../libmp3splt/include/ -I../../libmp3splt/include/ -I../libmp3splt/include/libmp3splt/ -I../../libmp3splt/include/libmp3splt/  conftest.c >&5
configure:2751: $? = 0
configure:2774: result: o
configure:2778: checking whether we are using the GNU C compiler
configure:2807: gcc -c  -I../libmp3splt/include/ -I../../libmp3splt/include/ -I../libmp3splt/include/libmp3splt/ -I../../libmp3splt/include/libmp3splt/  conftest.c >&5
configure:2813: $? = 0
configure:2830: result: yes
configure:2835: checking whether gcc accepts -g
configure:2865: gcc -c -g  conftest.c >&5
configure:2871: $? = 0
configure:2970: result: yes
configure:2987: checking for gcc option to accept ISO C89
configure:3061: gcc  -c  -I../libmp3splt/include/ -I../../libmp3splt/include/ -I../libmp3splt/include/libmp3splt/ -I../../libmp3splt/include/libmp3splt/  conftest.c >&5
configure:3067: $? = 0
configure:3090: result: none needed
configure:3119: checking for style of include used by make
configure:3147: result: GNU
configure:3172: checking dependency style of gcc
configure:3263: result: gcc3
configure:3283: checking the host
configure:3311: result: Other
configure:3326: checking for mp3splt_new_state in -lmp3splt
configure:3362: gcc -o conftest  -I../libmp3splt/include/ -I../../libmp3splt/include/ -I../libmp3splt/include/libmp3splt/ -I../../libmp3splt/include/libmp3splt/   -L../libmp3splt/src/.libs -L../libmp3splt/src -L../../libmp3splt/src/.libs/ -L../../libmp3splt/src/ conftest.c -lmp3splt   >&5
ld: warning: directory '../libmp3splt/src/.libs' following -L not found
ld: warning: directory '../libmp3splt/src' following -L not found
ld: warning: directory '../../libmp3splt/src/.libs/' following -L not found
ld: warning: directory '../../libmp3splt/src/' following -L not found
ld: library not found for -lmp3splt
collect2: ld returned 1 exit status
configure:3368: $? = 1
configure: failed program was:
| /* confdefs.h.  */
| #define PACKAGE_NAME "mp3splt"
| #define PACKAGE_TARNAME "mp3splt"
| #define PACKAGE_VERSION "2.2.1"
| #define PACKAGE_STRING "mp3splt 2.2.1"
| #define PACKAGE_BUGREPORT "mtrotta@users.sourceforge.net"
| #define PACKAGE "mp3splt"
| #define VERSION "2.2.1"
| /* end confdefs.h.  */
| 
| /* Override any GCC internal prototype to avoid an error.
|    Use char because int might match the return type of a GCC
|    builtin and then its argument prototype would still apply.  */
| #ifdef __cplusplus
| extern "C"
| #endif
| char mp3splt_new_state ();
| int
| main ()
| {
| return mp3splt_new_state ();
|   ;
|   return 0;
| }
configure:3386: result: no
configure:3394: error: libmp3splt version 0.5.1 needed :

Download the latest version of libmp3splt at http://mp3splt.sourceforge.net/


## ---------------- ##
## Cache variables. ##
## ---------------- ##

ac_cv_c_compiler_gnu=yes
ac_cv_env_CC_set=
ac_cv_env_CC_value=
ac_cv_env_CFLAGS_set=
ac_cv_env_CFLAGS_value=
ac_cv_env_CPPFLAGS_set=
ac_cv_env_CPPFLAGS_value=
ac_cv_env_LDFLAGS_set=
ac_cv_env_LDFLAGS_value=
ac_cv_env_LIBS_set=
ac_cv_env_LIBS_value=
ac_cv_env_build_alias_set=
ac_cv_env_build_alias_value=
ac_cv_env_host_alias_set=
ac_cv_env_host_alias_value=
ac_cv_env_target_alias_set=
ac_cv_env_target_alias_value=
ac_cv_lib_mp3splt_mp3splt_new_state=no
ac_cv_objext=o
ac_cv_path_install='/usr/bin/install -c'
ac_cv_prog_AWK=awk
ac_cv_prog_ac_ct_CC=gcc
ac_cv_prog_cc_c89=
ac_cv_prog_cc_g=yes
ac_cv_prog_make_make_set=yes
am_cv_CC_dependencies_compiler_type=gcc3

## ----------------- ##
## Output variables. ##
## ----------------- ##

ACLOCAL='${SHELL} /modified-mp3splt/mp3splt-2.2.1/missing --run aclocal-1.10'
AMDEPBACKSLASH='\'
AMDEP_FALSE='#'
AMDEP_TRUE=''
AMTAR='${SHELL} /modified-mp3splt/mp3splt-2.2.1/missing --run tar'
AUTOCONF='${SHELL} /modified-mp3splt/mp3splt-2.2.1/missing --run autoconf'
AUTOHEADER='${SHELL} /modified-mp3splt/mp3splt-2.2.1/missing --run autoheader'
AUTOMAKE='${SHELL} /modified-mp3splt/mp3splt-2.2.1/missing --run automake-1.10'
AWK='awk'
CC='gcc'
CCDEPMODE='depmode=gcc3'
CFLAGS=' -I../libmp3splt/include/ -I../../libmp3splt/include/ -I../libmp3splt/include/libmp3splt/ -I../../libmp3splt/include/libmp3splt/'
CPPFLAGS=''
CYGPATH_W='echo'
DEFS=''
DEPDIR='.deps'
DO_SYMLINK_FALSE=''
DO_SYMLINK_TRUE=''
ECHO_C='ECHO_N=''
ECHO_T=''
EXEEXT=''
INSTALL_DATA='${INSTALL} -m 644'
INSTALL_PROGRAM='${INSTALL}'
INSTALL_SCRIPT='${INSTALL}'
INSTALL_STRIP_PROGRAM='$(install_sh) -c -s'
LDFLAGS=' -L../libmp3splt/src/.libs -L../libmp3splt/src -L../../libmp3splt/src/.libs/ -L../../libmp3splt/src/'
LIBOBJS=''
LIBS=''
LTLIBOBJS=''
MAKEINFO='${SHELL} /modified-mp3splt/mp3splt-2.2.1/missing --run makeinfo'
OBJEXT='o'
PACKAGE='mp3splt'
PACKAGE_BUGREPORT='mtrotta@users.sourceforge.net'
PACKAGE_NAME='mp3splt'
PACKAGE_STRING='mp3splt 2.2.1'
PACKAGE_TARNAME='mp3splt'
PACKAGE_VERSION='2.2.1'
PATH_SEPARATOR=':'
SET_MAKE=''
SHELL='/bin/sh'
STRIP=''
VERSION='2.2.1'
ac_ct_CC='gcc'
am__fastdepCC_FALSE='#'
am__fastdepCC_TRUE=''
am__include='include'
am__isrc=''
am__leading_dot='.'
am__quote=''
am__tar='${AMTAR} chof - "$$tardir"'
am__untar='${AMTAR} xf -'
bindir='${exec_prefix}/bin'
build_alias=''
datadir='${datarootdir}'
datarootdir='${prefix}/share'
docdir='${datarootdir}/doc/${PACKAGE_TARNAME}'
dvidir='${docdir}'
exec_prefix='NONE'
host_alias=''
htmldir='${docdir}'
includedir='${prefix}/include'
infodir='${datarootdir}/info'
install_sh='$(SHELL) /modified-mp3splt/mp3splt-2.2.1/install-sh'
libdir='${exec_prefix}/lib'
libexecdir='${exec_prefix}/libexec'
localedir='${datarootdir}/locale'
localstatedir='${prefix}/var'
mandir='${datarootdir}/man'
mkdir_p='$(top_builddir)/./install-sh -c -d'
oldincludedir='/usr/include'
pdfdir='${docdir}'
prefix='NONE'
program_transform_name='s,x,x,'
psdir='${docdir}'
sbindir='${exec_prefix}/sbin'
sharedstatedir='${prefix}/com'
sysconfdir='${prefix}/etc'
target_alias=''

## ----------- ##
## confdefs.h. ##
## ----------- ##

#define PACKAGE_NAME "mp3splt"
#define PACKAGE_TARNAME "mp3splt"
#define PACKAGE_VERSION "2.2.1"
#define PACKAGE_STRING "mp3splt 2.2.1"
#define PACKAGE_BUGREPORT "mtrotta@users.sourceforge.net"
#define PACKAGE "mp3splt"
#define VERSION "2.2.1"

configure: exit 1
