This file contains any messages produced by compilers while
running configure, to aid debugging if configure makes a mistake.

It was created by libmp3splt configure 0.5.2, which was
generated by GNU Autoconf 2.61.  Invocation command line was

  $ ./configure --disable-id3tag --disable-ogg

## --------- ##
## Platform. ##
## --------- ##

hostname = dhcp-210.cems.uwe.ac.uk
uname -m = i386
uname -r = 10.3.3
uname -s = Darwin
uname -v = Darwin Kernel Version 10.3.3: Wed Apr  7 20:48:41 PDT 2010; root:xnu-1504.6.1~3/RELEASE_I386

/usr/bin/uname -p = i386
/bin/uname -X     = unknown

/bin/arch              = unknown
/usr/bin/arch -k       = unknown
/usr/convex/getsysinfo = unknown
/usr/bin/hostinfo      = Mach kernel version:
	 Darwin Kernel Version 10.3.3: Wed Apr  7 20:48:41 PDT 2010; root:xnu-1504.6.1~3/RELEASE_I386
Kernel configured for up to 2 processors.
2 processors are physically available.
2 processors are logically available.
Processor type: i486 (Intel 80486)
Processors active: 0 1
Primary memory available: 2.00 gigabytes
Default processor set: 64 tasks, 263 threads, 2 processors
Load average: 0.66, Mach factor: 1.33
/bin/machine           = unknown
/usr/bin/oslevel       = unknown
/bin/universe          = unknown

PATH: /usr/bin
PATH: /bin
PATH: /usr/sbin
PATH: /sbin
PATH: /usr/local/bin
PATH: /usr/X11/bin


## ----------- ##
## Core tests. ##
## ----------- ##

configure:2001: checking for a BSD-compatible install
configure:2057: result: /usr/bin/install -c
configure:2068: checking whether build environment is sane
configure:2111: result: yes
configure:2139: checking for a thread-safe mkdir -p
configure:2178: result: ./install-sh -c -d
configure:2191: checking for gawk
configure:2221: result: no
configure:2191: checking for mawk
configure:2221: result: no
configure:2191: checking for nawk
configure:2221: result: no
configure:2191: checking for awk
configure:2207: found /usr/bin/awk
configure:2218: result: awk
configure:2229: checking whether make sets $(MAKE)
configure:2250: result: yes
configure:2495: checking for gcc
configure:2511: found /usr/bin/gcc
configure:2522: result: gcc
configure:2760: checking for C compiler version
configure:2767: gcc --version >&5
i686-apple-darwin10-gcc-4.2.1 (GCC) 4.2.1 (Apple Inc. build 5659)
Copyright (C) 2007 Free Software Foundation, Inc.
This is free software; see the source for copying conditions.  There is NO
warranty; not even for MERCHANTABILITY or FITNESS FOR A PARTICULAR PURPOSE.

configure:2770: $? = 0
configure:2777: gcc -v >&5
Using built-in specs.
Target: i686-apple-darwin10
Configured with: /var/tmp/gcc/gcc-5659~1/src/configure --disable-checking --enable-werror --prefix=/usr --mandir=/share/man --enable-languages=c,objc,c++,obj-c++ --program-transform-name=/^[cg][^.-]*$/s/$/-4.2/ --with-slibdir=/usr/lib --build=i686-apple-darwin10 --program-prefix=i686-apple-darwin10- --host=x86_64-apple-darwin10 --target=i686-apple-darwin10 --with-gxx-include-dir=/include/c++/4.2.1
Thread model: posix
gcc version 4.2.1 (Apple Inc. build 5659)
configure:2780: $? = 0
configure:2787: gcc -V >&5
gcc-4.2: argument to `-V' is missing
configure:2790: $? = 1
configure:2813: checking for C compiler default output file name
configure:2840: gcc -g  -I../include/libmp3splt   conftest.c  >&5
configure:2843: $? = 0
configure:2881: result: a.out
configure:2898: checking whether the C compiler works
configure:2908: ./a.out
configure:2911: $? = 0
configure:2928: result: yes
configure:2935: checking whether we are cross compiling
configure:2937: result: no
configure:2940: checking for suffix of executables
configure:2947: gcc -o conftest -g  -I../include/libmp3splt   conftest.c  >&5
configure:2950: $? = 0
configure:2974: result: 
configure:2980: checking for suffix of object files
configure:3006: gcc -c -g  -I../include/libmp3splt  conftest.c >&5
configure:3009: $? = 0
configure:3032: result: o
configure:3036: checking whether we are using the GNU C compiler
configure:3065: gcc -c -g  -I../include/libmp3splt  conftest.c >&5
configure:3071: $? = 0
configure:3088: result: yes
configure:3093: checking whether gcc accepts -g
configure:3123: gcc -c -g  conftest.c >&5
configure:3129: $? = 0
configure:3228: result: yes
configure:3245: checking for gcc option to accept ISO C89
configure:3319: gcc  -c -g  -I../include/libmp3splt  conftest.c >&5
configure:3325: $? = 0
configure:3348: result: none needed
configure:3377: checking for style of include used by make
configure:3405: result: GNU
configure:3430: checking dependency style of gcc
configure:3521: result: gcc3
configure:3549: checking for a BSD-compatible install
configure:3605: result: /usr/bin/install -c
configure:3616: checking whether ln -s works
configure:3620: result: yes
configure:3638: checking how to run the C preprocessor
configure:3678: gcc -E  conftest.c
configure:3684: $? = 0
configure:3715: gcc -E  conftest.c
conftest.c:10:28: error: ac_nonexistent.h: No such file or directory
configure:3721: $? = 1
configure: failed program was:
| /* confdefs.h.  */
| #define PACKAGE_NAME "libmp3splt"
| #define PACKAGE_TARNAME "libmp3splt"
| #define PACKAGE_VERSION "0.5.2"
| #define PACKAGE_STRING "libmp3splt 0.5.2"
| #define PACKAGE_BUGREPORT "io_fx@yahoo.fr"
| #define PACKAGE "libmp3splt"
| #define VERSION "0.5.2"
| /* end confdefs.h.  */
| #include <ac_nonexistent.h>
configure:3754: result: gcc -E
configure:3783: gcc -E  conftest.c
configure:3789: $? = 0
configure:3820: gcc -E  conftest.c
conftest.c:10:28: error: ac_nonexistent.h: No such file or directory
configure:3826: $? = 1
configure: failed program was:
| /* confdefs.h.  */
| #define PACKAGE_NAME "libmp3splt"
| #define PACKAGE_TARNAME "libmp3splt"
| #define PACKAGE_VERSION "0.5.2"
| #define PACKAGE_STRING "libmp3splt 0.5.2"
| #define PACKAGE_BUGREPORT "io_fx@yahoo.fr"
| #define PACKAGE "libmp3splt"
| #define VERSION "0.5.2"
| /* end confdefs.h.  */
| #include <ac_nonexistent.h>
configure:3864: checking for grep that handles long lines and -e
configure:3938: result: /usr/bin/grep
configure:3943: checking for egrep
configure:4021: result: /usr/bin/grep -E
configure:4026: checking for ANSI C header files
configure:4056: gcc -c -g  -I../include/libmp3splt  conftest.c >&5
configure:4062: $? = 0
configure:4161: gcc -o conftest -g  -I../include/libmp3splt   conftest.c  >&5
configure:4164: $? = 0
configure:4170: ./conftest
configure:4173: $? = 0
configure:4190: result: yes
configure:4214: checking for sys/types.h
configure:4235: gcc -c -g  -I../include/libmp3splt  conftest.c >&5
configure:4241: $? = 0
configure:4257: result: yes
configure:4214: checking for sys/stat.h
configure:4235: gcc -c -g  -I../include/libmp3splt  conftest.c >&5
configure:4241: $? = 0
configure:4257: result: yes
configure:4214: checking for stdlib.h
configure:4235: gcc -c -g  -I../include/libmp3splt  conftest.c >&5
configure:4241: $? = 0
configure:4257: result: yes
configure:4214: checking for string.h
configure:4235: gcc -c -g  -I../include/libmp3splt  conftest.c >&5
configure:4241: $? = 0
configure:4257: result: yes
configure:4214: checking for memory.h
configure:4235: gcc -c -g  -I../include/libmp3splt  conftest.c >&5
configure:4241: $? = 0
configure:4257: result: yes
configure:4214: checking for strings.h
configure:4235: gcc -c -g  -I../include/libmp3splt  conftest.c >&5
configure:4241: $? = 0
configure:4257: result: yes
configure:4214: checking for inttypes.h
configure:4235: gcc -c -g  -I../include/libmp3splt  conftest.c >&5
configure:4241: $? = 0
configure:4257: result: yes
configure:4214: checking for stdint.h
configure:4235: gcc -c -g  -I../include/libmp3splt  conftest.c >&5
configure:4241: $? = 0
configure:4257: result: yes
configure:4214: checking for unistd.h
configure:4235: gcc -c -g  -I../include/libmp3splt  conftest.c >&5
configure:4241: $? = 0
configure:4257: result: yes
configure:4269: checking whether byte ordering is bigendian
configure:4302: gcc -c -g  -I../include/libmp3splt  conftest.c >&5
configure:4308: $? = 0
configure:4340: gcc -c -g  -I../include/libmp3splt  conftest.c >&5
conftest.c: In function 'main':
conftest.c:27: error: 'not' undeclared (first use in this function)
conftest.c:27: error: (Each undeclared identifier is reported only once
conftest.c:27: error: for each function it appears in.)
conftest.c:27: error: expected ';' before 'big'
configure:4346: $? = 1
configure: failed program was:
| /* confdefs.h.  */
| #define PACKAGE_NAME "libmp3splt"
| #define PACKAGE_TARNAME "libmp3splt"
| #define PACKAGE_VERSION "0.5.2"
| #define PACKAGE_STRING "libmp3splt 0.5.2"
| #define PACKAGE_BUGREPORT "io_fx@yahoo.fr"
| #define PACKAGE "libmp3splt"
| #define VERSION "0.5.2"
| #define STDC_HEADERS 1
| #define HAVE_SYS_TYPES_H 1
| #define HAVE_SYS_STAT_H 1
| #define HAVE_STDLIB_H 1
| #define HAVE_STRING_H 1
| #define HAVE_MEMORY_H 1
| #define HAVE_STRINGS_H 1
| #define HAVE_INTTYPES_H 1
| #define HAVE_STDINT_H 1
| #define HAVE_UNISTD_H 1
| /* end confdefs.h.  */
| #include <sys/types.h>
| #include <sys/param.h>
| 
| int
| main ()
| {
| #if BYTE_ORDER != BIG_ENDIAN
|  not big endian
| #endif
| 
|   ;
|   return 0;
| }
configure:4486: result: no
configure:4505: checking for an ANSI C-conforming const
configure:4580: gcc -c -g  -I../include/libmp3splt  conftest.c >&5
configure:4586: $? = 0
configure:4601: result: yes
configure:4624: checking for dirent.h that defines DIR
configure:4653: gcc -c -g  -I../include/libmp3splt  conftest.c >&5
configure:4659: $? = 0
configure:4675: result: yes
configure:4688: checking for library containing opendir
configure:4729: gcc -o conftest -g  -I../include/libmp3splt   conftest.c  >&5
configure:4735: $? = 0
configure:4763: result: none required
configure:4872: checking dlfcn.h usability
configure:4889: gcc -c -g  -I../include/libmp3splt  conftest.c >&5
configure:4895: $? = 0
configure:4909: result: yes
configure:4913: checking dlfcn.h presence
configure:4928: gcc -E  conftest.c
configure:4934: $? = 0
configure:4948: result: yes
configure:4981: checking for dlfcn.h
configure:4989: result: yes
configure:5025: checking dynamic linker characteristics
configure:5613: result: no
configure:5623: checking which extension is used for loadable modules
configure:5633: result: .so
configure:5644: checking which variable specifies run-time library path
configure:5651: result: 
configure:5662: checking for the default library search path
configure:5669: result: /lib /usr/lib
configure:5687: checking for objdir
configure:5708: result: .libs
configure:5722: checking build system type
configure:5740: result: i386-apple-darwin10.3.3
configure:5762: checking host system type
configure:5777: result: i386-apple-darwin10.3.3
configure:5799: checking for BSD-compatible nm
configure:5848: result: /usr/bin/nm
configure:5857: checking command to parse /usr/bin/nm output from  object
configure:5962: gcc -c -g  -I../include/libmp3splt  conftest.c >&5
configure:5965: $? = 0
configure:5969: /usr/bin/nm conftest.o \| sed -n -e 's/^.*[ 	]\([BCDEGRST][BCDEGRST]*\)[ 	][ 	]*\([_A-Za-z][_A-Za-z0-9]*\)$/\1 \2 \2/p' \> conftest.nm
configure:5972: $? = 0
cannot find nm_test_var in conftest.nm
configure:5962: gcc -c -g  -I../include/libmp3splt  conftest.c >&5
configure:5965: $? = 0
configure:5969: /usr/bin/nm conftest.o \| sed -n -e 's/^.*[ 	]\([BCDEGRST][BCDEGRST]*\)[ 	][ 	]*_\([_A-Za-z][_A-Za-z0-9]*\)$/\1 _\2 \2/p' \> conftest.nm
configure:5972: $? = 0
configure:6024: gcc -o conftest -g  -I../include/libmp3splt   conftest.c conftstm.o >&5
configure:6027: $? = 0
configure:6065: result: ok
configure:6070: checking whether libtool supports -dlopen/-dlpreopen
configure:6082: result: yes
configure:6101: checking for shl_load
configure:6157: gcc -o conftest -g  -I../include/libmp3splt   conftest.c  >&5
Undefined symbols:
  "_shl_load", referenced from:
      _main in cc7KQAS7.o
ld: symbol(s) not found
collect2: ld returned 1 exit status
configure:6163: $? = 1
configure: failed program was:
| /* confdefs.h.  */
| #define PACKAGE_NAME "libmp3splt"
| #define PACKAGE_TARNAME "libmp3splt"
| #define PACKAGE_VERSION "0.5.2"
| #define PACKAGE_STRING "libmp3splt 0.5.2"
| #define PACKAGE_BUGREPORT "io_fx@yahoo.fr"
| #define PACKAGE "libmp3splt"
| #define VERSION "0.5.2"
| #define STDC_HEADERS 1
| #define HAVE_SYS_TYPES_H 1
| #define HAVE_SYS_STAT_H 1
| #define HAVE_STDLIB_H 1
| #define HAVE_STRING_H 1
| #define HAVE_MEMORY_H 1
| #define HAVE_STRINGS_H 1
| #define HAVE_INTTYPES_H 1
| #define HAVE_STDINT_H 1
| #define HAVE_UNISTD_H 1
| #define HAVE_DIRENT_H 1
| #define HAVE_DLFCN_H 1
| #define LTDL_SHLIB_EXT ".so"
| #define LTDL_SYSSEARCHPATH "/lib:/usr/lib"
| #define LTDL_OBJDIR ".libs/"
| #define HAVE_PRELOADED_SYMBOLS 1
| /* end confdefs.h.  */
| /* Define shl_load to an innocuous variant, in case <limits.h> declares shl_load.
|    For example, HP-UX 11i <limits.h> declares gettimeofday.  */
| #define shl_load innocuous_shl_load
| 
| /* System header to define __stub macros and hopefully few prototypes,
|     which can conflict with char shl_load (); below.
|     Prefer <limits.h> to <assert.h> if __STDC__ is defined, since
|     <limits.h> exists even on freestanding compilers.  */
| 
| #ifdef __STDC__
| # include <limits.h>
| #else
| # include <assert.h>
| #endif
| 
| #undef shl_load
| 
| /* Override any GCC internal prototype to avoid an error.
|    Use char because int might match the return type of a GCC
|    builtin and then its argument prototype would still apply.  */
| #ifdef __cplusplus
| extern "C"
| #endif
| char shl_load ();
| /* The GNU C library defines this for functions which it implements
|     to always fail with ENOSYS.  Some functions are actually named
|     something starting with __ and the normal name is an alias.  */
| #if defined __stub_shl_load || defined __stub___shl_load
| choke me
| #endif
| 
| int
| main ()
| {
| return shl_load ();
|   ;
|   return 0;
| }
configure:6180: result: no
configure:6189: checking for shl_load in -ldld
configure:6224: gcc -o conftest -g  -I../include/libmp3splt   conftest.c -ldld   >&5
ld: library not found for -ldld
collect2: ld returned 1 exit status
configure:6230: $? = 1
configure: failed program was:
| /* confdefs.h.  */
| #define PACKAGE_NAME "libmp3splt"
| #define PACKAGE_TARNAME "libmp3splt"
| #define PACKAGE_VERSION "0.5.2"
| #define PACKAGE_STRING "libmp3splt 0.5.2"
| #define PACKAGE_BUGREPORT "io_fx@yahoo.fr"
| #define PACKAGE "libmp3splt"
| #define VERSION "0.5.2"
| #define STDC_HEADERS 1
| #define HAVE_SYS_TYPES_H 1
| #define HAVE_SYS_STAT_H 1
| #define HAVE_STDLIB_H 1
| #define HAVE_STRING_H 1
| #define HAVE_MEMORY_H 1
| #define HAVE_STRINGS_H 1
| #define HAVE_INTTYPES_H 1
| #define HAVE_STDINT_H 1
| #define HAVE_UNISTD_H 1
| #define HAVE_DIRENT_H 1
| #define HAVE_DLFCN_H 1
| #define LTDL_SHLIB_EXT ".so"
| #define LTDL_SYSSEARCHPATH "/lib:/usr/lib"
| #define LTDL_OBJDIR ".libs/"
| #define HAVE_PRELOADED_SYMBOLS 1
| /* end confdefs.h.  */
| 
| /* Override any GCC internal prototype to avoid an error.
|    Use char because int might match the return type of a GCC
|    builtin and then its argument prototype would still apply.  */
| #ifdef __cplusplus
| extern "C"
| #endif
| char shl_load ();
| int
| main ()
| {
| return shl_load ();
|   ;
|   return 0;
| }
configure:6248: result: no
configure:6258: checking for dlopen in -ldl
configure:6293: gcc -o conftest -g  -I../include/libmp3splt   conftest.c -ldl   >&5
configure:6299: $? = 0
configure:6317: result: yes
configure:6628: checking for dlerror
configure:6684: gcc -o conftest -g  -I../include/libmp3splt   conftest.c  -ldl >&5
configure:6690: $? = 0
configure:6708: result: yes
configure:6728: checking for _ prefix in compiled symbols
configure:6738: gcc -c -g  -I../include/libmp3splt  conftest.c >&5
configure:6741: $? = 0
configure:6745: /usr/bin/nm conftest.o \| sed -n -e 's/^.*[ 	]\([BCDEGRST][BCDEGRST]*\)[ 	][ 	]*_\([_A-Za-z][_A-Za-z0-9]*\)$/\1 _\2 \2/p' \> conftest.nm
configure:6748: $? = 0
configure:6770: result: yes
configure:6777: checking whether we have to add an underscore for dlsym
configure:6854: gcc -o conftest -g  -I../include/libmp3splt   conftest.c  -ldl >&5
configure: In function 'main':
configure:6850: warning: incompatible implicit declaration of built-in function 'exit'
configure:6857: $? = 0
configure:6876: result: no
configure:6890: checking whether deplibs are loaded by dlopen
configure:6971: result: yes
configure:6996: checking argz.h usability
configure:7013: gcc -c -g  -I../include/libmp3splt  conftest.c >&5
conftest.c:61:18: error: argz.h: No such file or directory
configure:7019: $? = 1
configure: failed program was:
| /* confdefs.h.  */
| #define PACKAGE_NAME "libmp3splt"
| #define PACKAGE_TARNAME "libmp3splt"
| #define PACKAGE_VERSION "0.5.2"
| #define PACKAGE_STRING "libmp3splt 0.5.2"
| #define PACKAGE_BUGREPORT "io_fx@yahoo.fr"
| #define PACKAGE "libmp3splt"
| #define VERSION "0.5.2"
| #define STDC_HEADERS 1
| #define HAVE_SYS_TYPES_H 1
| #define HAVE_SYS_STAT_H 1
| #define HAVE_STDLIB_H 1
| #define HAVE_STRING_H 1
| #define HAVE_MEMORY_H 1
| #define HAVE_STRINGS_H 1
| #define HAVE_INTTYPES_H 1
| #define HAVE_STDINT_H 1
| #define HAVE_UNISTD_H 1
| #define HAVE_DIRENT_H 1
| #define HAVE_DLFCN_H 1
| #define LTDL_SHLIB_EXT ".so"
| #define LTDL_SYSSEARCHPATH "/lib:/usr/lib"
| #define LTDL_OBJDIR ".libs/"
| #define HAVE_PRELOADED_SYMBOLS 1
| #define HAVE_LIBDL 1
| #define HAVE_DLERROR 1
| /* end confdefs.h.  */
| #include <stdio.h>
| #ifdef HAVE_SYS_TYPES_H
| # include <sys/types.h>
| #endif
| #ifdef HAVE_SYS_STAT_H
| # include <sys/stat.h>
| #endif
| #ifdef STDC_HEADERS
| # include <stdlib.h>
| # include <stddef.h>
| #else
| # ifdef HAVE_STDLIB_H
| #  include <stdlib.h>
| # endif
| #endif
| #ifdef HAVE_STRING_H
| # if !defined STDC_HEADERS && defined HAVE_MEMORY_H
| #  include <memory.h>
| # endif
| # include <string.h>
| #endif
| #ifdef HAVE_STRINGS_H
| # include <strings.h>
| #endif
| #ifdef HAVE_INTTYPES_H
| # include <inttypes.h>
| #endif
| #ifdef HAVE_STDINT_H
| # include <stdint.h>
| #endif
| #ifdef HAVE_UNISTD_H
| # include <unistd.h>
| #endif
| #include <argz.h>
configure:7033: result: no
configure:7037: checking argz.h presence
configure:7052: gcc -E  conftest.c
conftest.c:28:18: error: argz.h: No such file or directory
configure:7058: $? = 1
configure: failed program was:
| /* confdefs.h.  */
| #define PACKAGE_NAME "libmp3splt"
| #define PACKAGE_TARNAME "libmp3splt"
| #define PACKAGE_VERSION "0.5.2"
| #define PACKAGE_STRING "libmp3splt 0.5.2"
| #define PACKAGE_BUGREPORT "io_fx@yahoo.fr"
| #define PACKAGE "libmp3splt"
| #define VERSION "0.5.2"
| #define STDC_HEADERS 1
| #define HAVE_SYS_TYPES_H 1
| #define HAVE_SYS_STAT_H 1
| #define HAVE_STDLIB_H 1
| #define HAVE_STRING_H 1
| #define HAVE_MEMORY_H 1
| #define HAVE_STRINGS_H 1
| #define HAVE_INTTYPES_H 1
| #define HAVE_STDINT_H 1
| #define HAVE_UNISTD_H 1
| #define HAVE_DIRENT_H 1
| #define HAVE_DLFCN_H 1
| #define LTDL_SHLIB_EXT ".so"
| #define LTDL_SYSSEARCHPATH "/lib:/usr/lib"
| #define LTDL_OBJDIR ".libs/"
| #define HAVE_PRELOADED_SYMBOLS 1
| #define HAVE_LIBDL 1
| #define HAVE_DLERROR 1
| /* end confdefs.h.  */
| #include <argz.h>
configure:7072: result: no
configure:7105: checking for argz.h
configure:7113: result: no
configure:7127: checking for error_t
configure:7160: gcc -c -g  -I../include/libmp3splt  conftest.c >&5
conftest.c:32: error: expected '=', ',', ';', 'asm' or '__attribute__' before 'ac__type_new_'
conftest.c: In function 'main':
conftest.c:36: error: 'ac__type_new_' undeclared (first use in this function)
conftest.c:36: error: (Each undeclared identifier is reported only once
conftest.c:36: error: for each function it appears in.)
conftest.c:36: error: expected expression before ')' token
configure:7166: $? = 1
configure: failed program was:
| /* confdefs.h.  */
| #define PACKAGE_NAME "libmp3splt"
| #define PACKAGE_TARNAME "libmp3splt"
| #define PACKAGE_VERSION "0.5.2"
| #define PACKAGE_STRING "libmp3splt 0.5.2"
| #define PACKAGE_BUGREPORT "io_fx@yahoo.fr"
| #define PACKAGE "libmp3splt"
| #define VERSION "0.5.2"
| #define STDC_HEADERS 1
| #define HAVE_SYS_TYPES_H 1
| #define HAVE_SYS_STAT_H 1
| #define HAVE_STDLIB_H 1
| #define HAVE_STRING_H 1
| #define HAVE_MEMORY_H 1
| #define HAVE_STRINGS_H 1
| #define HAVE_INTTYPES_H 1
| #define HAVE_STDINT_H 1
| #define HAVE_UNISTD_H 1
| #define HAVE_DIRENT_H 1
| #define HAVE_DLFCN_H 1
| #define LTDL_SHLIB_EXT ".so"
| #define LTDL_SYSSEARCHPATH "/lib:/usr/lib"
| #define LTDL_OBJDIR ".libs/"
| #define HAVE_PRELOADED_SYMBOLS 1
| #define HAVE_LIBDL 1
| #define HAVE_DLERROR 1
| /* end confdefs.h.  */
| #if HAVE_ARGZ_H
| #  include <argz.h>
| #endif
| 
| typedef error_t ac__type_new_;
| int
| main ()
| {
| if ((ac__type_new_ *) 0)
|   return 0;
| if (sizeof (ac__type_new_))
|   return 0;
|   ;
|   return 0;
| }
configure:7181: result: no
configure:7207: checking for argz_append
configure:7263: gcc -o conftest -g  -I../include/libmp3splt   conftest.c  >&5
Undefined symbols:
  "_argz_append", referenced from:
      _main in cc7Z0CCs.o
ld: symbol(s) not found
collect2: ld returned 1 exit status
configure:7269: $? = 1
configure: failed program was:
| /* confdefs.h.  */
| #define PACKAGE_NAME "libmp3splt"
| #define PACKAGE_TARNAME "libmp3splt"
| #define PACKAGE_VERSION "0.5.2"
| #define PACKAGE_STRING "libmp3splt 0.5.2"
| #define PACKAGE_BUGREPORT "io_fx@yahoo.fr"
| #define PACKAGE "libmp3splt"
| #define VERSION "0.5.2"
| #define STDC_HEADERS 1
| #define HAVE_SYS_TYPES_H 1
| #define HAVE_SYS_STAT_H 1
| #define HAVE_STDLIB_H 1
| #define HAVE_STRING_H 1
| #define HAVE_MEMORY_H 1
| #define HAVE_STRINGS_H 1
| #define HAVE_INTTYPES_H 1
| #define HAVE_STDINT_H 1
| #define HAVE_UNISTD_H 1
| #define HAVE_DIRENT_H 1
| #define HAVE_DLFCN_H 1
| #define LTDL_SHLIB_EXT ".so"
| #define LTDL_SYSSEARCHPATH "/lib:/usr/lib"
| #define LTDL_OBJDIR ".libs/"
| #define HAVE_PRELOADED_SYMBOLS 1
| #define HAVE_LIBDL 1
| #define HAVE_DLERROR 1
| #define error_t int
| /* end confdefs.h.  */
| /* Define argz_append to an innocuous variant, in case <limits.h> declares argz_append.
|    For example, HP-UX 11i <limits.h> declares gettimeofday.  */
| #define argz_append innocuous_argz_append
| 
| /* System header to define __stub macros and hopefully few prototypes,
|     which can conflict with char argz_append (); below.
|     Prefer <limits.h> to <assert.h> if __STDC__ is defined, since
|     <limits.h> exists even on freestanding compilers.  */
| 
| #ifdef __STDC__
| # include <limits.h>
| #else
| # include <assert.h>
| #endif
| 
| #undef argz_append
| 
| /* Override any GCC internal prototype to avoid an error.
|    Use char because int might match the return type of a GCC
|    builtin and then its argument prototype would still apply.  */
| #ifdef __cplusplus
| extern "C"
| #endif
| char argz_append ();
| /* The GNU C library defines this for functions which it implements
|     to always fail with ENOSYS.  Some functions are actually named
|     something starting with __ and the normal name is an alias.  */
| #if defined __stub_argz_append || defined __stub___argz_append
| choke me
| #endif
| 
| int
| main ()
| {
| return argz_append ();
|   ;
|   return 0;
| }
configure:7287: result: no
configure:7207: checking for argz_create_sep
configure:7263: gcc -o conftest -g  -I../include/libmp3splt   conftest.c  >&5
Undefined symbols:
  "_argz_create_sep", referenced from:
      _main in ccove16R.o
ld: symbol(s) not found
collect2: ld returned 1 exit status
configure:7269: $? = 1
configure: failed program was:
| /* confdefs.h.  */
| #define PACKAGE_NAME "libmp3splt"
| #define PACKAGE_TARNAME "libmp3splt"
| #define PACKAGE_VERSION "0.5.2"
| #define PACKAGE_STRING "libmp3splt 0.5.2"
| #define PACKAGE_BUGREPORT "io_fx@yahoo.fr"
| #define PACKAGE "libmp3splt"
| #define VERSION "0.5.2"
| #define STDC_HEADERS 1
| #define HAVE_SYS_TYPES_H 1
| #define HAVE_SYS_STAT_H 1
| #define HAVE_STDLIB_H 1
| #define HAVE_STRING_H 1
| #define HAVE_MEMORY_H 1
| #define HAVE_STRINGS_H 1
| #define HAVE_INTTYPES_H 1
| #define HAVE_STDINT_H 1
| #define HAVE_UNISTD_H 1
| #define HAVE_DIRENT_H 1
| #define HAVE_DLFCN_H 1
| #define LTDL_SHLIB_EXT ".so"
| #define LTDL_SYSSEARCHPATH "/lib:/usr/lib"
| #define LTDL_OBJDIR ".libs/"
| #define HAVE_PRELOADED_SYMBOLS 1
| #define HAVE_LIBDL 1
| #define HAVE_DLERROR 1
| #define error_t int
| /* end confdefs.h.  */
| /* Define argz_create_sep to an innocuous variant, in case <limits.h> declares argz_create_sep.
|    For example, HP-UX 11i <limits.h> declares gettimeofday.  */
| #define argz_create_sep innocuous_argz_create_sep
| 
| /* System header to define __stub macros and hopefully few prototypes,
|     which can conflict with char argz_create_sep (); below.
|     Prefer <limits.h> to <assert.h> if __STDC__ is defined, since
|     <limits.h> exists even on freestanding compilers.  */
| 
| #ifdef __STDC__
| # include <limits.h>
| #else
| # include <assert.h>
| #endif
| 
| #undef argz_create_sep
| 
| /* Override any GCC internal prototype to avoid an error.
|    Use char because int might match the return type of a GCC
|    builtin and then its argument prototype would still apply.  */
| #ifdef __cplusplus
| extern "C"
| #endif
| char argz_create_sep ();
| /* The GNU C library defines this for functions which it implements
|     to always fail with ENOSYS.  Some functions are actually named
|     something starting with __ and the normal name is an alias.  */
| #if defined __stub_argz_create_sep || defined __stub___argz_create_sep
| choke me
| #endif
| 
| int
| main ()
| {
| return argz_create_sep ();
|   ;
|   return 0;
| }
configure:7287: result: no
configure:7207: checking for argz_insert
configure:7263: gcc -o conftest -g  -I../include/libmp3splt   conftest.c  >&5
Undefined symbols:
  "_argz_insert", referenced from:
      _main in ccgmHpKc.o
ld: symbol(s) not found
collect2: ld returned 1 exit status
configure:7269: $? = 1
configure: failed program was:
| /* confdefs.h.  */
| #define PACKAGE_NAME "libmp3splt"
| #define PACKAGE_TARNAME "libmp3splt"
| #define PACKAGE_VERSION "0.5.2"
| #define PACKAGE_STRING "libmp3splt 0.5.2"
| #define PACKAGE_BUGREPORT "io_fx@yahoo.fr"
| #define PACKAGE "libmp3splt"
| #define VERSION "0.5.2"
| #define STDC_HEADERS 1
| #define HAVE_SYS_TYPES_H 1
| #define HAVE_SYS_STAT_H 1
| #define HAVE_STDLIB_H 1
| #define HAVE_STRING_H 1
| #define HAVE_MEMORY_H 1
| #define HAVE_STRINGS_H 1
| #define HAVE_INTTYPES_H 1
| #define HAVE_STDINT_H 1
| #define HAVE_UNISTD_H 1
| #define HAVE_DIRENT_H 1
| #define HAVE_DLFCN_H 1
| #define LTDL_SHLIB_EXT ".so"
| #define LTDL_SYSSEARCHPATH "/lib:/usr/lib"
| #define LTDL_OBJDIR ".libs/"
| #define HAVE_PRELOADED_SYMBOLS 1
| #define HAVE_LIBDL 1
| #define HAVE_DLERROR 1
| #define error_t int
| /* end confdefs.h.  */
| /* Define argz_insert to an innocuous variant, in case <limits.h> declares argz_insert.
|    For example, HP-UX 11i <limits.h> declares gettimeofday.  */
| #define argz_insert innocuous_argz_insert
| 
| /* System header to define __stub macros and hopefully few prototypes,
|     which can conflict with char argz_insert (); below.
|     Prefer <limits.h> to <assert.h> if __STDC__ is defined, since
|     <limits.h> exists even on freestanding compilers.  */
| 
| #ifdef __STDC__
| # include <limits.h>
| #else
| # include <assert.h>
| #endif
| 
| #undef argz_insert
| 
| /* Override any GCC internal prototype to avoid an error.
|    Use char because int might match the return type of a GCC
|    builtin and then its argument prototype would still apply.  */
| #ifdef __cplusplus
| extern "C"
| #endif
| char argz_insert ();
| /* The GNU C library defines this for functions which it implements
|     to always fail with ENOSYS.  Some functions are actually named
|     something starting with __ and the normal name is an alias.  */
| #if defined __stub_argz_insert || defined __stub___argz_insert
| choke me
| #endif
| 
| int
| main ()
| {
| return argz_insert ();
|   ;
|   return 0;
| }
configure:7287: result: no
configure:7207: checking for argz_next
configure:7263: gcc -o conftest -g  -I../include/libmp3splt   conftest.c  >&5
Undefined symbols:
  "_argz_next", referenced from:
      _main in ccsFuz0D.o
ld: symbol(s) not found
collect2: ld returned 1 exit status
configure:7269: $? = 1
configure: failed program was:
| /* confdefs.h.  */
| #define PACKAGE_NAME "libmp3splt"
| #define PACKAGE_TARNAME "libmp3splt"
| #define PACKAGE_VERSION "0.5.2"
| #define PACKAGE_STRING "libmp3splt 0.5.2"
| #define PACKAGE_BUGREPORT "io_fx@yahoo.fr"
| #define PACKAGE "libmp3splt"
| #define VERSION "0.5.2"
| #define STDC_HEADERS 1
| #define HAVE_SYS_TYPES_H 1
| #define HAVE_SYS_STAT_H 1
| #define HAVE_STDLIB_H 1
| #define HAVE_STRING_H 1
| #define HAVE_MEMORY_H 1
| #define HAVE_STRINGS_H 1
| #define HAVE_INTTYPES_H 1
| #define HAVE_STDINT_H 1
| #define HAVE_UNISTD_H 1
| #define HAVE_DIRENT_H 1
| #define HAVE_DLFCN_H 1
| #define LTDL_SHLIB_EXT ".so"
| #define LTDL_SYSSEARCHPATH "/lib:/usr/lib"
| #define LTDL_OBJDIR ".libs/"
| #define HAVE_PRELOADED_SYMBOLS 1
| #define HAVE_LIBDL 1
| #define HAVE_DLERROR 1
| #define error_t int
| /* end confdefs.h.  */
| /* Define argz_next to an innocuous variant, in case <limits.h> declares argz_next.
|    For example, HP-UX 11i <limits.h> declares gettimeofday.  */
| #define argz_next innocuous_argz_next
| 
| /* System header to define __stub macros and hopefully few prototypes,
|     which can conflict with char argz_next (); below.
|     Prefer <limits.h> to <assert.h> if __STDC__ is defined, since
|     <limits.h> exists even on freestanding compilers.  */
| 
| #ifdef __STDC__
| # include <limits.h>
| #else
| # include <assert.h>
| #endif
| 
| #undef argz_next
| 
| /* Override any GCC internal prototype to avoid an error.
|    Use char because int might match the return type of a GCC
|    builtin and then its argument prototype would still apply.  */
| #ifdef __cplusplus
| extern "C"
| #endif
| char argz_next ();
| /* The GNU C library defines this for functions which it implements
|     to always fail with ENOSYS.  Some functions are actually named
|     something starting with __ and the normal name is an alias.  */
| #if defined __stub_argz_next || defined __stub___argz_next
| choke me
| #endif
| 
| int
| main ()
| {
| return argz_next ();
|   ;
|   return 0;
| }
configure:7287: result: no
configure:7207: checking for argz_stringify
configure:7263: gcc -o conftest -g  -I../include/libmp3splt   conftest.c  >&5
Undefined symbols:
  "_argz_stringify", referenced from:
      _main in cccny3Ms.o
ld: symbol(s) not found
collect2: ld returned 1 exit status
configure:7269: $? = 1
configure: failed program was:
| /* confdefs.h.  */
| #define PACKAGE_NAME "libmp3splt"
| #define PACKAGE_TARNAME "libmp3splt"
| #define PACKAGE_VERSION "0.5.2"
| #define PACKAGE_STRING "libmp3splt 0.5.2"
| #define PACKAGE_BUGREPORT "io_fx@yahoo.fr"
| #define PACKAGE "libmp3splt"
| #define VERSION "0.5.2"
| #define STDC_HEADERS 1
| #define HAVE_SYS_TYPES_H 1
| #define HAVE_SYS_STAT_H 1
| #define HAVE_STDLIB_H 1
| #define HAVE_STRING_H 1
| #define HAVE_MEMORY_H 1
| #define HAVE_STRINGS_H 1
| #define HAVE_INTTYPES_H 1
| #define HAVE_STDINT_H 1
| #define HAVE_UNISTD_H 1
| #define HAVE_DIRENT_H 1
| #define HAVE_DLFCN_H 1
| #define LTDL_SHLIB_EXT ".so"
| #define LTDL_SYSSEARCHPATH "/lib:/usr/lib"
| #define LTDL_OBJDIR ".libs/"
| #define HAVE_PRELOADED_SYMBOLS 1
| #define HAVE_LIBDL 1
| #define HAVE_DLERROR 1
| #define error_t int
| /* end confdefs.h.  */
| /* Define argz_stringify to an innocuous variant, in case <limits.h> declares argz_stringify.
|    For example, HP-UX 11i <limits.h> declares gettimeofday.  */
| #define argz_stringify innocuous_argz_stringify
| 
| /* System header to define __stub macros and hopefully few prototypes,
|     which can conflict with char argz_stringify (); below.
|     Prefer <limits.h> to <assert.h> if __STDC__ is defined, since
|     <limits.h> exists even on freestanding compilers.  */
| 
| #ifdef __STDC__
| # include <limits.h>
| #else
| # include <assert.h>
| #endif
| 
| #undef argz_stringify
| 
| /* Override any GCC internal prototype to avoid an error.
|    Use char because int might match the return type of a GCC
|    builtin and then its argument prototype would still apply.  */
| #ifdef __cplusplus
| extern "C"
| #endif
| char argz_stringify ();
| /* The GNU C library defines this for functions which it implements
|     to always fail with ENOSYS.  Some functions are actually named
|     something starting with __ and the normal name is an alias.  */
| #if defined __stub_argz_stringify || defined __stub___argz_stringify
| choke me
| #endif
| 
| int
| main ()
| {
| return argz_stringify ();
|   ;
|   return 0;
| }
configure:7287: result: no
configure:7339: checking assert.h usability
configure:7356: gcc -c -g  -I../include/libmp3splt  conftest.c >&5
configure:7362: $? = 0
configure:7376: result: yes
configure:7380: checking assert.h presence
configure:7395: gcc -E  conftest.c
configure:7401: $? = 0
configure:7415: result: yes
configure:7448: checking for assert.h
configure:7456: result: yes
configure:7339: checking ctype.h usability
configure:7356: gcc -c -g  -I../include/libmp3splt  conftest.c >&5
configure:7362: $? = 0
configure:7376: result: yes
configure:7380: checking ctype.h presence
configure:7395: gcc -E  conftest.c
configure:7401: $? = 0
configure:7415: result: yes
configure:7448: checking for ctype.h
configure:7456: result: yes
configure:7339: checking errno.h usability
configure:7356: gcc -c -g  -I../include/libmp3splt  conftest.c >&5
configure:7362: $? = 0
configure:7376: result: yes
configure:7380: checking errno.h presence
configure:7395: gcc -E  conftest.c
configure:7401: $? = 0
configure:7415: result: yes
configure:7448: checking for errno.h
configure:7456: result: yes
configure:7339: checking malloc.h usability
configure:7356: gcc -c -g  -I../include/libmp3splt  conftest.c >&5
conftest.c:65:20: error: malloc.h: No such file or directory
configure:7362: $? = 1
configure: failed program was:
| /* confdefs.h.  */
| #define PACKAGE_NAME "libmp3splt"
| #define PACKAGE_TARNAME "libmp3splt"
| #define PACKAGE_VERSION "0.5.2"
| #define PACKAGE_STRING "libmp3splt 0.5.2"
| #define PACKAGE_BUGREPORT "io_fx@yahoo.fr"
| #define PACKAGE "libmp3splt"
| #define VERSION "0.5.2"
| #define STDC_HEADERS 1
| #define HAVE_SYS_TYPES_H 1
| #define HAVE_SYS_STAT_H 1
| #define HAVE_STDLIB_H 1
| #define HAVE_STRING_H 1
| #define HAVE_MEMORY_H 1
| #define HAVE_STRINGS_H 1
| #define HAVE_INTTYPES_H 1
| #define HAVE_STDINT_H 1
| #define HAVE_UNISTD_H 1
| #define HAVE_DIRENT_H 1
| #define HAVE_DLFCN_H 1
| #define LTDL_SHLIB_EXT ".so"
| #define LTDL_SYSSEARCHPATH "/lib:/usr/lib"
| #define LTDL_OBJDIR ".libs/"
| #define HAVE_PRELOADED_SYMBOLS 1
| #define HAVE_LIBDL 1
| #define HAVE_DLERROR 1
| #define error_t int
| #define HAVE_ASSERT_H 1
| #define HAVE_CTYPE_H 1
| #define HAVE_ERRNO_H 1
| /* end confdefs.h.  */
| #include <stdio.h>
| #ifdef HAVE_SYS_TYPES_H
| # include <sys/types.h>
| #endif
| #ifdef HAVE_SYS_STAT_H
| # include <sys/stat.h>
| #endif
| #ifdef STDC_HEADERS
| # include <stdlib.h>
| # include <stddef.h>
| #else
| # ifdef HAVE_STDLIB_H
| #  include <stdlib.h>
| # endif
| #endif
| #ifdef HAVE_STRING_H
| # if !defined STDC_HEADERS && defined HAVE_MEMORY_H
| #  include <memory.h>
| # endif
| # include <string.h>
| #endif
| #ifdef HAVE_STRINGS_H
| # include <strings.h>
| #endif
| #ifdef HAVE_INTTYPES_H
| # include <inttypes.h>
| #endif
| #ifdef HAVE_STDINT_H
| # include <stdint.h>
| #endif
| #ifdef HAVE_UNISTD_H
| # include <unistd.h>
| #endif
| #include <malloc.h>
configure:7376: result: no
configure:7380: checking malloc.h presence
configure:7395: gcc -E  conftest.c
conftest.c:32:20: error: malloc.h: No such file or directory
configure:7401: $? = 1
configure: failed program was:
| /* confdefs.h.  */
| #define PACKAGE_NAME "libmp3splt"
| #define PACKAGE_TARNAME "libmp3splt"
| #define PACKAGE_VERSION "0.5.2"
| #define PACKAGE_STRING "libmp3splt 0.5.2"
| #define PACKAGE_BUGREPORT "io_fx@yahoo.fr"
| #define PACKAGE "libmp3splt"
| #define VERSION "0.5.2"
| #define STDC_HEADERS 1
| #define HAVE_SYS_TYPES_H 1
| #define HAVE_SYS_STAT_H 1
| #define HAVE_STDLIB_H 1
| #define HAVE_STRING_H 1
| #define HAVE_MEMORY_H 1
| #define HAVE_STRINGS_H 1
| #define HAVE_INTTYPES_H 1
| #define HAVE_STDINT_H 1
| #define HAVE_UNISTD_H 1
| #define HAVE_DIRENT_H 1
| #define HAVE_DLFCN_H 1
| #define LTDL_SHLIB_EXT ".so"
| #define LTDL_SYSSEARCHPATH "/lib:/usr/lib"
| #define LTDL_OBJDIR ".libs/"
| #define HAVE_PRELOADED_SYMBOLS 1
| #define HAVE_LIBDL 1
| #define HAVE_DLERROR 1
| #define error_t int
| #define HAVE_ASSERT_H 1
| #define HAVE_CTYPE_H 1
| #define HAVE_ERRNO_H 1
| /* end confdefs.h.  */
| #include <malloc.h>
configure:7415: result: no
configure:7448: checking for malloc.h
configure:7456: result: no
configure:7329: checking for memory.h
configure:7335: result: yes
configure:7329: checking for stdlib.h
configure:7335: result: yes
configure:7339: checking stdio.h usability
configure:7356: gcc -c -g  -I../include/libmp3splt  conftest.c >&5
configure:7362: $? = 0
configure:7376: result: yes
configure:7380: checking stdio.h presence
configure:7395: gcc -E  conftest.c
configure:7401: $? = 0
configure:7415: result: yes
configure:7448: checking for stdio.h
configure:7456: result: yes
configure:7329: checking for unistd.h
configure:7335: result: yes
configure:7487: checking dl.h usability
configure:7504: gcc -c -g  -I../include/libmp3splt  conftest.c >&5
conftest.c:69:16: error: dl.h: No such file or directory
configure:7510: $? = 1
configure: failed program was:
| /* confdefs.h.  */
| #define PACKAGE_NAME "libmp3splt"
| #define PACKAGE_TARNAME "libmp3splt"
| #define PACKAGE_VERSION "0.5.2"
| #define PACKAGE_STRING "libmp3splt 0.5.2"
| #define PACKAGE_BUGREPORT "io_fx@yahoo.fr"
| #define PACKAGE "libmp3splt"
| #define VERSION "0.5.2"
| #define STDC_HEADERS 1
| #define HAVE_SYS_TYPES_H 1
| #define HAVE_SYS_STAT_H 1
| #define HAVE_STDLIB_H 1
| #define HAVE_STRING_H 1
| #define HAVE_MEMORY_H 1
| #define HAVE_STRINGS_H 1
| #define HAVE_INTTYPES_H 1
| #define HAVE_STDINT_H 1
| #define HAVE_UNISTD_H 1
| #define HAVE_DIRENT_H 1
| #define HAVE_DLFCN_H 1
| #define LTDL_SHLIB_EXT ".so"
| #define LTDL_SYSSEARCHPATH "/lib:/usr/lib"
| #define LTDL_OBJDIR ".libs/"
| #define HAVE_PRELOADED_SYMBOLS 1
| #define HAVE_LIBDL 1
| #define HAVE_DLERROR 1
| #define error_t int
| #define HAVE_ASSERT_H 1
| #define HAVE_CTYPE_H 1
| #define HAVE_ERRNO_H 1
| #define HAVE_MEMORY_H 1
| #define HAVE_STDLIB_H 1
| #define HAVE_STDIO_H 1
| #define HAVE_UNISTD_H 1
| /* end confdefs.h.  */
| #include <stdio.h>
| #ifdef HAVE_SYS_TYPES_H
| # include <sys/types.h>
| #endif
| #ifdef HAVE_SYS_STAT_H
| # include <sys/stat.h>
| #endif
| #ifdef STDC_HEADERS
| # include <stdlib.h>
| # include <stddef.h>
| #else
| # ifdef HAVE_STDLIB_H
| #  include <stdlib.h>
| # endif
| #endif
| #ifdef HAVE_STRING_H
| # if !defined STDC_HEADERS && defined HAVE_MEMORY_H
| #  include <memory.h>
| # endif
| # include <string.h>
| #endif
| #ifdef HAVE_STRINGS_H
| # include <strings.h>
| #endif
| #ifdef HAVE_INTTYPES_H
| # include <inttypes.h>
| #endif
| #ifdef HAVE_STDINT_H
| # include <stdint.h>
| #endif
| #ifdef HAVE_UNISTD_H
| # include <unistd.h>
| #endif
| #include <dl.h>
configure:7524: result: no
configure:7528: checking dl.h presence
configure:7543: gcc -E  conftest.c
conftest.c:36:16: error: dl.h: No such file or directory
configure:7549: $? = 1
configure: failed program was:
| /* confdefs.h.  */
| #define PACKAGE_NAME "libmp3splt"
| #define PACKAGE_TARNAME "libmp3splt"
| #define PACKAGE_VERSION "0.5.2"
| #define PACKAGE_STRING "libmp3splt 0.5.2"
| #define PACKAGE_BUGREPORT "io_fx@yahoo.fr"
| #define PACKAGE "libmp3splt"
| #define VERSION "0.5.2"
| #define STDC_HEADERS 1
| #define HAVE_SYS_TYPES_H 1
| #define HAVE_SYS_STAT_H 1
| #define HAVE_STDLIB_H 1
| #define HAVE_STRING_H 1
| #define HAVE_MEMORY_H 1
| #define HAVE_STRINGS_H 1
| #define HAVE_INTTYPES_H 1
| #define HAVE_STDINT_H 1
| #define HAVE_UNISTD_H 1
| #define HAVE_DIRENT_H 1
| #define HAVE_DLFCN_H 1
| #define LTDL_SHLIB_EXT ".so"
| #define LTDL_SYSSEARCHPATH "/lib:/usr/lib"
| #define LTDL_OBJDIR ".libs/"
| #define HAVE_PRELOADED_SYMBOLS 1
| #define HAVE_LIBDL 1
| #define HAVE_DLERROR 1
| #define error_t int
| #define HAVE_ASSERT_H 1
| #define HAVE_CTYPE_H 1
| #define HAVE_ERRNO_H 1
| #define HAVE_MEMORY_H 1
| #define HAVE_STDLIB_H 1
| #define HAVE_STDIO_H 1
| #define HAVE_UNISTD_H 1
| /* end confdefs.h.  */
| #include <dl.h>
configure:7563: result: no
configure:7596: checking for dl.h
configure:7604: result: no
configure:7487: checking sys/dl.h usability
configure:7504: gcc -c -g  -I../include/libmp3splt  conftest.c >&5
conftest.c:69:20: error: sys/dl.h: No such file or directory
configure:7510: $? = 1
configure: failed program was:
| /* confdefs.h.  */
| #define PACKAGE_NAME "libmp3splt"
| #define PACKAGE_TARNAME "libmp3splt"
| #define PACKAGE_VERSION "0.5.2"
| #define PACKAGE_STRING "libmp3splt 0.5.2"
| #define PACKAGE_BUGREPORT "io_fx@yahoo.fr"
| #define PACKAGE "libmp3splt"
| #define VERSION "0.5.2"
| #define STDC_HEADERS 1
| #define HAVE_SYS_TYPES_H 1
| #define HAVE_SYS_STAT_H 1
| #define HAVE_STDLIB_H 1
| #define HAVE_STRING_H 1
| #define HAVE_MEMORY_H 1
| #define HAVE_STRINGS_H 1
| #define HAVE_INTTYPES_H 1
| #define HAVE_STDINT_H 1
| #define HAVE_UNISTD_H 1
| #define HAVE_DIRENT_H 1
| #define HAVE_DLFCN_H 1
| #define LTDL_SHLIB_EXT ".so"
| #define LTDL_SYSSEARCHPATH "/lib:/usr/lib"
| #define LTDL_OBJDIR ".libs/"
| #define HAVE_PRELOADED_SYMBOLS 1
| #define HAVE_LIBDL 1
| #define HAVE_DLERROR 1
| #define error_t int
| #define HAVE_ASSERT_H 1
| #define HAVE_CTYPE_H 1
| #define HAVE_ERRNO_H 1
| #define HAVE_MEMORY_H 1
| #define HAVE_STDLIB_H 1
| #define HAVE_STDIO_H 1
| #define HAVE_UNISTD_H 1
| /* end confdefs.h.  */
| #include <stdio.h>
| #ifdef HAVE_SYS_TYPES_H
| # include <sys/types.h>
| #endif
| #ifdef HAVE_SYS_STAT_H
| # include <sys/stat.h>
| #endif
| #ifdef STDC_HEADERS
| # include <stdlib.h>
| # include <stddef.h>
| #else
| # ifdef HAVE_STDLIB_H
| #  include <stdlib.h>
| # endif
| #endif
| #ifdef HAVE_STRING_H
| # if !defined STDC_HEADERS && defined HAVE_MEMORY_H
| #  include <memory.h>
| # endif
| # include <string.h>
| #endif
| #ifdef HAVE_STRINGS_H
| # include <strings.h>
| #endif
| #ifdef HAVE_INTTYPES_H
| # include <inttypes.h>
| #endif
| #ifdef HAVE_STDINT_H
| # include <stdint.h>
| #endif
| #ifdef HAVE_UNISTD_H
| # include <unistd.h>
| #endif
| #include <sys/dl.h>
configure:7524: result: no
configure:7528: checking sys/dl.h presence
configure:7543: gcc -E  conftest.c
conftest.c:36:20: error: sys/dl.h: No such file or directory
configure:7549: $? = 1
configure: failed program was:
| /* confdefs.h.  */
| #define PACKAGE_NAME "libmp3splt"
| #define PACKAGE_TARNAME "libmp3splt"
| #define PACKAGE_VERSION "0.5.2"
| #define PACKAGE_STRING "libmp3splt 0.5.2"
| #define PACKAGE_BUGREPORT "io_fx@yahoo.fr"
| #define PACKAGE "libmp3splt"
| #define VERSION "0.5.2"
| #define STDC_HEADERS 1
| #define HAVE_SYS_TYPES_H 1
| #define HAVE_SYS_STAT_H 1
| #define HAVE_STDLIB_H 1
| #define HAVE_STRING_H 1
| #define HAVE_MEMORY_H 1
| #define HAVE_STRINGS_H 1
| #define HAVE_INTTYPES_H 1
| #define HAVE_STDINT_H 1
| #define HAVE_UNISTD_H 1
| #define HAVE_DIRENT_H 1
| #define HAVE_DLFCN_H 1
| #define LTDL_SHLIB_EXT ".so"
| #define LTDL_SYSSEARCHPATH "/lib:/usr/lib"
| #define LTDL_OBJDIR ".libs/"
| #define HAVE_PRELOADED_SYMBOLS 1
| #define HAVE_LIBDL 1
| #define HAVE_DLERROR 1
| #define error_t int
| #define HAVE_ASSERT_H 1
| #define HAVE_CTYPE_H 1
| #define HAVE_ERRNO_H 1
| #define HAVE_MEMORY_H 1
| #define HAVE_STDLIB_H 1
| #define HAVE_STDIO_H 1
| #define HAVE_UNISTD_H 1
| /* end confdefs.h.  */
| #include <sys/dl.h>
configure:7563: result: no
configure:7596: checking for sys/dl.h
configure:7604: result: no
configure:7487: checking dld.h usability
configure:7504: gcc -c -g  -I../include/libmp3splt  conftest.c >&5
conftest.c:69:17: error: dld.h: No such file or directory
configure:7510: $? = 1
configure: failed program was:
| /* confdefs.h.  */
| #define PACKAGE_NAME "libmp3splt"
| #define PACKAGE_TARNAME "libmp3splt"
| #define PACKAGE_VERSION "0.5.2"
| #define PACKAGE_STRING "libmp3splt 0.5.2"
| #define PACKAGE_BUGREPORT "io_fx@yahoo.fr"
| #define PACKAGE "libmp3splt"
| #define VERSION "0.5.2"
| #define STDC_HEADERS 1
| #define HAVE_SYS_TYPES_H 1
| #define HAVE_SYS_STAT_H 1
| #define HAVE_STDLIB_H 1
| #define HAVE_STRING_H 1
| #define HAVE_MEMORY_H 1
| #define HAVE_STRINGS_H 1
| #define HAVE_INTTYPES_H 1
| #define HAVE_STDINT_H 1
| #define HAVE_UNISTD_H 1
| #define HAVE_DIRENT_H 1
| #define HAVE_DLFCN_H 1
| #define LTDL_SHLIB_EXT ".so"
| #define LTDL_SYSSEARCHPATH "/lib:/usr/lib"
| #define LTDL_OBJDIR ".libs/"
| #define HAVE_PRELOADED_SYMBOLS 1
| #define HAVE_LIBDL 1
| #define HAVE_DLERROR 1
| #define error_t int
| #define HAVE_ASSERT_H 1
| #define HAVE_CTYPE_H 1
| #define HAVE_ERRNO_H 1
| #define HAVE_MEMORY_H 1
| #define HAVE_STDLIB_H 1
| #define HAVE_STDIO_H 1
| #define HAVE_UNISTD_H 1
| /* end confdefs.h.  */
| #include <stdio.h>
| #ifdef HAVE_SYS_TYPES_H
| # include <sys/types.h>
| #endif
| #ifdef HAVE_SYS_STAT_H
| # include <sys/stat.h>
| #endif
| #ifdef STDC_HEADERS
| # include <stdlib.h>
| # include <stddef.h>
| #else
| # ifdef HAVE_STDLIB_H
| #  include <stdlib.h>
| # endif
| #endif
| #ifdef HAVE_STRING_H
| # if !defined STDC_HEADERS && defined HAVE_MEMORY_H
| #  include <memory.h>
| # endif
| # include <string.h>
| #endif
| #ifdef HAVE_STRINGS_H
| # include <strings.h>
| #endif
| #ifdef HAVE_INTTYPES_H
| # include <inttypes.h>
| #endif
| #ifdef HAVE_STDINT_H
| # include <stdint.h>
| #endif
| #ifdef HAVE_UNISTD_H
| # include <unistd.h>
| #endif
| #include <dld.h>
configure:7524: result: no
configure:7528: checking dld.h presence
configure:7543: gcc -E  conftest.c
conftest.c:36:17: error: dld.h: No such file or directory
configure:7549: $? = 1
configure: failed program was:
| /* confdefs.h.  */
| #define PACKAGE_NAME "libmp3splt"
| #define PACKAGE_TARNAME "libmp3splt"
| #define PACKAGE_VERSION "0.5.2"
| #define PACKAGE_STRING "libmp3splt 0.5.2"
| #define PACKAGE_BUGREPORT "io_fx@yahoo.fr"
| #define PACKAGE "libmp3splt"
| #define VERSION "0.5.2"
| #define STDC_HEADERS 1
| #define HAVE_SYS_TYPES_H 1
| #define HAVE_SYS_STAT_H 1
| #define HAVE_STDLIB_H 1
| #define HAVE_STRING_H 1
| #define HAVE_MEMORY_H 1
| #define HAVE_STRINGS_H 1
| #define HAVE_INTTYPES_H 1
| #define HAVE_STDINT_H 1
| #define HAVE_UNISTD_H 1
| #define HAVE_DIRENT_H 1
| #define HAVE_DLFCN_H 1
| #define LTDL_SHLIB_EXT ".so"
| #define LTDL_SYSSEARCHPATH "/lib:/usr/lib"
| #define LTDL_OBJDIR ".libs/"
| #define HAVE_PRELOADED_SYMBOLS 1
| #define HAVE_LIBDL 1
| #define HAVE_DLERROR 1
| #define error_t int
| #define HAVE_ASSERT_H 1
| #define HAVE_CTYPE_H 1
| #define HAVE_ERRNO_H 1
| #define HAVE_MEMORY_H 1
| #define HAVE_STDLIB_H 1
| #define HAVE_STDIO_H 1
| #define HAVE_UNISTD_H 1
| /* end confdefs.h.  */
| #include <dld.h>
configure:7563: result: no
configure:7596: checking for dld.h
configure:7604: result: no
configure:7487: checking mach-o/dyld.h usability
configure:7504: gcc -c -g  -I../include/libmp3splt  conftest.c >&5
configure:7510: $? = 0
configure:7524: result: yes
configure:7528: checking mach-o/dyld.h presence
configure:7543: gcc -E  conftest.c
configure:7549: $? = 0
configure:7563: result: yes
configure:7596: checking for mach-o/dyld.h
configure:7604: result: yes
configure:7623: checking for string.h
configure:7629: result: yes
configure:7769: checking for strchr
configure:7825: gcc -o conftest -g  -I../include/libmp3splt   conftest.c  >&5
conftest.c:61: warning: conflicting types for built-in function 'strchr'
configure:7831: $? = 0
configure:7849: result: yes
configure:7864: checking for strrchr
configure:7920: gcc -o conftest -g  -I../include/libmp3splt   conftest.c  >&5
conftest.c:62: warning: conflicting types for built-in function 'strrchr'
configure:7926: $? = 0
configure:7944: result: yes
configure:7959: checking for memcpy
configure:8015: gcc -o conftest -g  -I../include/libmp3splt   conftest.c  >&5
conftest.c:63: warning: conflicting types for built-in function 'memcpy'
configure:8021: $? = 0
configure:8039: result: yes
configure:8054: checking for memmove
configure:8110: gcc -o conftest -g  -I../include/libmp3splt   conftest.c  >&5
conftest.c:64: warning: conflicting types for built-in function 'memmove'
configure:8116: $? = 0
configure:8134: result: yes
configure:8054: checking for strcmp
configure:8110: gcc -o conftest -g  -I../include/libmp3splt   conftest.c  >&5
conftest.c:65: warning: conflicting types for built-in function 'strcmp'
configure:8116: $? = 0
configure:8134: result: yes
configure:8150: checking for closedir
configure:8206: gcc -o conftest -g  -I../include/libmp3splt   conftest.c  >&5
configure:8212: $? = 0
configure:8230: result: yes
configure:8150: checking for opendir
configure:8206: gcc -o conftest -g  -I../include/libmp3splt   conftest.c  >&5
configure:8212: $? = 0
configure:8230: result: yes
configure:8150: checking for readdir
configure:8206: gcc -o conftest -g  -I../include/libmp3splt   conftest.c  >&5
configure:8212: $? = 0
configure:8230: result: yes
configure:8268: checking ltdl.h usability
configure:8285: gcc -c -g  -I../include/libmp3splt  conftest.c >&5
configure:8291: $? = 0
configure:8305: result: yes
configure:8309: checking ltdl.h presence
configure:8324: gcc -E  conftest.c
configure:8330: $? = 0
configure:8344: result: yes
configure:8377: checking for ltdl.h
configure:8384: result: yes
configure:8389: checking for lt_dlcaller_register in -lltdl
configure:8424: gcc -o conftest -g  -I../include/libmp3splt   conftest.c -lltdl   >&5
Undefined symbols:
  "_lt_dlcaller_register", referenced from:
      _main in ccwYbLtw.o
ld: symbol(s) not found
collect2: ld returned 1 exit status
configure:8430: $? = 1
configure: failed program was:
| /* confdefs.h.  */
| #define PACKAGE_NAME "libmp3splt"
| #define PACKAGE_TARNAME "libmp3splt"
| #define PACKAGE_VERSION "0.5.2"
| #define PACKAGE_STRING "libmp3splt 0.5.2"
| #define PACKAGE_BUGREPORT "io_fx@yahoo.fr"
| #define PACKAGE "libmp3splt"
| #define VERSION "0.5.2"
| #define STDC_HEADERS 1
| #define HAVE_SYS_TYPES_H 1
| #define HAVE_SYS_STAT_H 1
| #define HAVE_STDLIB_H 1
| #define HAVE_STRING_H 1
| #define HAVE_MEMORY_H 1
| #define HAVE_STRINGS_H 1
| #define HAVE_INTTYPES_H 1
| #define HAVE_STDINT_H 1
| #define HAVE_UNISTD_H 1
| #define HAVE_DIRENT_H 1
| #define HAVE_DLFCN_H 1
| #define LTDL_SHLIB_EXT ".so"
| #define LTDL_SYSSEARCHPATH "/lib:/usr/lib"
| #define LTDL_OBJDIR ".libs/"
| #define HAVE_PRELOADED_SYMBOLS 1
| #define HAVE_LIBDL 1
| #define HAVE_DLERROR 1
| #define error_t int
| #define HAVE_ASSERT_H 1
| #define HAVE_CTYPE_H 1
| #define HAVE_ERRNO_H 1
| #define HAVE_MEMORY_H 1
| #define HAVE_STDLIB_H 1
| #define HAVE_STDIO_H 1
| #define HAVE_UNISTD_H 1
| #define HAVE_MACH_O_DYLD_H 1
| #define HAVE_STRING_H 1
| #define HAVE_STRCHR 1
| #define HAVE_STRRCHR 1
| #define HAVE_MEMCPY 1
| #define HAVE_MEMMOVE 1
| #define HAVE_STRCMP 1
| #define HAVE_CLOSEDIR 1
| #define HAVE_OPENDIR 1
| #define HAVE_READDIR 1
| /* end confdefs.h.  */
| 
| /* Override any GCC internal prototype to avoid an error.
|    Use char because int might match the return type of a GCC
|    builtin and then its argument prototype would still apply.  */
| #ifdef __cplusplus
| extern "C"
| #endif
| char lt_dlcaller_register ();
| int
| main ()
| {
| return lt_dlcaller_register ();
|   ;
|   return 0;
| }
configure:8448: result: no
configure:8491: checking whether to use included libltdl
configure:8493: result: yes
configure:8573: checking for a sed that does not truncate output
configure:8627: result: /usr/bin/sed
configure:8641: checking for ld used by gcc
configure:8708: result: /usr/libexec/gcc/i686-apple-darwin10/4.2.1/ld
configure:8717: checking if the linker (/usr/libexec/gcc/i686-apple-darwin10/4.2.1/ld) is GNU ld
configure:8732: result: no
configure:8737: checking for /usr/libexec/gcc/i686-apple-darwin10/4.2.1/ld option to reload object files
configure:8744: result: -r
configure:8762: checking how to recognise dependent libraries
configure:8938: result: pass_all
configure:9513: checking for g++
configure:9529: found /usr/bin/g++
configure:9540: result: g++
configure:9571: checking for C++ compiler version
configure:9578: g++ --version >&5
i686-apple-darwin10-g++-4.2.1 (GCC) 4.2.1 (Apple Inc. build 5659)
Copyright (C) 2007 Free Software Foundation, Inc.
This is free software; see the source for copying conditions.  There is NO
warranty; not even for MERCHANTABILITY or FITNESS FOR A PARTICULAR PURPOSE.

configure:9581: $? = 0
configure:9588: g++ -v >&5
Using built-in specs.
Target: i686-apple-darwin10
Configured with: /var/tmp/gcc/gcc-5659~1/src/configure --disable-checking --enable-werror --prefix=/usr --mandir=/share/man --enable-languages=c,objc,c++,obj-c++ --program-transform-name=/^[cg][^.-]*$/s/$/-4.2/ --with-slibdir=/usr/lib --build=i686-apple-darwin10 --program-prefix=i686-apple-darwin10- --host=x86_64-apple-darwin10 --target=i686-apple-darwin10 --with-gxx-include-dir=/include/c++/4.2.1
Thread model: posix
gcc version 4.2.1 (Apple Inc. build 5659)
configure:9591: $? = 0
configure:9598: g++ -V >&5
g++-4.2: argument to `-V' is missing
configure:9601: $? = 1
configure:9604: checking whether we are using the GNU C++ compiler
configure:9633: g++ -c   conftest.cpp >&5
configure:9639: $? = 0
configure:9656: result: yes
configure:9661: checking whether g++ accepts -g
configure:9691: g++ -c -g  conftest.cpp >&5
configure:9697: $? = 0
configure:9796: result: yes
configure:9821: checking dependency style of g++
configure:9912: result: gcc3
configure:9937: checking how to run the C++ preprocessor
configure:9973: g++ -E  conftest.cpp
configure:9979: $? = 0
configure:10010: g++ -E  conftest.cpp
conftest.cpp:46:28: error: ac_nonexistent.h: No such file or directory
configure:10016: $? = 1
configure: failed program was:
| /* confdefs.h.  */
| #define PACKAGE_NAME "libmp3splt"
| #define PACKAGE_TARNAME "libmp3splt"
| #define PACKAGE_VERSION "0.5.2"
| #define PACKAGE_STRING "libmp3splt 0.5.2"
| #define PACKAGE_BUGREPORT "io_fx@yahoo.fr"
| #define PACKAGE "libmp3splt"
| #define VERSION "0.5.2"
| #define STDC_HEADERS 1
| #define HAVE_SYS_TYPES_H 1
| #define HAVE_SYS_STAT_H 1
| #define HAVE_STDLIB_H 1
| #define HAVE_STRING_H 1
| #define HAVE_MEMORY_H 1
| #define HAVE_STRINGS_H 1
| #define HAVE_INTTYPES_H 1
| #define HAVE_STDINT_H 1
| #define HAVE_UNISTD_H 1
| #define HAVE_DIRENT_H 1
| #define HAVE_DLFCN_H 1
| #define LTDL_SHLIB_EXT ".so"
| #define LTDL_SYSSEARCHPATH "/lib:/usr/lib"
| #define LTDL_OBJDIR ".libs/"
| #define HAVE_PRELOADED_SYMBOLS 1
| #define HAVE_LIBDL 1
| #define HAVE_DLERROR 1
| #define error_t int
| #define HAVE_ASSERT_H 1
| #define HAVE_CTYPE_H 1
| #define HAVE_ERRNO_H 1
| #define HAVE_MEMORY_H 1
| #define HAVE_STDLIB_H 1
| #define HAVE_STDIO_H 1
| #define HAVE_UNISTD_H 1
| #define HAVE_MACH_O_DYLD_H 1
| #define HAVE_STRING_H 1
| #define HAVE_STRCHR 1
| #define HAVE_STRRCHR 1
| #define HAVE_MEMCPY 1
| #define HAVE_MEMMOVE 1
| #define HAVE_STRCMP 1
| #define HAVE_CLOSEDIR 1
| #define HAVE_OPENDIR 1
| #define HAVE_READDIR 1
| /* end confdefs.h.  */
| #include <ac_nonexistent.h>
configure:10049: result: g++ -E
configure:10078: g++ -E  conftest.cpp
configure:10084: $? = 0
configure:10115: g++ -E  conftest.cpp
conftest.cpp:46:28: error: ac_nonexistent.h: No such file or directory
configure:10121: $? = 1
configure: failed program was:
| /* confdefs.h.  */
| #define PACKAGE_NAME "libmp3splt"
| #define PACKAGE_TARNAME "libmp3splt"
| #define PACKAGE_VERSION "0.5.2"
| #define PACKAGE_STRING "libmp3splt 0.5.2"
| #define PACKAGE_BUGREPORT "io_fx@yahoo.fr"
| #define PACKAGE "libmp3splt"
| #define VERSION "0.5.2"
| #define STDC_HEADERS 1
| #define HAVE_SYS_TYPES_H 1
| #define HAVE_SYS_STAT_H 1
| #define HAVE_STDLIB_H 1
| #define HAVE_STRING_H 1
| #define HAVE_MEMORY_H 1
| #define HAVE_STRINGS_H 1
| #define HAVE_INTTYPES_H 1
| #define HAVE_STDINT_H 1
| #define HAVE_UNISTD_H 1
| #define HAVE_DIRENT_H 1
| #define HAVE_DLFCN_H 1
| #define LTDL_SHLIB_EXT ".so"
| #define LTDL_SYSSEARCHPATH "/lib:/usr/lib"
| #define LTDL_OBJDIR ".libs/"
| #define HAVE_PRELOADED_SYMBOLS 1
| #define HAVE_LIBDL 1
| #define HAVE_DLERROR 1
| #define error_t int
| #define HAVE_ASSERT_H 1
| #define HAVE_CTYPE_H 1
| #define HAVE_ERRNO_H 1
| #define HAVE_MEMORY_H 1
| #define HAVE_STDLIB_H 1
| #define HAVE_STDIO_H 1
| #define HAVE_UNISTD_H 1
| #define HAVE_MACH_O_DYLD_H 1
| #define HAVE_STRING_H 1
| #define HAVE_STRCHR 1
| #define HAVE_STRRCHR 1
| #define HAVE_MEMCPY 1
| #define HAVE_MEMMOVE 1
| #define HAVE_STRCMP 1
| #define HAVE_CLOSEDIR 1
| #define HAVE_OPENDIR 1
| #define HAVE_READDIR 1
| /* end confdefs.h.  */
| #include <ac_nonexistent.h>
configure:10214: checking for g77
configure:10244: result: no
configure:10214: checking for xlf
configure:10244: result: no
configure:10214: checking for f77
configure:10244: result: no
configure:10214: checking for frt
configure:10244: result: no
configure:10214: checking for pgf77
configure:10244: result: no
configure:10214: checking for cf77
configure:10244: result: no
configure:10214: checking for fort77
configure:10244: result: no
configure:10214: checking for fl32
configure:10244: result: no
configure:10214: checking for af77
configure:10244: result: no
configure:10214: checking for xlf90
configure:10244: result: no
configure:10214: checking for f90
configure:10244: result: no
configure:10214: checking for pgf90
configure:10244: result: no
configure:10214: checking for pghpf
configure:10244: result: no
configure:10214: checking for epcf90
configure:10244: result: no
configure:10214: checking for gfortran
configure:10244: result: no
configure:10214: checking for g95
configure:10244: result: no
configure:10214: checking for xlf95
configure:10244: result: no
configure:10214: checking for f95
configure:10244: result: no
configure:10214: checking for fort
configure:10244: result: no
configure:10214: checking for ifort
configure:10244: result: no
configure:10214: checking for ifc
configure:10244: result: no
configure:10214: checking for efc
configure:10244: result: no
configure:10214: checking for pgf95
configure:10244: result: no
configure:10214: checking for lf95
configure:10244: result: no
configure:10214: checking for ftn
configure:10244: result: no
configure:10271: checking for Fortran 77 compiler version
configure:10278:  --version >&5
./configure: line 10279: --version: command not found
configure:10281: $? = 127
configure:10288:  -v >&5
./configure: line 10289: -v: command not found
configure:10291: $? = 127
configure:10298:  -V >&5
./configure: line 10299: -V: command not found
configure:10301: $? = 127
configure:10309: checking whether we are using the GNU Fortran 77 compiler
configure:10328:  -c  conftest.F >&5
./configure: line 10329: -c: command not found
configure:10334: $? = 127
configure: failed program was:
|       program main
| #ifndef __GNUC__
|        choke me
| #endif
| 
|       end
configure:10351: result: no
configure:10357: checking whether  accepts -g
configure:10374:  -c -g conftest.f >&5
./configure: line 10375: -c: command not found
configure:10380: $? = 127
configure: failed program was:
|       program main
| 
|       end
configure:10396: result: no
configure:10426: checking the maximum length of command line arguments
configure:10535: result: 196608
configure:10546: checking command to parse /usr/bin/nm output from gcc object
configure:10754: result: ok
configure:10758: checking for objdir
configure:10773: result: .libs
configure:10865: checking for ar
configure:10881: found /usr/bin/ar
configure:10892: result: ar
configure:10961: checking for ranlib
configure:10977: found /usr/bin/ranlib
configure:10988: result: ranlib
configure:11057: checking for strip
configure:11073: found /usr/bin/strip
configure:11084: result: strip
configure:11370: checking if gcc supports -fno-rtti -fno-exceptions
configure:11388: gcc -c -g  -I../include/libmp3splt  -fno-rtti -fno-exceptions conftest.c >&5
cc1: warning: command line option "-fno-rtti" is valid for C++/ObjC++ but not for C
configure:11392: $? = 0
configure:11405: result: no
configure:11420: checking for gcc option to produce PIC
configure:11630: result: -fno-common
configure:11638: checking if gcc PIC flag -fno-common works
configure:11656: gcc -c -g  -I../include/libmp3splt  -fno-common -DPIC conftest.c >&5
configure:11660: $? = 0
configure:11673: result: yes
configure:11701: checking if gcc static flag -static works
configure:11729: result: no
configure:11739: checking if gcc supports -c -o file.o
configure:11760: gcc -c -g  -I../include/libmp3splt  -o out/conftest2.o conftest.c >&5
configure:11764: $? = 0
configure:11786: result: yes
configure:11812: checking whether the gcc linker (/usr/libexec/gcc/i686-apple-darwin10/4.2.1/ld) supports shared libraries
configure:12766: result: yes
configure:12833: checking dynamic linker characteristics
configure:13421: result: darwin10.3.3 dyld
configure:13430: checking how to hardcode library paths into programs
configure:13455: result: immediate
configure:13469: checking whether stripping libraries is possible
configure:13482: result: yes
configure:14275: checking if libtool supports shared libraries
configure:14277: result: yes
configure:14280: checking whether to build shared libraries
configure:14301: result: yes
configure:14304: checking whether to build static libraries
configure:14308: result: yes
configure:14400: creating libtool
configure:14988: checking for ld used by g++
configure:15055: result: /usr/libexec/gcc/i686-apple-darwin10/4.2.1/ld
configure:15064: checking if the linker (/usr/libexec/gcc/i686-apple-darwin10/4.2.1/ld) is GNU ld
configure:15079: result: no
configure:15130: checking whether the g++ linker (/usr/libexec/gcc/i686-apple-darwin10/4.2.1/ld) supports shared libraries
configure:16064: result: yes
configure:16082: g++ -c -g -O2  conftest.cpp >&5
configure:16085: $? = 0
configure:16204: checking for g++ option to produce PIC
configure:16478: result: -fno-common
configure:16486: checking if g++ PIC flag -fno-common works
configure:16504: g++ -c -g -O2  -fno-common -DPIC conftest.cpp >&5
configure:16508: $? = 0
configure:16521: result: yes
configure:16549: checking if g++ static flag -static works
configure:16577: result: no
configure:16587: checking if g++ supports -c -o file.o
configure:16608: g++ -c -g -O2  -o out/conftest2.o conftest.cpp >&5
configure:16612: $? = 0
configure:16634: result: yes
configure:16660: checking whether the g++ linker (/usr/libexec/gcc/i686-apple-darwin10/4.2.1/ld) supports shared libraries
configure:16685: result: yes
configure:16752: checking dynamic linker characteristics
configure:17340: result: darwin10.3.3 dyld
configure:17349: checking how to hardcode library paths into programs
configure:17374: result: immediate
configure:23527: checking the host
configure:23562: result: Other
configure:23569: checking for _LARGEFILE_SOURCE value needed for large files
configure:23596: gcc -o conftest -g  -I../include/libmp3splt   conftest.c  >&5
configure:23602: $? = 0
configure:23666: result: no
configure:23693: checking for fseeko
configure:23749: gcc -o conftest -g  -I../include/libmp3splt   conftest.c  >&5
configure:23755: $? = 0
configure:23773: result: yes
configure:23792: checking for pow in -lm
configure:23827: gcc -o conftest -g  -I../include/libmp3splt -D_LARGEFILE_SOURCE -D_FILE_OFFSET_BITS=64   conftest.c -lm   >&5
conftest.c:55: warning: conflicting types for built-in function 'pow'
configure:23833: $? = 0
configure:23851: result: yes
configure:23863: checking for lt_dlopen in -lltdl
configure:23898: gcc -o conftest -g  -I../include/libmp3splt -D_LARGEFILE_SOURCE -D_FILE_OFFSET_BITS=64   conftest.c -lltdl   >&5
configure:23904: $? = 0
configure:23922: result: yes
configure:23950: checking for mad_frame_decode in -lmad
configure:23985: gcc -o conftest -g  -I../include/libmp3splt -D_LARGEFILE_SOURCE -D_FILE_OFFSET_BITS=64   conftest.c -lmad   >&5
ld: warning: in /usr/local/lib/libmad.dylib, file was built for i386 which is not the architecture being linked (x86_64)
Undefined symbols:
  "_mad_frame_decode", referenced from:
      _main in ccGRs8wd.o
ld: symbol(s) not found
collect2: ld returned 1 exit status
configure:23991: $? = 1
configure: failed program was:
| /* confdefs.h.  */
| #define PACKAGE_NAME "libmp3splt"
| #define PACKAGE_TARNAME "libmp3splt"
| #define PACKAGE_VERSION "0.5.2"
| #define PACKAGE_STRING "libmp3splt 0.5.2"
| #define PACKAGE_BUGREPORT "io_fx@yahoo.fr"
| #define PACKAGE "libmp3splt"
| #define VERSION "0.5.2"
| #define STDC_HEADERS 1
| #define HAVE_SYS_TYPES_H 1
| #define HAVE_SYS_STAT_H 1
| #define HAVE_STDLIB_H 1
| #define HAVE_STRING_H 1
| #define HAVE_MEMORY_H 1
| #define HAVE_STRINGS_H 1
| #define HAVE_INTTYPES_H 1
| #define HAVE_STDINT_H 1
| #define HAVE_UNISTD_H 1
| #define HAVE_DIRENT_H 1
| #define HAVE_DLFCN_H 1
| #define LTDL_SHLIB_EXT ".so"
| #define LTDL_SYSSEARCHPATH "/lib:/usr/lib"
| #define LTDL_OBJDIR ".libs/"
| #define HAVE_PRELOADED_SYMBOLS 1
| #define HAVE_LIBDL 1
| #define HAVE_DLERROR 1
| #define error_t int
| #define HAVE_ASSERT_H 1
| #define HAVE_CTYPE_H 1
| #define HAVE_ERRNO_H 1
| #define HAVE_MEMORY_H 1
| #define HAVE_STDLIB_H 1
| #define HAVE_STDIO_H 1
| #define HAVE_UNISTD_H 1
| #define HAVE_MACH_O_DYLD_H 1
| #define HAVE_STRING_H 1
| #define HAVE_STRCHR 1
| #define HAVE_STRRCHR 1
| #define HAVE_MEMCPY 1
| #define HAVE_MEMMOVE 1
| #define HAVE_STRCMP 1
| #define HAVE_CLOSEDIR 1
| #define HAVE_OPENDIR 1
| #define HAVE_READDIR 1
| #define HAVE_FSEEKO 1
| #define HAVE_FSEEKO 1
| /* end confdefs.h.  */
| 
| /* Override any GCC internal prototype to avoid an error.
|    Use char because int might match the return type of a GCC
|    builtin and then its argument prototype would still apply.  */
| #ifdef __cplusplus
| extern "C"
| #endif
| char mad_frame_decode ();
| int
| main ()
| {
| return mad_frame_decode ();
|   ;
|   return 0;
| }
configure:24009: result: no
configure:24022: WARNING: libmad not found ! Will build without mp3 support.
configure:24409: creating ./config.status

## ---------------------- ##
## Running config.status. ##
## ---------------------- ##

This file was extended by libmp3splt config.status 0.5.2, which was
generated by GNU Autoconf 2.61.  Invocation command line was

  CONFIG_FILES    = 
  CONFIG_HEADERS  = 
  CONFIG_LINKS    = 
  CONFIG_COMMANDS = 
  $ ./config.status 

on dhcp-210.cems.uwe.ac.uk

config.status:682: creating Makefile
config.status:682: creating src/Makefile
config.status:682: creating plugins/Makefile
config.status:682: creating config.h
config.status:935: config.h is unchanged
config.status:981: executing depfiles commands

## ---------------- ##
## Cache variables. ##
## ---------------- ##

ac_cv_build=i386-apple-darwin10.3.3
ac_cv_c_bigendian=no
ac_cv_c_compiler_gnu=yes
ac_cv_c_const=yes
ac_cv_cxx_compiler_gnu=yes
ac_cv_env_CCC_set=
ac_cv_env_CCC_value=
ac_cv_env_CC_set=
ac_cv_env_CC_value=
ac_cv_env_CFLAGS_set=
ac_cv_env_CFLAGS_value=
ac_cv_env_CPPFLAGS_set=
ac_cv_env_CPPFLAGS_value=
ac_cv_env_CPP_set=
ac_cv_env_CPP_value=
ac_cv_env_CXXCPP_set=
ac_cv_env_CXXCPP_value=
ac_cv_env_CXXFLAGS_set=
ac_cv_env_CXXFLAGS_value=
ac_cv_env_CXX_set=
ac_cv_env_CXX_value=
ac_cv_env_F77_set=
ac_cv_env_F77_value=
ac_cv_env_FFLAGS_set=
ac_cv_env_FFLAGS_value=
ac_cv_env_LDFLAGS_set=
ac_cv_env_LDFLAGS_value=
ac_cv_env_LIBS_set=
ac_cv_env_LIBS_value=
ac_cv_env_build_alias_set=
ac_cv_env_build_alias_value=
ac_cv_env_host_alias_set=
ac_cv_env_host_alias_value=
ac_cv_env_target_alias_set=
ac_cv_env_target_alias_value=
ac_cv_f77_compiler_gnu=no
ac_cv_func_argz_append=no
ac_cv_func_argz_create_sep=no
ac_cv_func_argz_insert=no
ac_cv_func_argz_next=no
ac_cv_func_argz_stringify=no
ac_cv_func_closedir=yes
ac_cv_func_dlerror=yes
ac_cv_func_fseeko=yes
ac_cv_func_memcpy=yes
ac_cv_func_memmove=yes
ac_cv_func_opendir=yes
ac_cv_func_readdir=yes
ac_cv_func_shl_load=no
ac_cv_func_strchr=yes
ac_cv_func_strcmp=yes
ac_cv_func_strrchr=yes
ac_cv_header_argz_h=no
ac_cv_header_assert_h=yes
ac_cv_header_ctype_h=yes
ac_cv_header_dirent_dirent_h=yes
ac_cv_header_dl_h=no
ac_cv_header_dld_h=no
ac_cv_header_dlfcn_h=yes
ac_cv_header_errno_h=yes
ac_cv_header_inttypes_h=yes
ac_cv_header_ltdl_h=yes
ac_cv_header_mach_o_dyld_h=yes
ac_cv_header_malloc_h=no
ac_cv_header_memory_h=yes
ac_cv_header_stdc=yes
ac_cv_header_stdint_h=yes
ac_cv_header_stdio_h=yes
ac_cv_header_stdlib_h=yes
ac_cv_header_string_h=yes
ac_cv_header_strings_h=yes
ac_cv_header_sys_dl_h=no
ac_cv_header_sys_stat_h=yes
ac_cv_header_sys_types_h=yes
ac_cv_header_unistd_h=yes
ac_cv_host=i386-apple-darwin10.3.3
ac_cv_lib_dl_dlopen=yes
ac_cv_lib_dld_shl_load=no
ac_cv_lib_ltdl_lt_dlcaller_register=no
ac_cv_lib_ltdl_lt_dlopen=yes
ac_cv_lib_m_pow=yes
ac_cv_lib_mad_mad_frame_decode=no
ac_cv_objext=o
ac_cv_path_EGREP='/usr/bin/grep -E'
ac_cv_path_GREP=/usr/bin/grep
ac_cv_path_install='/usr/bin/install -c'
ac_cv_prog_AWK=awk
ac_cv_prog_CPP='gcc -E'
ac_cv_prog_CXXCPP='g++ -E'
ac_cv_prog_ac_ct_AR=ar
ac_cv_prog_ac_ct_CC=gcc
ac_cv_prog_ac_ct_CXX=g++
ac_cv_prog_ac_ct_RANLIB=ranlib
ac_cv_prog_ac_ct_STRIP=strip
ac_cv_prog_cc_c89=
ac_cv_prog_cc_g=yes
ac_cv_prog_cxx_g=yes
ac_cv_prog_f77_g=no
ac_cv_prog_make_make_set=yes
ac_cv_search_opendir='none required'
ac_cv_sys_largefile_source=no
ac_cv_sys_symbol_underscore=yes
ac_cv_type_error_t=no
am_cv_CC_dependencies_compiler_type=gcc3
am_cv_CXX_dependencies_compiler_type=gcc3
libltdl_cv_lib_dl_dlopen=yes
libltdl_cv_need_uscore=no
libltdl_cv_objdir=.libs
libltdl_cv_preloaded_symbols=yes
libltdl_cv_shlibext=.so
libltdl_cv_shlibpath_var=
libltdl_cv_sys_dlopen_deplibs=yes
libltdl_cv_sys_search_path='/lib /usr/lib'
lt_cv_deplibs_check_method=pass_all
lt_cv_file_magic_cmd='$MAGIC_CMD'
lt_cv_file_magic_test_file=
lt_cv_ld_reload_flag=-r
lt_cv_objdir=.libs
lt_cv_path_LD=/usr/libexec/gcc/i686-apple-darwin10/4.2.1/ld
lt_cv_path_LDCXX=/usr/libexec/gcc/i686-apple-darwin10/4.2.1/ld
lt_cv_path_NM=/usr/bin/nm
lt_cv_path_SED=/usr/bin/sed
lt_cv_prog_compiler_c_o=yes
lt_cv_prog_compiler_c_o_CXX=yes
lt_cv_prog_compiler_rtti_exceptions=no
lt_cv_prog_gnu_ld=no
lt_cv_prog_gnu_ldcxx=no
lt_cv_sys_global_symbol_pipe='sed -n -e '\''s/^.*[ 	]\([BCDEGRST][BCDEGRST]*\)[ 	][ 	]*_\([_A-Za-z][_A-Za-z0-9]*\)$/\1 _\2 \2/p'\'''
lt_cv_sys_global_symbol_to_c_name_address='sed -n -e '\''s/^: \([^ ]*\) $/  {\"\1\", (lt_ptr) 0},/p'\'' -e '\''s/^[BCDEGRST] \([^ ]*\) \([^ ]*\)$/  {"\2", (lt_ptr) \&\2},/p'\'''
lt_cv_sys_global_symbol_to_cdecl='sed -n -e '\''s/^. .* \(.*\)$/extern int \1;/p'\'''
lt_cv_sys_max_cmd_len=196608
lt_lt_cv_prog_compiler_c_o='"yes"'
lt_lt_cv_prog_compiler_c_o_CXX='"yes"'
lt_lt_cv_sys_global_symbol_pipe='"sed -n -e '\''s/^.*[ 	]\\([BCDEGRST][BCDEGRST]*\\)[ 	][ 	]*_\\([_A-Za-z][_A-Za-z0-9]*\\)\$/\\1 _\\2 \\2/p'\''"'
lt_lt_cv_sys_global_symbol_to_c_name_address='"sed -n -e '\''s/^: \\([^ ]*\\) \$/  {\\\"\\1\\\", (lt_ptr) 0},/p'\'' -e '\''s/^[BCDEGRST] \\([^ ]*\\) \\([^ ]*\\)\$/  {\"\\2\", (lt_ptr) \\&\\2},/p'\''"'
lt_lt_cv_sys_global_symbol_to_cdecl='"sed -n -e '\''s/^. .* \\(.*\\)\$/extern int \\1;/p'\''"'

## ----------------- ##
## Output variables. ##
## ----------------- ##

ACLOCAL='${SHELL} /modified-mp3splt/ppc-libmp3splt-0.5.2/missing --run aclocal-1.10'
AMDEPBACKSLASH='\'
AMDEP_FALSE='#'
AMDEP_TRUE=''
AMTAR='${SHELL} /modified-mp3splt/ppc-libmp3splt-0.5.2/missing --run tar'
AR='ar'
AS='as'
AUTOCONF='${SHELL} /modified-mp3splt/ppc-libmp3splt-0.5.2/missing --run autoconf'
AUTOHEADER='${SHELL} /modified-mp3splt/ppc-libmp3splt-0.5.2/missing --run autoheader'
AUTOMAKE='${SHELL} /modified-mp3splt/ppc-libmp3splt-0.5.2/missing --run automake-1.10'
AWK='awk'
CC='gcc'
CCDEPMODE='depmode=gcc3'
CFLAGS='-g  -I../include/libmp3splt -D_LARGEFILE_SOURCE -D_FILE_OFFSET_BITS=64 -DNO_ID3TAG'
CONVENIENCE_LTDL_FALSE=''
CONVENIENCE_LTDL_TRUE='#'
CPP='gcc -E'
CPPFLAGS=''
CXX='g++'
CXXCPP='g++ -E'
CXXDEPMODE='depmode=gcc3'
CXXFLAGS='-g -O2'
CYGPATH_W='echo'
DEFS='-DHAVE_CONFIG_H'
DEPDIR='.deps'
DLLTOOL='dlltool'
ECHO='/bin/echo'
ECHO_C='ECHO_N=''
ECHO_T=''
EGREP='/usr/bin/grep -E'
EXEEXT=''
F77=''
FFLAGS=''
GREP='/usr/bin/grep'
INCLTDL='-I${top_srcdir}/libltdl'
INSTALL_DATA='${INSTALL} -m 644'
INSTALL_LTDL_FALSE=''
INSTALL_LTDL_TRUE='#'
INSTALL_PROGRAM='${INSTALL}'
INSTALL_SCRIPT='${INSTALL}'
INSTALL_STRIP_PROGRAM='$(install_sh) -c -s'
LDFLAGS=''
LIBADD_DL='-ldl'
LIBLTDL='${top_builddir}/libltdl/libltdlc.la'
LIBOBJS=''
LIBS=''
LIBTOOL='$(SHELL) $(top_builddir)/libtool'
LIB_ID3TAG_FALSE=''
LIB_ID3TAG_TRUE='#'
LN_S='ln -s'
LTLIBOBJS=''
MAKEINFO='${SHELL} /modified-mp3splt/ppc-libmp3splt-0.5.2/missing --run makeinfo'
MP3_PLUGIN_FALSE=''
MP3_PLUGIN_TRUE='#'
OBJDUMP='objdump'
OBJEXT='o'
OGG_PLUGIN_FALSE=''
OGG_PLUGIN_TRUE='#'
PACKAGE='libmp3splt'
PACKAGE_BUGREPORT='io_fx@yahoo.fr'
PACKAGE_NAME='libmp3splt'
PACKAGE_STRING='libmp3splt 0.5.2'
PACKAGE_TARNAME='libmp3splt'
PACKAGE_VERSION='0.5.2'
PATH_SEPARATOR=':'
RANLIB='ranlib'
SET_MAKE=''
SHELL='/bin/sh'
STRIP='strip'
VERSION='0.5.2'
WIN32_FALSE=''
WIN32_TRUE='#'
ac_ct_CC='gcc'
ac_ct_CXX='g++'
ac_ct_F77=''
am__fastdepCC_FALSE='#'
am__fastdepCC_TRUE=''
am__fastdepCXX_FALSE='#'
am__fastdepCXX_TRUE=''
am__include='include'
am__isrc=''
am__leading_dot='.'
am__quote=''
am__tar='${AMTAR} chof - "$$tardir"'
am__untar='${AMTAR} xf -'
bindir='${exec_prefix}/bin'
build='i386-apple-darwin10.3.3'
build_alias=''
build_cpu='i386'
build_os='darwin10.3.3'
build_vendor='apple'
datadir='${datarootdir}'
datarootdir='${prefix}/share'
docdir='${datarootdir}/doc/${PACKAGE_TARNAME}'
dvidir='${docdir}'
exec_prefix='${prefix}'
host='i386-apple-darwin10.3.3'
host_alias=''
host_cpu='i386'
host_os='darwin10.3.3'
host_vendor='apple'
htmldir='${docdir}'
includedir='${prefix}/include'
infodir='${datarootdir}/info'
install_sh='$(SHELL) /modified-mp3splt/ppc-libmp3splt-0.5.2/install-sh'
libdir='${exec_prefix}/lib'
libexecdir='${exec_prefix}/libexec'
localedir='${datarootdir}/locale'
localstatedir='${prefix}/var'
mandir='${datarootdir}/man'
mkdir_p='$(top_builddir)/./install-sh -c -d'
oldincludedir='/usr/include'
pdfdir='${docdir}'
prefix='/usr/local'
program_transform_name='s,x,x,'
psdir='${docdir}'
sbindir='${exec_prefix}/sbin'
sharedstatedir='${prefix}/com'
subdirs=' libltdl'
sysconfdir='${prefix}/etc'
target_alias=''

## ----------- ##
## confdefs.h. ##
## ----------- ##

#define PACKAGE_NAME "libmp3splt"
#define PACKAGE_TARNAME "libmp3splt"
#define PACKAGE_VERSION "0.5.2"
#define PACKAGE_STRING "libmp3splt 0.5.2"
#define PACKAGE_BUGREPORT "io_fx@yahoo.fr"
#define PACKAGE "libmp3splt"
#define VERSION "0.5.2"
#define STDC_HEADERS 1
#define HAVE_SYS_TYPES_H 1
#define HAVE_SYS_STAT_H 1
#define HAVE_STDLIB_H 1
#define HAVE_STRING_H 1
#define HAVE_MEMORY_H 1
#define HAVE_STRINGS_H 1
#define HAVE_INTTYPES_H 1
#define HAVE_STDINT_H 1
#define HAVE_UNISTD_H 1
#define HAVE_DIRENT_H 1
#define HAVE_DLFCN_H 1
#define LTDL_SHLIB_EXT ".so"
#define LTDL_SYSSEARCHPATH "/lib:/usr/lib"
#define LTDL_OBJDIR ".libs/"
#define HAVE_PRELOADED_SYMBOLS 1
#define HAVE_LIBDL 1
#define HAVE_DLERROR 1
#define error_t int
#define HAVE_ASSERT_H 1
#define HAVE_CTYPE_H 1
#define HAVE_ERRNO_H 1
#define HAVE_MEMORY_H 1
#define HAVE_STDLIB_H 1
#define HAVE_STDIO_H 1
#define HAVE_UNISTD_H 1
#define HAVE_MACH_O_DYLD_H 1
#define HAVE_STRING_H 1
#define HAVE_STRCHR 1
#define HAVE_STRRCHR 1
#define HAVE_MEMCPY 1
#define HAVE_MEMMOVE 1
#define HAVE_STRCMP 1
#define HAVE_CLOSEDIR 1
#define HAVE_OPENDIR 1
#define HAVE_READDIR 1
#define HAVE_FSEEKO 1
#define HAVE_FSEEKO 1

configure: exit 0
