This file contains any messages produced by compilers while
running configure, to aid debugging if configure makes a mistake.

It was created by lame configure 3.98.4, which was
generated by GNU Autoconf 2.61.  Invocation command line was

  $ ./configure 

## --------- ##
## Platform. ##
## --------- ##

hostname = ppad-mmini.local
uname -m = i386
uname -r = 10.3.3
uname -s = Darwin
uname -v = Darwin Kernel Version 10.3.3: Wed Apr  7 20:48:41 PDT 2010; root:xnu-1504.6.1~3/RELEASE_I386

/usr/bin/uname -p = i386
/bin/uname -X     = unknown

/bin/arch              = unknown
/usr/bin/arch -k       = unknown
/usr/convex/getsysinfo = unknown
/usr/bin/hostinfo      = Mach kernel version:
	 Darwin Kernel Version 10.3.3: Wed Apr  7 20:48:41 PDT 2010; root:xnu-1504.6.1~3/RELEASE_I386
Kernel configured for up to 2 processors.
2 processors are physically available.
2 processors are logically available.
Processor type: i486 (Intel 80486)
Processors active: 0 1
Primary memory available: 2.00 gigabytes
Default processor set: 64 tasks, 279 threads, 2 processors
Load average: 0.85, Mach factor: 1.14
/bin/machine           = unknown
/usr/bin/oslevel       = unknown
/bin/universe          = unknown

PATH: /usr/bin
PATH: /bin
PATH: /usr/sbin
PATH: /sbin
PATH: /usr/local/bin
PATH: /usr/X11/bin


## ----------- ##
## Core tests. ##
## ----------- ##

configure:2050: checking build system type
configure:2068: result: i686-apple-darwin10.3.3
configure:2090: checking host system type
configure:2105: result: i686-apple-darwin10.3.3
configure:2143: checking for a BSD-compatible install
configure:2199: result: /usr/bin/install -c
configure:2210: checking whether build environment is sane
configure:2253: result: yes
configure:2281: checking for a thread-safe mkdir -p
configure:2320: result: ./install-sh -c -d
configure:2333: checking for gawk
configure:2363: result: no
configure:2333: checking for mawk
configure:2363: result: no
configure:2333: checking for nawk
configure:2363: result: no
configure:2333: checking for awk
configure:2349: found /usr/bin/awk
configure:2360: result: awk
configure:2371: checking whether make sets $(MAKE)
configure:2392: result: yes
configure:2582: checking whether to enable maintainer-specific portions of Makefiles
configure:2591: result: no
configure:2611: checking for style of include used by make
configure:2639: result: GNU
configure:2715: checking for gcc
configure:2731: found /usr/bin/gcc
configure:2742: result: gcc
configure:2980: checking for C compiler version
configure:2987: gcc --version >&5
i686-apple-darwin10-gcc-4.2.1 (GCC) 4.2.1 (Apple Inc. build 5659)
Copyright (C) 2007 Free Software Foundation, Inc.
This is free software; see the source for copying conditions.  There is NO
warranty; not even for MERCHANTABILITY or FITNESS FOR A PARTICULAR PURPOSE.

configure:2990: $? = 0
configure:2997: gcc -v >&5
Using built-in specs.
Target: i686-apple-darwin10
Configured with: /var/tmp/gcc/gcc-5659~1/src/configure --disable-checking --enable-werror --prefix=/usr --mandir=/share/man --enable-languages=c,objc,c++,obj-c++ --program-transform-name=/^[cg][^.-]*$/s/$/-4.2/ --with-slibdir=/usr/lib --build=i686-apple-darwin10 --program-prefix=i686-apple-darwin10- --host=x86_64-apple-darwin10 --target=i686-apple-darwin10 --with-gxx-include-dir=/include/c++/4.2.1
Thread model: posix
gcc version 4.2.1 (Apple Inc. build 5659)
configure:3000: $? = 0
configure:3007: gcc -V >&5
gcc-4.2: argument to `-V' is missing
configure:3010: $? = 1
configure:3033: checking for C compiler default output file name
configure:3060: gcc    conftest.c  >&5
configure:3063: $? = 0
configure:3101: result: a.out
configure:3118: checking whether the C compiler works
configure:3128: ./a.out
configure:3131: $? = 0
configure:3148: result: yes
configure:3155: checking whether we are cross compiling
configure:3157: result: no
configure:3160: checking for suffix of executables
configure:3167: gcc -o conftest    conftest.c  >&5
configure:3170: $? = 0
configure:3194: result: 
configure:3200: checking for suffix of object files
configure:3226: gcc -c   conftest.c >&5
configure:3229: $? = 0
configure:3252: result: o
configure:3256: checking whether we are using the GNU C compiler
configure:3285: gcc -c   conftest.c >&5
configure:3291: $? = 0
configure:3308: result: yes
configure:3313: checking whether gcc accepts -g
configure:3343: gcc -c -g  conftest.c >&5
configure:3349: $? = 0
configure:3448: result: yes
configure:3465: checking for gcc option to accept ISO C89
configure:3539: gcc  -c -g -O2  conftest.c >&5
configure:3545: $? = 0
configure:3568: result: none needed
configure:3588: checking dependency style of gcc
configure:3679: result: gcc3
configure:3700: checking how to run the C preprocessor
configure:3740: gcc -E  conftest.c
configure:3746: $? = 0
configure:3777: gcc -E  conftest.c
conftest.c:10:28: error: ac_nonexistent.h: No such file or directory
configure:3783: $? = 1
configure: failed program was:
| /* confdefs.h.  */
| #define PACKAGE_NAME "lame"
| #define PACKAGE_TARNAME "lame"
| #define PACKAGE_VERSION "3.98.4"
| #define PACKAGE_STRING "lame 3.98.4"
| #define PACKAGE_BUGREPORT "lame-dev@lists.sf.net"
| #define PACKAGE "lame"
| #define VERSION "3.98.4"
| /* end confdefs.h.  */
| #include <ac_nonexistent.h>
configure:3816: result: gcc -E
configure:3845: gcc -E  conftest.c
configure:3851: $? = 0
configure:3882: gcc -E  conftest.c
conftest.c:10:28: error: ac_nonexistent.h: No such file or directory
configure:3888: $? = 1
configure: failed program was:
| /* confdefs.h.  */
| #define PACKAGE_NAME "lame"
| #define PACKAGE_TARNAME "lame"
| #define PACKAGE_VERSION "3.98.4"
| #define PACKAGE_STRING "lame 3.98.4"
| #define PACKAGE_BUGREPORT "lame-dev@lists.sf.net"
| #define PACKAGE "lame"
| #define VERSION "3.98.4"
| /* end confdefs.h.  */
| #include <ac_nonexistent.h>
configure:3926: checking for grep that handles long lines and -e
configure:4000: result: /usr/bin/grep
configure:4005: checking for egrep
configure:4083: result: /usr/bin/grep -E
configure:4089: checking for AIX
configure:4111: result: no
configure:4117: checking for library containing strerror
configure:4158: gcc -o conftest -g -O2   conftest.c  >&5
configure:4164: $? = 0
configure:4192: result: none required
configure:4200: checking for ANSI C header files
configure:4230: gcc -c -g -O2  conftest.c >&5
configure:4236: $? = 0
configure:4335: gcc -o conftest -g -O2   conftest.c  >&5
configure:4338: $? = 0
configure:4344: ./conftest
configure:4347: $? = 0
configure:4364: result: yes
configure:4388: checking for sys/types.h
configure:4409: gcc -c -g -O2  conftest.c >&5
configure:4415: $? = 0
configure:4431: result: yes
configure:4388: checking for sys/stat.h
configure:4409: gcc -c -g -O2  conftest.c >&5
configure:4415: $? = 0
configure:4431: result: yes
configure:4388: checking for stdlib.h
configure:4409: gcc -c -g -O2  conftest.c >&5
configure:4415: $? = 0
configure:4431: result: yes
configure:4388: checking for string.h
configure:4409: gcc -c -g -O2  conftest.c >&5
configure:4415: $? = 0
configure:4431: result: yes
configure:4388: checking for memory.h
configure:4409: gcc -c -g -O2  conftest.c >&5
configure:4415: $? = 0
configure:4431: result: yes
configure:4388: checking for strings.h
configure:4409: gcc -c -g -O2  conftest.c >&5
configure:4415: $? = 0
configure:4431: result: yes
configure:4388: checking for inttypes.h
configure:4409: gcc -c -g -O2  conftest.c >&5
configure:4415: $? = 0
configure:4431: result: yes
configure:4388: checking for stdint.h
configure:4409: gcc -c -g -O2  conftest.c >&5
configure:4415: $? = 0
configure:4431: result: yes
configure:4388: checking for unistd.h
configure:4409: gcc -c -g -O2  conftest.c >&5
configure:4415: $? = 0
configure:4431: result: yes
configure:4453: checking minix/config.h usability
configure:4470: gcc -c -g -O2  conftest.c >&5
conftest.c:53:26: error: minix/config.h: No such file or directory
configure:4476: $? = 1
configure: failed program was:
| /* confdefs.h.  */
| #define PACKAGE_NAME "lame"
| #define PACKAGE_TARNAME "lame"
| #define PACKAGE_VERSION "3.98.4"
| #define PACKAGE_STRING "lame 3.98.4"
| #define PACKAGE_BUGREPORT "lame-dev@lists.sf.net"
| #define PACKAGE "lame"
| #define VERSION "3.98.4"
| #define STDC_HEADERS 1
| #define HAVE_SYS_TYPES_H 1
| #define HAVE_SYS_STAT_H 1
| #define HAVE_STDLIB_H 1
| #define HAVE_STRING_H 1
| #define HAVE_MEMORY_H 1
| #define HAVE_STRINGS_H 1
| #define HAVE_INTTYPES_H 1
| #define HAVE_STDINT_H 1
| #define HAVE_UNISTD_H 1
| /* end confdefs.h.  */
| #include <stdio.h>
| #ifdef HAVE_SYS_TYPES_H
| # include <sys/types.h>
| #endif
| #ifdef HAVE_SYS_STAT_H
| # include <sys/stat.h>
| #endif
| #ifdef STDC_HEADERS
| # include <stdlib.h>
| # include <stddef.h>
| #else
| # ifdef HAVE_STDLIB_H
| #  include <stdlib.h>
| # endif
| #endif
| #ifdef HAVE_STRING_H
| # if !defined STDC_HEADERS && defined HAVE_MEMORY_H
| #  include <memory.h>
| # endif
| # include <string.h>
| #endif
| #ifdef HAVE_STRINGS_H
| # include <strings.h>
| #endif
| #ifdef HAVE_INTTYPES_H
| # include <inttypes.h>
| #endif
| #ifdef HAVE_STDINT_H
| # include <stdint.h>
| #endif
| #ifdef HAVE_UNISTD_H
| # include <unistd.h>
| #endif
| #include <minix/config.h>
configure:4490: result: no
configure:4494: checking minix/config.h presence
configure:4509: gcc -E  conftest.c
conftest.c:20:26: error: minix/config.h: No such file or directory
configure:4515: $? = 1
configure: failed program was:
| /* confdefs.h.  */
| #define PACKAGE_NAME "lame"
| #define PACKAGE_TARNAME "lame"
| #define PACKAGE_VERSION "3.98.4"
| #define PACKAGE_STRING "lame 3.98.4"
| #define PACKAGE_BUGREPORT "lame-dev@lists.sf.net"
| #define PACKAGE "lame"
| #define VERSION "3.98.4"
| #define STDC_HEADERS 1
| #define HAVE_SYS_TYPES_H 1
| #define HAVE_SYS_STAT_H 1
| #define HAVE_STDLIB_H 1
| #define HAVE_STRING_H 1
| #define HAVE_MEMORY_H 1
| #define HAVE_STRINGS_H 1
| #define HAVE_INTTYPES_H 1
| #define HAVE_STDINT_H 1
| #define HAVE_UNISTD_H 1
| /* end confdefs.h.  */
| #include <minix/config.h>
configure:4529: result: no
configure:4562: checking for minix/config.h
configure:4569: result: no
configure:4676: checking for a sed that does not truncate output
configure:4732: result: /usr/bin/sed
configure:4746: checking for ld used by gcc
configure:4813: result: /usr/libexec/gcc/i686-apple-darwin10/4.2.1/ld
configure:4822: checking if the linker (/usr/libexec/gcc/i686-apple-darwin10/4.2.1/ld) is GNU ld
configure:4837: result: no
configure:4842: checking for /usr/libexec/gcc/i686-apple-darwin10/4.2.1/ld option to reload object files
configure:4849: result: -r
configure:4867: checking for BSD-compatible nm
configure:4916: result: /usr/bin/nm
configure:4920: checking whether ln -s works
configure:4924: result: yes
configure:4931: checking how to recognize dependent libraries
configure:5117: result: pass_all
configure:5367: checking dlfcn.h usability
configure:5384: gcc -c -g -O2  conftest.c >&5
configure:5390: $? = 0
configure:5404: result: yes
configure:5408: checking dlfcn.h presence
configure:5423: gcc -E  conftest.c
configure:5429: $? = 0
configure:5443: result: yes
configure:5476: checking for dlfcn.h
configure:5484: result: yes
configure:5555: checking for g++
configure:5571: found /usr/bin/g++
configure:5582: result: g++
configure:5613: checking for C++ compiler version
configure:5620: g++ --version >&5
i686-apple-darwin10-g++-4.2.1 (GCC) 4.2.1 (Apple Inc. build 5659)
Copyright (C) 2007 Free Software Foundation, Inc.
This is free software; see the source for copying conditions.  There is NO
warranty; not even for MERCHANTABILITY or FITNESS FOR A PARTICULAR PURPOSE.

configure:5623: $? = 0
configure:5630: g++ -v >&5
Using built-in specs.
Target: i686-apple-darwin10
Configured with: /var/tmp/gcc/gcc-5659~1/src/configure --disable-checking --enable-werror --prefix=/usr --mandir=/share/man --enable-languages=c,objc,c++,obj-c++ --program-transform-name=/^[cg][^.-]*$/s/$/-4.2/ --with-slibdir=/usr/lib --build=i686-apple-darwin10 --program-prefix=i686-apple-darwin10- --host=x86_64-apple-darwin10 --target=i686-apple-darwin10 --with-gxx-include-dir=/include/c++/4.2.1
Thread model: posix
gcc version 4.2.1 (Apple Inc. build 5659)
configure:5633: $? = 0
configure:5640: g++ -V >&5
g++-4.2: argument to `-V' is missing
configure:5643: $? = 1
configure:5646: checking whether we are using the GNU C++ compiler
configure:5675: g++ -c   conftest.cpp >&5
configure:5681: $? = 0
configure:5698: result: yes
configure:5703: checking whether g++ accepts -g
configure:5733: g++ -c -g  conftest.cpp >&5
configure:5739: $? = 0
configure:5838: result: yes
configure:5863: checking dependency style of g++
configure:5954: result: gcc3
configure:5979: checking how to run the C++ preprocessor
configure:6015: g++ -E  conftest.cpp
configure:6021: $? = 0
configure:6052: g++ -E  conftest.cpp
conftest.cpp:21:28: error: ac_nonexistent.h: No such file or directory
configure:6058: $? = 1
configure: failed program was:
| /* confdefs.h.  */
| #define PACKAGE_NAME "lame"
| #define PACKAGE_TARNAME "lame"
| #define PACKAGE_VERSION "3.98.4"
| #define PACKAGE_STRING "lame 3.98.4"
| #define PACKAGE_BUGREPORT "lame-dev@lists.sf.net"
| #define PACKAGE "lame"
| #define VERSION "3.98.4"
| #define STDC_HEADERS 1
| #define HAVE_SYS_TYPES_H 1
| #define HAVE_SYS_STAT_H 1
| #define HAVE_STDLIB_H 1
| #define HAVE_STRING_H 1
| #define HAVE_MEMORY_H 1
| #define HAVE_STRINGS_H 1
| #define HAVE_INTTYPES_H 1
| #define HAVE_STDINT_H 1
| #define HAVE_UNISTD_H 1
| #define HAVE_DLFCN_H 1
| /* end confdefs.h.  */
| #include <ac_nonexistent.h>
configure:6091: result: g++ -E
configure:6120: g++ -E  conftest.cpp
configure:6126: $? = 0
configure:6157: g++ -E  conftest.cpp
conftest.cpp:21:28: error: ac_nonexistent.h: No such file or directory
configure:6163: $? = 1
configure: failed program was:
| /* confdefs.h.  */
| #define PACKAGE_NAME "lame"
| #define PACKAGE_TARNAME "lame"
| #define PACKAGE_VERSION "3.98.4"
| #define PACKAGE_STRING "lame 3.98.4"
| #define PACKAGE_BUGREPORT "lame-dev@lists.sf.net"
| #define PACKAGE "lame"
| #define VERSION "3.98.4"
| #define STDC_HEADERS 1
| #define HAVE_SYS_TYPES_H 1
| #define HAVE_SYS_STAT_H 1
| #define HAVE_STDLIB_H 1
| #define HAVE_STRING_H 1
| #define HAVE_MEMORY_H 1
| #define HAVE_STRINGS_H 1
| #define HAVE_INTTYPES_H 1
| #define HAVE_STDINT_H 1
| #define HAVE_UNISTD_H 1
| #define HAVE_DLFCN_H 1
| /* end confdefs.h.  */
| #include <ac_nonexistent.h>
configure:6256: checking for g77
configure:6286: result: no
configure:6256: checking for xlf
configure:6286: result: no
configure:6256: checking for f77
configure:6286: result: no
configure:6256: checking for frt
configure:6286: result: no
configure:6256: checking for pgf77
configure:6286: result: no
configure:6256: checking for cf77
configure:6286: result: no
configure:6256: checking for fort77
configure:6286: result: no
configure:6256: checking for fl32
configure:6286: result: no
configure:6256: checking for af77
configure:6286: result: no
configure:6256: checking for xlf90
configure:6286: result: no
configure:6256: checking for f90
configure:6286: result: no
configure:6256: checking for pgf90
configure:6286: result: no
configure:6256: checking for pghpf
configure:6286: result: no
configure:6256: checking for epcf90
configure:6286: result: no
configure:6256: checking for gfortran
configure:6286: result: no
configure:6256: checking for g95
configure:6286: result: no
configure:6256: checking for xlf95
configure:6286: result: no
configure:6256: checking for f95
configure:6286: result: no
configure:6256: checking for fort
configure:6286: result: no
configure:6256: checking for ifort
configure:6286: result: no
configure:6256: checking for ifc
configure:6286: result: no
configure:6256: checking for efc
configure:6286: result: no
configure:6256: checking for pgf95
configure:6286: result: no
configure:6256: checking for lf95
configure:6286: result: no
configure:6256: checking for ftn
configure:6286: result: no
configure:6313: checking for Fortran 77 compiler version
configure:6320:  --version >&5
./configure: line 6321: --version: command not found
configure:6323: $? = 127
configure:6330:  -v >&5
./configure: line 6331: -v: command not found
configure:6333: $? = 127
configure:6340:  -V >&5
./configure: line 6341: -V: command not found
configure:6343: $? = 127
configure:6351: checking whether we are using the GNU Fortran 77 compiler
configure:6370:  -c  conftest.F >&5
./configure: line 6371: -c: command not found
configure:6376: $? = 127
configure: failed program was:
|       program main
| #ifndef __GNUC__
|        choke me
| #endif
| 
|       end
configure:6393: result: no
configure:6399: checking whether  accepts -g
configure:6416:  -c -g conftest.f >&5
./configure: line 6417: -c: command not found
configure:6422: $? = 127
configure: failed program was:
|       program main
| 
|       end
configure:6438: result: no
configure:6468: checking the maximum length of command line arguments
configure:6580: result: 196608
configure:6592: checking command to parse /usr/bin/nm output from gcc object
configure:6697: gcc -c -g -O2  conftest.c >&5
configure:6700: $? = 0
configure:6704: /usr/bin/nm conftest.o \| sed -n -e 's/^.*[ 	]\([BCDEGRST][BCDEGRST]*\)[ 	][ 	]*\([_A-Za-z][_A-Za-z0-9]*\)$/\1 \2 \2/p' \> conftest.nm
configure:6707: $? = 0
cannot find nm_test_var in conftest.nm
configure:6697: gcc -c -g -O2  conftest.c >&5
configure:6700: $? = 0
configure:6704: /usr/bin/nm conftest.o \| sed -n -e 's/^.*[ 	]\([BCDEGRST][BCDEGRST]*\)[ 	][ 	]*_\([_A-Za-z][_A-Za-z0-9]*\)$/\1 _\2 \2/p' \> conftest.nm
configure:6707: $? = 0
configure:6759: gcc -o conftest -g -O2   conftest.c conftstm.o >&5
configure:6762: $? = 0
configure:6800: result: ok
configure:6804: checking for objdir
configure:6819: result: .libs
configure:6911: checking for ar
configure:6927: found /usr/bin/ar
configure:6938: result: ar
configure:7007: checking for ranlib
configure:7023: found /usr/bin/ranlib
configure:7034: result: ranlib
configure:7103: checking for strip
configure:7119: found /usr/bin/strip
configure:7130: result: strip
configure:7416: checking if gcc supports -fno-rtti -fno-exceptions
configure:7434: gcc -c -g -O2  -fno-rtti -fno-exceptions conftest.c >&5
cc1: warning: command line option "-fno-rtti" is valid for C++/ObjC++ but not for C
configure:7438: $? = 0
configure:7451: result: no
configure:7466: checking for gcc option to produce PIC
configure:7698: result: -fno-common
configure:7706: checking if gcc PIC flag -fno-common works
configure:7724: gcc -c -g -O2  -fno-common -DPIC conftest.c >&5
configure:7728: $? = 0
configure:7741: result: yes
configure:7769: checking if gcc static flag -static works
configure:7797: result: no
configure:7807: checking if gcc supports -c -o file.o
configure:7828: gcc -c -g -O2  -o out/conftest2.o conftest.c >&5
configure:7832: $? = 0
configure:7854: result: yes
configure:7880: checking whether the gcc linker (/usr/libexec/gcc/i686-apple-darwin10/4.2.1/ld) supports shared libraries
configure:8860: result: yes
configure:8927: checking dynamic linker characteristics
configure:9529: result: darwin10.3.3 dyld
configure:9538: checking how to hardcode library paths into programs
configure:9563: result: immediate
configure:9577: checking whether stripping libraries is possible
configure:9591: result: yes
configure:10384: checking if libtool supports shared libraries
configure:10386: result: yes
configure:10389: checking whether to build shared libraries
configure:10410: result: yes
configure:10413: checking whether to build static libraries
configure:10417: result: yes
configure:10510: creating libtool
configure:11098: checking for ld used by g++
configure:11165: result: /usr/libexec/gcc/i686-apple-darwin10/4.2.1/ld
configure:11174: checking if the linker (/usr/libexec/gcc/i686-apple-darwin10/4.2.1/ld) is GNU ld
configure:11189: result: no
configure:11240: checking whether the g++ linker (/usr/libexec/gcc/i686-apple-darwin10/4.2.1/ld) supports shared libraries
configure:12214: result: yes
configure:12232: g++ -c -g -O2  conftest.cpp >&5
configure:12235: $? = 0
configure:12387: checking for g++ option to produce PIC
configure:12671: result: -fno-common
configure:12679: checking if g++ PIC flag -fno-common works
configure:12697: g++ -c -g -O2  -fno-common -DPIC conftest.cpp >&5
configure:12701: $? = 0
configure:12714: result: yes
configure:12742: checking if g++ static flag -static works
configure:12770: result: no
configure:12780: checking if g++ supports -c -o file.o
configure:12801: g++ -c -g -O2  -o out/conftest2.o conftest.cpp >&5
configure:12805: $? = 0
configure:12827: result: yes
configure:12853: checking whether the g++ linker (/usr/libexec/gcc/i686-apple-darwin10/4.2.1/ld) supports shared libraries
configure:12878: result: yes
configure:12945: checking dynamic linker characteristics
configure:13495: result: darwin10.3.3 dyld
configure:13504: checking how to hardcode library paths into programs
configure:13529: result: immediate
configure:19772: checking for gcc
configure:19799: result: gcc
configure:20037: checking for C compiler version
configure:20044: gcc --version >&5
i686-apple-darwin10-gcc-4.2.1 (GCC) 4.2.1 (Apple Inc. build 5659)
Copyright (C) 2007 Free Software Foundation, Inc.
This is free software; see the source for copying conditions.  There is NO
warranty; not even for MERCHANTABILITY or FITNESS FOR A PARTICULAR PURPOSE.

configure:20047: $? = 0
configure:20054: gcc -v >&5
Using built-in specs.
Target: i686-apple-darwin10
Configured with: /var/tmp/gcc/gcc-5659~1/src/configure --disable-checking --enable-werror --prefix=/usr --mandir=/share/man --enable-languages=c,objc,c++,obj-c++ --program-transform-name=/^[cg][^.-]*$/s/$/-4.2/ --with-slibdir=/usr/lib --build=i686-apple-darwin10 --program-prefix=i686-apple-darwin10- --host=x86_64-apple-darwin10 --target=i686-apple-darwin10 --with-gxx-include-dir=/include/c++/4.2.1
Thread model: posix
gcc version 4.2.1 (Apple Inc. build 5659)
configure:20057: $? = 0
configure:20064: gcc -V >&5
gcc-4.2: argument to `-V' is missing
configure:20067: $? = 1
configure:20070: checking whether we are using the GNU C compiler
configure:20122: result: yes
configure:20127: checking whether gcc accepts -g
configure:20262: result: yes
configure:20279: checking for gcc option to accept ISO C89
configure:20382: result: none needed
configure:20402: checking dependency style of gcc
configure:20493: result: gcc3
configure:20510: checking version of GCC
configure:20513: result: 4.2.1
configure:20517: checking for function prototypes
configure:20520: result: yes
configure:20550: checking for string.h
configure:20556: result: yes
configure:20702: checking dmalloc.h usability
configure:20719: gcc -c   conftest.c >&5
conftest.c:57:21: error: dmalloc.h: No such file or directory
configure:20725: $? = 1
configure: failed program was:
| /* confdefs.h.  */
| #define PACKAGE_NAME "lame"
| #define PACKAGE_TARNAME "lame"
| #define PACKAGE_VERSION "3.98.4"
| #define PACKAGE_STRING "lame 3.98.4"
| #define PACKAGE_BUGREPORT "lame-dev@lists.sf.net"
| #define PACKAGE "lame"
| #define VERSION "3.98.4"
| #define STDC_HEADERS 1
| #define HAVE_SYS_TYPES_H 1
| #define HAVE_SYS_STAT_H 1
| #define HAVE_STDLIB_H 1
| #define HAVE_STRING_H 1
| #define HAVE_MEMORY_H 1
| #define HAVE_STRINGS_H 1
| #define HAVE_INTTYPES_H 1
| #define HAVE_STDINT_H 1
| #define HAVE_UNISTD_H 1
| #define HAVE_DLFCN_H 1
| #define PROTOTYPES 1
| #define __PROTOTYPES 1
| #define HAVE_STRING_H 1
| /* end confdefs.h.  */
| #include <stdio.h>
| #ifdef HAVE_SYS_TYPES_H
| # include <sys/types.h>
| #endif
| #ifdef HAVE_SYS_STAT_H
| # include <sys/stat.h>
| #endif
| #ifdef STDC_HEADERS
| # include <stdlib.h>
| # include <stddef.h>
| #else
| # ifdef HAVE_STDLIB_H
| #  include <stdlib.h>
| # endif
| #endif
| #ifdef HAVE_STRING_H
| # if !defined STDC_HEADERS && defined HAVE_MEMORY_H
| #  include <memory.h>
| # endif
| # include <string.h>
| #endif
| #ifdef HAVE_STRINGS_H
| # include <strings.h>
| #endif
| #ifdef HAVE_INTTYPES_H
| # include <inttypes.h>
| #endif
| #ifdef HAVE_STDINT_H
| # include <stdint.h>
| #endif
| #ifdef HAVE_UNISTD_H
| # include <unistd.h>
| #endif
| #include <dmalloc.h>
configure:20739: result: no
configure:20743: checking dmalloc.h presence
configure:20758: gcc -E  conftest.c
conftest.c:24:21: error: dmalloc.h: No such file or directory
configure:20764: $? = 1
configure: failed program was:
| /* confdefs.h.  */
| #define PACKAGE_NAME "lame"
| #define PACKAGE_TARNAME "lame"
| #define PACKAGE_VERSION "3.98.4"
| #define PACKAGE_STRING "lame 3.98.4"
| #define PACKAGE_BUGREPORT "lame-dev@lists.sf.net"
| #define PACKAGE "lame"
| #define VERSION "3.98.4"
| #define STDC_HEADERS 1
| #define HAVE_SYS_TYPES_H 1
| #define HAVE_SYS_STAT_H 1
| #define HAVE_STDLIB_H 1
| #define HAVE_STRING_H 1
| #define HAVE_MEMORY_H 1
| #define HAVE_STRINGS_H 1
| #define HAVE_INTTYPES_H 1
| #define HAVE_STDINT_H 1
| #define HAVE_UNISTD_H 1
| #define HAVE_DLFCN_H 1
| #define PROTOTYPES 1
| #define __PROTOTYPES 1
| #define HAVE_STRING_H 1
| /* end confdefs.h.  */
| #include <dmalloc.h>
configure:20778: result: no
configure:20811: checking for dmalloc.h
configure:20818: result: no
configure:20852: checking for ANSI C header files
configure:21016: result: yes
configure:21060: checking errno.h usability
configure:21077: gcc -c   conftest.c >&5
configure:21083: $? = 0
configure:21097: result: yes
configure:21101: checking errno.h presence
configure:21116: gcc -E  conftest.c
configure:21122: $? = 0
configure:21136: result: yes
configure:21169: checking for errno.h
configure:21177: result: yes
configure:21060: checking fcntl.h usability
configure:21077: gcc -c   conftest.c >&5
configure:21083: $? = 0
configure:21097: result: yes
configure:21101: checking fcntl.h presence
configure:21116: gcc -E  conftest.c
configure:21122: $? = 0
configure:21136: result: yes
configure:21169: checking for fcntl.h
configure:21177: result: yes
configure:21060: checking limits.h usability
configure:21077: gcc -c   conftest.c >&5
configure:21083: $? = 0
configure:21097: result: yes
configure:21101: checking limits.h presence
configure:21116: gcc -E  conftest.c
configure:21122: $? = 0
configure:21136: result: yes
configure:21169: checking for limits.h
configure:21177: result: yes
configure:21050: checking for stdint.h
configure:21056: result: yes
configure:21050: checking for string.h
configure:21056: result: yes
configure:21060: checking sys/soundcard.h usability
configure:21077: gcc -c   conftest.c >&5
conftest.c:63:27: error: sys/soundcard.h: No such file or directory
configure:21083: $? = 1
configure: failed program was:
| /* confdefs.h.  */
| #define PACKAGE_NAME "lame"
| #define PACKAGE_TARNAME "lame"
| #define PACKAGE_VERSION "3.98.4"
| #define PACKAGE_STRING "lame 3.98.4"
| #define PACKAGE_BUGREPORT "lame-dev@lists.sf.net"
| #define PACKAGE "lame"
| #define VERSION "3.98.4"
| #define STDC_HEADERS 1
| #define HAVE_SYS_TYPES_H 1
| #define HAVE_SYS_STAT_H 1
| #define HAVE_STDLIB_H 1
| #define HAVE_STRING_H 1
| #define HAVE_MEMORY_H 1
| #define HAVE_STRINGS_H 1
| #define HAVE_INTTYPES_H 1
| #define HAVE_STDINT_H 1
| #define HAVE_UNISTD_H 1
| #define HAVE_DLFCN_H 1
| #define PROTOTYPES 1
| #define __PROTOTYPES 1
| #define HAVE_STRING_H 1
| #define STDC_HEADERS 1
| #define HAVE_ERRNO_H 1
| #define HAVE_FCNTL_H 1
| #define HAVE_LIMITS_H 1
| #define HAVE_STDINT_H 1
| #define HAVE_STRING_H 1
| /* end confdefs.h.  */
| #include <stdio.h>
| #ifdef HAVE_SYS_TYPES_H
| # include <sys/types.h>
| #endif
| #ifdef HAVE_SYS_STAT_H
| # include <sys/stat.h>
| #endif
| #ifdef STDC_HEADERS
| # include <stdlib.h>
| # include <stddef.h>
| #else
| # ifdef HAVE_STDLIB_H
| #  include <stdlib.h>
| # endif
| #endif
| #ifdef HAVE_STRING_H
| # if !defined STDC_HEADERS && defined HAVE_MEMORY_H
| #  include <memory.h>
| # endif
| # include <string.h>
| #endif
| #ifdef HAVE_STRINGS_H
| # include <strings.h>
| #endif
| #ifdef HAVE_INTTYPES_H
| # include <inttypes.h>
| #endif
| #ifdef HAVE_STDINT_H
| # include <stdint.h>
| #endif
| #ifdef HAVE_UNISTD_H
| # include <unistd.h>
| #endif
| #include <sys/soundcard.h>
configure:21097: result: no
configure:21101: checking sys/soundcard.h presence
configure:21116: gcc -E  conftest.c
conftest.c:30:27: error: sys/soundcard.h: No such file or directory
configure:21122: $? = 1
configure: failed program was:
| /* confdefs.h.  */
| #define PACKAGE_NAME "lame"
| #define PACKAGE_TARNAME "lame"
| #define PACKAGE_VERSION "3.98.4"
| #define PACKAGE_STRING "lame 3.98.4"
| #define PACKAGE_BUGREPORT "lame-dev@lists.sf.net"
| #define PACKAGE "lame"
| #define VERSION "3.98.4"
| #define STDC_HEADERS 1
| #define HAVE_SYS_TYPES_H 1
| #define HAVE_SYS_STAT_H 1
| #define HAVE_STDLIB_H 1
| #define HAVE_STRING_H 1
| #define HAVE_MEMORY_H 1
| #define HAVE_STRINGS_H 1
| #define HAVE_INTTYPES_H 1
| #define HAVE_STDINT_H 1
| #define HAVE_UNISTD_H 1
| #define HAVE_DLFCN_H 1
| #define PROTOTYPES 1
| #define __PROTOTYPES 1
| #define HAVE_STRING_H 1
| #define STDC_HEADERS 1
| #define HAVE_ERRNO_H 1
| #define HAVE_FCNTL_H 1
| #define HAVE_LIMITS_H 1
| #define HAVE_STDINT_H 1
| #define HAVE_STRING_H 1
| /* end confdefs.h.  */
| #include <sys/soundcard.h>
configure:21136: result: no
configure:21169: checking for sys/soundcard.h
configure:21177: result: no
configure:21060: checking sys/time.h usability
configure:21077: gcc -c   conftest.c >&5
configure:21083: $? = 0
configure:21097: result: yes
configure:21101: checking sys/time.h presence
configure:21116: gcc -E  conftest.c
configure:21122: $? = 0
configure:21136: result: yes
configure:21169: checking for sys/time.h
configure:21177: result: yes
configure:21050: checking for unistd.h
configure:21056: result: yes
configure:21060: checking xmmintrin.h usability
configure:21077: gcc -c   conftest.c >&5
configure:21083: $? = 0
configure:21097: result: yes
configure:21101: checking xmmintrin.h presence
configure:21116: gcc -E  conftest.c
configure:21122: $? = 0
configure:21136: result: yes
configure:21169: checking for xmmintrin.h
configure:21177: result: yes
configure:21060: checking linux/soundcard.h usability
configure:21077: gcc -c   conftest.c >&5
conftest.c:66:29: error: linux/soundcard.h: No such file or directory
configure:21083: $? = 1
configure: failed program was:
| /* confdefs.h.  */
| #define PACKAGE_NAME "lame"
| #define PACKAGE_TARNAME "lame"
| #define PACKAGE_VERSION "3.98.4"
| #define PACKAGE_STRING "lame 3.98.4"
| #define PACKAGE_BUGREPORT "lame-dev@lists.sf.net"
| #define PACKAGE "lame"
| #define VERSION "3.98.4"
| #define STDC_HEADERS 1
| #define HAVE_SYS_TYPES_H 1
| #define HAVE_SYS_STAT_H 1
| #define HAVE_STDLIB_H 1
| #define HAVE_STRING_H 1
| #define HAVE_MEMORY_H 1
| #define HAVE_STRINGS_H 1
| #define HAVE_INTTYPES_H 1
| #define HAVE_STDINT_H 1
| #define HAVE_UNISTD_H 1
| #define HAVE_DLFCN_H 1
| #define PROTOTYPES 1
| #define __PROTOTYPES 1
| #define HAVE_STRING_H 1
| #define STDC_HEADERS 1
| #define HAVE_ERRNO_H 1
| #define HAVE_FCNTL_H 1
| #define HAVE_LIMITS_H 1
| #define HAVE_STDINT_H 1
| #define HAVE_STRING_H 1
| #define HAVE_SYS_TIME_H 1
| #define HAVE_UNISTD_H 1
| #define HAVE_XMMINTRIN_H 1
| /* end confdefs.h.  */
| #include <stdio.h>
| #ifdef HAVE_SYS_TYPES_H
| # include <sys/types.h>
| #endif
| #ifdef HAVE_SYS_STAT_H
| # include <sys/stat.h>
| #endif
| #ifdef STDC_HEADERS
| # include <stdlib.h>
| # include <stddef.h>
| #else
| # ifdef HAVE_STDLIB_H
| #  include <stdlib.h>
| # endif
| #endif
| #ifdef HAVE_STRING_H
| # if !defined STDC_HEADERS && defined HAVE_MEMORY_H
| #  include <memory.h>
| # endif
| # include <string.h>
| #endif
| #ifdef HAVE_STRINGS_H
| # include <strings.h>
| #endif
| #ifdef HAVE_INTTYPES_H
| # include <inttypes.h>
| #endif
| #ifdef HAVE_STDINT_H
| # include <stdint.h>
| #endif
| #ifdef HAVE_UNISTD_H
| # include <unistd.h>
| #endif
| #include <linux/soundcard.h>
configure:21097: result: no
configure:21101: checking linux/soundcard.h presence
configure:21116: gcc -E  conftest.c
conftest.c:33:29: error: linux/soundcard.h: No such file or directory
configure:21122: $? = 1
configure: failed program was:
| /* confdefs.h.  */
| #define PACKAGE_NAME "lame"
| #define PACKAGE_TARNAME "lame"
| #define PACKAGE_VERSION "3.98.4"
| #define PACKAGE_STRING "lame 3.98.4"
| #define PACKAGE_BUGREPORT "lame-dev@lists.sf.net"
| #define PACKAGE "lame"
| #define VERSION "3.98.4"
| #define STDC_HEADERS 1
| #define HAVE_SYS_TYPES_H 1
| #define HAVE_SYS_STAT_H 1
| #define HAVE_STDLIB_H 1
| #define HAVE_STRING_H 1
| #define HAVE_MEMORY_H 1
| #define HAVE_STRINGS_H 1
| #define HAVE_INTTYPES_H 1
| #define HAVE_STDINT_H 1
| #define HAVE_UNISTD_H 1
| #define HAVE_DLFCN_H 1
| #define PROTOTYPES 1
| #define __PROTOTYPES 1
| #define HAVE_STRING_H 1
| #define STDC_HEADERS 1
| #define HAVE_ERRNO_H 1
| #define HAVE_FCNTL_H 1
| #define HAVE_LIMITS_H 1
| #define HAVE_STDINT_H 1
| #define HAVE_STRING_H 1
| #define HAVE_SYS_TIME_H 1
| #define HAVE_UNISTD_H 1
| #define HAVE_XMMINTRIN_H 1
| /* end confdefs.h.  */
| #include <linux/soundcard.h>
configure:21136: result: no
configure:21169: checking for linux/soundcard.h
configure:21177: result: no
configure:21191: checking for an ANSI C-conforming const
configure:21266: gcc -c   conftest.c >&5
configure:21272: $? = 0
configure:21287: result: yes
configure:21297: checking for inline
configure:21323: gcc -c   conftest.c >&5
configure:21329: $? = 0
configure:21347: result: inline
configure:21367: checking whether byte ordering is bigendian
configure:21400: gcc -c   conftest.c >&5
configure:21406: $? = 0
configure:21438: gcc -c   conftest.c >&5
conftest.c: In function 'main':
conftest.c:40: error: 'not' undeclared (first use in this function)
conftest.c:40: error: (Each undeclared identifier is reported only once
conftest.c:40: error: for each function it appears in.)
conftest.c:40: error: expected ';' before 'big'
configure:21444: $? = 1
configure: failed program was:
| /* confdefs.h.  */
| #define PACKAGE_NAME "lame"
| #define PACKAGE_TARNAME "lame"
| #define PACKAGE_VERSION "3.98.4"
| #define PACKAGE_STRING "lame 3.98.4"
| #define PACKAGE_BUGREPORT "lame-dev@lists.sf.net"
| #define PACKAGE "lame"
| #define VERSION "3.98.4"
| #define STDC_HEADERS 1
| #define HAVE_SYS_TYPES_H 1
| #define HAVE_SYS_STAT_H 1
| #define HAVE_STDLIB_H 1
| #define HAVE_STRING_H 1
| #define HAVE_MEMORY_H 1
| #define HAVE_STRINGS_H 1
| #define HAVE_INTTYPES_H 1
| #define HAVE_STDINT_H 1
| #define HAVE_UNISTD_H 1
| #define HAVE_DLFCN_H 1
| #define PROTOTYPES 1
| #define __PROTOTYPES 1
| #define HAVE_STRING_H 1
| #define STDC_HEADERS 1
| #define HAVE_ERRNO_H 1
| #define HAVE_FCNTL_H 1
| #define HAVE_LIMITS_H 1
| #define HAVE_STDINT_H 1
| #define HAVE_STRING_H 1
| #define HAVE_SYS_TIME_H 1
| #define HAVE_UNISTD_H 1
| #define HAVE_XMMINTRIN_H 1
| /* end confdefs.h.  */
| #include <sys/types.h>
| #include <sys/param.h>
| 
| int
| main ()
| {
| #if BYTE_ORDER != BIG_ENDIAN
|  not big endian
| #endif
| 
|   ;
|   return 0;
| }
configure:21584: result: no
configure:21612: checking for special C compiler options needed for large files
configure:21705: result: no
configure:21711: checking for _FILE_OFFSET_BITS value needed for large files
configure:21746: gcc -c   conftest.c >&5
configure:21752: $? = 0
configure:21820: result: no
configure:21956: checking for short
configure:21986: gcc -c   conftest.c >&5
configure:21992: $? = 0
configure:22007: result: yes
configure:22014: checking size of short
configure:22316: gcc -o conftest    conftest.c  >&5
configure:22319: $? = 0
configure:22325: ./conftest
configure:22328: $? = 0
configure:22351: result: 2
configure:22361: checking for unsigned short
configure:22391: gcc -c   conftest.c >&5
configure:22397: $? = 0
configure:22412: result: yes
configure:22419: checking size of unsigned short
configure:22721: gcc -o conftest    conftest.c  >&5
configure:22724: $? = 0
configure:22730: ./conftest
configure:22733: $? = 0
configure:22756: result: 2
configure:22766: checking for int
configure:22796: gcc -c   conftest.c >&5
configure:22802: $? = 0
configure:22817: result: yes
configure:22824: checking size of int
configure:23126: gcc -o conftest    conftest.c  >&5
configure:23129: $? = 0
configure:23135: ./conftest
configure:23138: $? = 0
configure:23161: result: 4
configure:23171: checking for unsigned int
configure:23201: gcc -c   conftest.c >&5
configure:23207: $? = 0
configure:23222: result: yes
configure:23229: checking size of unsigned int
configure:23531: gcc -o conftest    conftest.c  >&5
configure:23534: $? = 0
configure:23540: ./conftest
configure:23543: $? = 0
configure:23566: result: 4
configure:23576: checking for long
configure:23606: gcc -c   conftest.c >&5
configure:23612: $? = 0
configure:23627: result: yes
configure:23634: checking size of long
configure:23936: gcc -o conftest    conftest.c  >&5
configure:23939: $? = 0
configure:23945: ./conftest
configure:23948: $? = 0
configure:23971: result: 8
configure:23981: checking for unsigned long
configure:24011: gcc -c   conftest.c >&5
configure:24017: $? = 0
configure:24032: result: yes
configure:24039: checking size of unsigned long
configure:24341: gcc -o conftest    conftest.c  >&5
configure:24344: $? = 0
configure:24350: ./conftest
configure:24353: $? = 0
configure:24376: result: 8
configure:24386: checking for long long
configure:24416: gcc -c   conftest.c >&5
configure:24422: $? = 0
configure:24437: result: yes
configure:24444: checking size of long long
configure:24746: gcc -o conftest    conftest.c  >&5
configure:24749: $? = 0
configure:24755: ./conftest
configure:24758: $? = 0
configure:24781: result: 8
configure:24791: checking for unsigned long long
configure:24821: gcc -c   conftest.c >&5
configure:24827: $? = 0
configure:24842: result: yes
configure:24849: checking size of unsigned long long
configure:25151: gcc -o conftest    conftest.c  >&5
configure:25154: $? = 0
configure:25160: ./conftest
configure:25163: $? = 0
configure:25186: result: 8
configure:25196: checking for float
configure:25226: gcc -c   conftest.c >&5
configure:25232: $? = 0
configure:25247: result: yes
configure:25254: checking size of float
configure:25556: gcc -o conftest    conftest.c  >&5
configure:25559: $? = 0
configure:25565: ./conftest
configure:25568: $? = 0
configure:25591: result: 4
configure:25601: checking for double
configure:25631: gcc -c   conftest.c >&5
configure:25637: $? = 0
configure:25652: result: yes
configure:25659: checking size of double
configure:25961: gcc -o conftest    conftest.c  >&5
configure:25964: $? = 0
configure:25970: ./conftest
configure:25973: $? = 0
configure:25996: result: 8
configure:26026: checking for long double with more range or precision than double
configure:26071: gcc -c   conftest.c >&5
configure:26077: $? = 0
configure:26092: result: yes
configure:26519: checking for uint8_t
configure:26549: gcc -c   conftest.c >&5
configure:26555: $? = 0
configure:26570: result: yes
configure:26580: checking for int8_t
configure:26610: gcc -c   conftest.c >&5
configure:26616: $? = 0
configure:26631: result: yes
configure:26641: checking for uint16_t
configure:26671: gcc -c   conftest.c >&5
configure:26677: $? = 0
configure:26692: result: yes
configure:26702: checking for int16_t
configure:26732: gcc -c   conftest.c >&5
configure:26738: $? = 0
configure:26753: result: yes
configure:26763: checking for uint32_t
configure:26793: gcc -c   conftest.c >&5
configure:26799: $? = 0
configure:26814: result: yes
configure:26824: checking for int32_t
configure:26854: gcc -c   conftest.c >&5
configure:26860: $? = 0
configure:26875: result: yes
configure:26885: checking for uint64_t
configure:26915: gcc -c   conftest.c >&5
configure:26921: $? = 0
configure:26936: result: yes
configure:26946: checking for int64_t
configure:26976: gcc -c   conftest.c >&5
configure:26982: $? = 0
configure:26997: result: yes
configure:27147: checking for IEEE854 compliant 80 bit floats
configure:27195: gcc -o conftest    conftest.c  >&5
configure:27198: $? = 0
configure:27204: ./conftest
configure:27207: $? = 0
configure:27223: result: yes
configure:27227: checking for ieee854_float80_t
configure:27257: gcc -c   conftest.c >&5
conftest.c:90: error: expected '=', ',', ';', 'asm' or '__attribute__' before 'ac__type_new_'
conftest.c: In function 'main':
conftest.c:94: error: 'ac__type_new_' undeclared (first use in this function)
conftest.c:94: error: (Each undeclared identifier is reported only once
conftest.c:94: error: for each function it appears in.)
conftest.c:94: error: expected expression before ')' token
configure:27263: $? = 1
configure: failed program was:
| /* confdefs.h.  */
| #define PACKAGE_NAME "lame"
| #define PACKAGE_TARNAME "lame"
| #define PACKAGE_VERSION "3.98.4"
| #define PACKAGE_STRING "lame 3.98.4"
| #define PACKAGE_BUGREPORT "lame-dev@lists.sf.net"
| #define PACKAGE "lame"
| #define VERSION "3.98.4"
| #define STDC_HEADERS 1
| #define HAVE_SYS_TYPES_H 1
| #define HAVE_SYS_STAT_H 1
| #define HAVE_STDLIB_H 1
| #define HAVE_STRING_H 1
| #define HAVE_MEMORY_H 1
| #define HAVE_STRINGS_H 1
| #define HAVE_INTTYPES_H 1
| #define HAVE_STDINT_H 1
| #define HAVE_UNISTD_H 1
| #define HAVE_DLFCN_H 1
| #define PROTOTYPES 1
| #define __PROTOTYPES 1
| #define HAVE_STRING_H 1
| #define STDC_HEADERS 1
| #define HAVE_ERRNO_H 1
| #define HAVE_FCNTL_H 1
| #define HAVE_LIMITS_H 1
| #define HAVE_STDINT_H 1
| #define HAVE_STRING_H 1
| #define HAVE_SYS_TIME_H 1
| #define HAVE_UNISTD_H 1
| #define HAVE_XMMINTRIN_H 1
| #define SIZEOF_SHORT 2
| #define SIZEOF_UNSIGNED_SHORT 2
| #define SIZEOF_INT 4
| #define SIZEOF_UNSIGNED_INT 4
| #define SIZEOF_LONG 8
| #define SIZEOF_UNSIGNED_LONG 8
| #define SIZEOF_LONG_LONG 8
| #define SIZEOF_UNSIGNED_LONG_LONG 8
| #define SIZEOF_FLOAT 4
| #define SIZEOF_DOUBLE 8
| #define HAVE_LONG_DOUBLE_WIDER 1
| #define HAVE_LONG_DOUBLE 1
| #define HAVE_UINT8_T 1
| #define HAVE_INT8_T 1
| #define HAVE_UINT16_T 1
| #define HAVE_INT16_T 1
| #define HAVE_UINT32_T 1
| #define HAVE_INT32_T 1
| #define HAVE_UINT64_T 1
| #define HAVE_INT64_T 1
| #define A_UINT32_T unsigned int
| #define A_INT32_T int
| #define A_UINT64_T unsigned long
| #define A_INT64_T long
| /* end confdefs.h.  */
| #include <stdio.h>
| #ifdef HAVE_SYS_TYPES_H
| # include <sys/types.h>
| #endif
| #ifdef HAVE_SYS_STAT_H
| # include <sys/stat.h>
| #endif
| #ifdef STDC_HEADERS
| # include <stdlib.h>
| # include <stddef.h>
| #else
| # ifdef HAVE_STDLIB_H
| #  include <stdlib.h>
| # endif
| #endif
| #ifdef HAVE_STRING_H
| # if !defined STDC_HEADERS && defined HAVE_MEMORY_H
| #  include <memory.h>
| # endif
| # include <string.h>
| #endif
| #ifdef HAVE_STRINGS_H
| # include <strings.h>
| #endif
| #ifdef HAVE_INTTYPES_H
| # include <inttypes.h>
| #endif
| #ifdef HAVE_STDINT_H
| # include <stdint.h>
| #endif
| #ifdef HAVE_UNISTD_H
| # include <unistd.h>
| #endif
| typedef ieee854_float80_t ac__type_new_;
| int
| main ()
| {
| if ((ac__type_new_ *) 0)
|   return 0;
| if (sizeof (ac__type_new_))
|   return 0;
|   ;
|   return 0;
| }
configure:27278: result: no
configure:27299: checking for ieee754_float64_t
configure:27329: gcc -c   conftest.c >&5
conftest.c:91: error: expected '=', ',', ';', 'asm' or '__attribute__' before 'ac__type_new_'
conftest.c: In function 'main':
conftest.c:95: error: 'ac__type_new_' undeclared (first use in this function)
conftest.c:95: error: (Each undeclared identifier is reported only once
conftest.c:95: error: for each function it appears in.)
conftest.c:95: error: expected expression before ')' token
configure:27335: $? = 1
configure: failed program was:
| /* confdefs.h.  */
| #define PACKAGE_NAME "lame"
| #define PACKAGE_TARNAME "lame"
| #define PACKAGE_VERSION "3.98.4"
| #define PACKAGE_STRING "lame 3.98.4"
| #define PACKAGE_BUGREPORT "lame-dev@lists.sf.net"
| #define PACKAGE "lame"
| #define VERSION "3.98.4"
| #define STDC_HEADERS 1
| #define HAVE_SYS_TYPES_H 1
| #define HAVE_SYS_STAT_H 1
| #define HAVE_STDLIB_H 1
| #define HAVE_STRING_H 1
| #define HAVE_MEMORY_H 1
| #define HAVE_STRINGS_H 1
| #define HAVE_INTTYPES_H 1
| #define HAVE_STDINT_H 1
| #define HAVE_UNISTD_H 1
| #define HAVE_DLFCN_H 1
| #define PROTOTYPES 1
| #define __PROTOTYPES 1
| #define HAVE_STRING_H 1
| #define STDC_HEADERS 1
| #define HAVE_ERRNO_H 1
| #define HAVE_FCNTL_H 1
| #define HAVE_LIMITS_H 1
| #define HAVE_STDINT_H 1
| #define HAVE_STRING_H 1
| #define HAVE_SYS_TIME_H 1
| #define HAVE_UNISTD_H 1
| #define HAVE_XMMINTRIN_H 1
| #define SIZEOF_SHORT 2
| #define SIZEOF_UNSIGNED_SHORT 2
| #define SIZEOF_INT 4
| #define SIZEOF_UNSIGNED_INT 4
| #define SIZEOF_LONG 8
| #define SIZEOF_UNSIGNED_LONG 8
| #define SIZEOF_LONG_LONG 8
| #define SIZEOF_UNSIGNED_LONG_LONG 8
| #define SIZEOF_FLOAT 4
| #define SIZEOF_DOUBLE 8
| #define HAVE_LONG_DOUBLE_WIDER 1
| #define HAVE_LONG_DOUBLE 1
| #define HAVE_UINT8_T 1
| #define HAVE_INT8_T 1
| #define HAVE_UINT16_T 1
| #define HAVE_INT16_T 1
| #define HAVE_UINT32_T 1
| #define HAVE_INT32_T 1
| #define HAVE_UINT64_T 1
| #define HAVE_INT64_T 1
| #define A_UINT32_T unsigned int
| #define A_INT32_T int
| #define A_UINT64_T unsigned long
| #define A_INT64_T long
| #define HAVE_IEEE854_FLOAT80 1
| /* end confdefs.h.  */
| #include <stdio.h>
| #ifdef HAVE_SYS_TYPES_H
| # include <sys/types.h>
| #endif
| #ifdef HAVE_SYS_STAT_H
| # include <sys/stat.h>
| #endif
| #ifdef STDC_HEADERS
| # include <stdlib.h>
| # include <stddef.h>
| #else
| # ifdef HAVE_STDLIB_H
| #  include <stdlib.h>
| # endif
| #endif
| #ifdef HAVE_STRING_H
| # if !defined STDC_HEADERS && defined HAVE_MEMORY_H
| #  include <memory.h>
| # endif
| # include <string.h>
| #endif
| #ifdef HAVE_STRINGS_H
| # include <strings.h>
| #endif
| #ifdef HAVE_INTTYPES_H
| # include <inttypes.h>
| #endif
| #ifdef HAVE_STDINT_H
| # include <stdint.h>
| #endif
| #ifdef HAVE_UNISTD_H
| # include <unistd.h>
| #endif
| typedef ieee754_float64_t ac__type_new_;
| int
| main ()
| {
| if ((ac__type_new_ *) 0)
|   return 0;
| if (sizeof (ac__type_new_))
|   return 0;
|   ;
|   return 0;
| }
configure:27350: result: no
configure:27360: checking for ieee754_float32_t
configure:27390: gcc -c   conftest.c >&5
conftest.c:91: error: expected '=', ',', ';', 'asm' or '__attribute__' before 'ac__type_new_'
conftest.c: In function 'main':
conftest.c:95: error: 'ac__type_new_' undeclared (first use in this function)
conftest.c:95: error: (Each undeclared identifier is reported only once
conftest.c:95: error: for each function it appears in.)
conftest.c:95: error: expected expression before ')' token
configure:27396: $? = 1
configure: failed program was:
| /* confdefs.h.  */
| #define PACKAGE_NAME "lame"
| #define PACKAGE_TARNAME "lame"
| #define PACKAGE_VERSION "3.98.4"
| #define PACKAGE_STRING "lame 3.98.4"
| #define PACKAGE_BUGREPORT "lame-dev@lists.sf.net"
| #define PACKAGE "lame"
| #define VERSION "3.98.4"
| #define STDC_HEADERS 1
| #define HAVE_SYS_TYPES_H 1
| #define HAVE_SYS_STAT_H 1
| #define HAVE_STDLIB_H 1
| #define HAVE_STRING_H 1
| #define HAVE_MEMORY_H 1
| #define HAVE_STRINGS_H 1
| #define HAVE_INTTYPES_H 1
| #define HAVE_STDINT_H 1
| #define HAVE_UNISTD_H 1
| #define HAVE_DLFCN_H 1
| #define PROTOTYPES 1
| #define __PROTOTYPES 1
| #define HAVE_STRING_H 1
| #define STDC_HEADERS 1
| #define HAVE_ERRNO_H 1
| #define HAVE_FCNTL_H 1
| #define HAVE_LIMITS_H 1
| #define HAVE_STDINT_H 1
| #define HAVE_STRING_H 1
| #define HAVE_SYS_TIME_H 1
| #define HAVE_UNISTD_H 1
| #define HAVE_XMMINTRIN_H 1
| #define SIZEOF_SHORT 2
| #define SIZEOF_UNSIGNED_SHORT 2
| #define SIZEOF_INT 4
| #define SIZEOF_UNSIGNED_INT 4
| #define SIZEOF_LONG 8
| #define SIZEOF_UNSIGNED_LONG 8
| #define SIZEOF_LONG_LONG 8
| #define SIZEOF_UNSIGNED_LONG_LONG 8
| #define SIZEOF_FLOAT 4
| #define SIZEOF_DOUBLE 8
| #define HAVE_LONG_DOUBLE_WIDER 1
| #define HAVE_LONG_DOUBLE 1
| #define HAVE_UINT8_T 1
| #define HAVE_INT8_T 1
| #define HAVE_UINT16_T 1
| #define HAVE_INT16_T 1
| #define HAVE_UINT32_T 1
| #define HAVE_INT32_T 1
| #define HAVE_UINT64_T 1
| #define HAVE_INT64_T 1
| #define A_UINT32_T unsigned int
| #define A_INT32_T int
| #define A_UINT64_T unsigned long
| #define A_INT64_T long
| #define HAVE_IEEE854_FLOAT80 1
| /* end confdefs.h.  */
| #include <stdio.h>
| #ifdef HAVE_SYS_TYPES_H
| # include <sys/types.h>
| #endif
| #ifdef HAVE_SYS_STAT_H
| # include <sys/stat.h>
| #endif
| #ifdef STDC_HEADERS
| # include <stdlib.h>
| # include <stddef.h>
| #else
| # ifdef HAVE_STDLIB_H
| #  include <stdlib.h>
| # endif
| #endif
| #ifdef HAVE_STRING_H
| # if !defined STDC_HEADERS && defined HAVE_MEMORY_H
| #  include <memory.h>
| # endif
| # include <string.h>
| #endif
| #ifdef HAVE_STRINGS_H
| # include <strings.h>
| #endif
| #ifdef HAVE_INTTYPES_H
| # include <inttypes.h>
| #endif
| #ifdef HAVE_STDINT_H
| # include <stdint.h>
| #endif
| #ifdef HAVE_UNISTD_H
| # include <unistd.h>
| #endif
| typedef ieee754_float32_t ac__type_new_;
| int
| main ()
| {
| if ((ac__type_new_ *) 0)
|   return 0;
| if (sizeof (ac__type_new_))
|   return 0;
|   ;
|   return 0;
| }
configure:27411: result: no
configure:27481: checking for size_t
configure:27511: gcc -c   conftest.c >&5
configure:27517: $? = 0
configure:27532: result: yes
configure:27544: checking whether time.h and sys/time.h may both be included
configure:27574: gcc -c   conftest.c >&5
configure:27580: $? = 0
configure:27595: result: yes
configure:27608: checking for working alloca.h
configure:27635: gcc -o conftest    conftest.c  >&5
configure:27641: $? = 0
configure:27658: result: yes
configure:27668: checking for alloca
configure:27715: gcc -o conftest    conftest.c  >&5
configure:27721: $? = 0
configure:27738: result: yes
configure:27970: checking for gettimeofday
configure:28026: gcc -o conftest    conftest.c  >&5
configure:28032: $? = 0
configure:28050: result: yes
configure:27970: checking for strtol
configure:28026: gcc -o conftest    conftest.c  >&5
configure:28032: $? = 0
configure:28050: result: yes
configure:28072: checking for socket
configure:28128: gcc -o conftest    conftest.c  >&5
configure:28134: $? = 0
configure:28152: result: yes
configure:28278: checking termcap.h usability
configure:28295: gcc -c   conftest.c >&5
configure:28301: $? = 0
configure:28315: result: yes
configure:28319: checking termcap.h presence
configure:28334: gcc -E  conftest.c
configure:28340: $? = 0
configure:28354: result: yes
configure:28387: checking for termcap.h
configure:28395: result: yes
configure:28423: checking ncurses/termcap.h usability
configure:28440: gcc -c   conftest.c >&5
conftest.c:99:29: error: ncurses/termcap.h: No such file or directory
configure:28446: $? = 1
configure: failed program was:
| /* confdefs.h.  */
| #define PACKAGE_NAME "lame"
| #define PACKAGE_TARNAME "lame"
| #define PACKAGE_VERSION "3.98.4"
| #define PACKAGE_STRING "lame 3.98.4"
| #define PACKAGE_BUGREPORT "lame-dev@lists.sf.net"
| #define PACKAGE "lame"
| #define VERSION "3.98.4"
| #define STDC_HEADERS 1
| #define HAVE_SYS_TYPES_H 1
| #define HAVE_SYS_STAT_H 1
| #define HAVE_STDLIB_H 1
| #define HAVE_STRING_H 1
| #define HAVE_MEMORY_H 1
| #define HAVE_STRINGS_H 1
| #define HAVE_INTTYPES_H 1
| #define HAVE_STDINT_H 1
| #define HAVE_UNISTD_H 1
| #define HAVE_DLFCN_H 1
| #define PROTOTYPES 1
| #define __PROTOTYPES 1
| #define HAVE_STRING_H 1
| #define STDC_HEADERS 1
| #define HAVE_ERRNO_H 1
| #define HAVE_FCNTL_H 1
| #define HAVE_LIMITS_H 1
| #define HAVE_STDINT_H 1
| #define HAVE_STRING_H 1
| #define HAVE_SYS_TIME_H 1
| #define HAVE_UNISTD_H 1
| #define HAVE_XMMINTRIN_H 1
| #define SIZEOF_SHORT 2
| #define SIZEOF_UNSIGNED_SHORT 2
| #define SIZEOF_INT 4
| #define SIZEOF_UNSIGNED_INT 4
| #define SIZEOF_LONG 8
| #define SIZEOF_UNSIGNED_LONG 8
| #define SIZEOF_LONG_LONG 8
| #define SIZEOF_UNSIGNED_LONG_LONG 8
| #define SIZEOF_FLOAT 4
| #define SIZEOF_DOUBLE 8
| #define HAVE_LONG_DOUBLE_WIDER 1
| #define HAVE_LONG_DOUBLE 1
| #define HAVE_UINT8_T 1
| #define HAVE_INT8_T 1
| #define HAVE_UINT16_T 1
| #define HAVE_INT16_T 1
| #define HAVE_UINT32_T 1
| #define HAVE_INT32_T 1
| #define HAVE_UINT64_T 1
| #define HAVE_INT64_T 1
| #define A_UINT32_T unsigned int
| #define A_INT32_T int
| #define A_UINT64_T unsigned long
| #define A_INT64_T long
| #define HAVE_IEEE854_FLOAT80 1
| #define LAME_LIBRARY_BUILD 1
| #define TIME_WITH_SYS_TIME 1
| #define HAVE_ALLOCA_H 1
| #define HAVE_ALLOCA 1
| #define HAVE_GETTIMEOFDAY 1
| #define HAVE_STRTOL 1
| #define HAVE_SOCKET 1
| #define HAVE_TERMCAP_H 1
| /* end confdefs.h.  */
| #include <stdio.h>
| #ifdef HAVE_SYS_TYPES_H
| # include <sys/types.h>
| #endif
| #ifdef HAVE_SYS_STAT_H
| # include <sys/stat.h>
| #endif
| #ifdef STDC_HEADERS
| # include <stdlib.h>
| # include <stddef.h>
| #else
| # ifdef HAVE_STDLIB_H
| #  include <stdlib.h>
| # endif
| #endif
| #ifdef HAVE_STRING_H
| # if !defined STDC_HEADERS && defined HAVE_MEMORY_H
| #  include <memory.h>
| # endif
| # include <string.h>
| #endif
| #ifdef HAVE_STRINGS_H
| # include <strings.h>
| #endif
| #ifdef HAVE_INTTYPES_H
| # include <inttypes.h>
| #endif
| #ifdef HAVE_STDINT_H
| # include <stdint.h>
| #endif
| #ifdef HAVE_UNISTD_H
| # include <unistd.h>
| #endif
| #include <ncurses/termcap.h>
configure:28460: result: no
configure:28464: checking ncurses/termcap.h presence
configure:28479: gcc -E  conftest.c
conftest.c:66:29: error: ncurses/termcap.h: No such file or directory
configure:28485: $? = 1
configure: failed program was:
| /* confdefs.h.  */
| #define PACKAGE_NAME "lame"
| #define PACKAGE_TARNAME "lame"
| #define PACKAGE_VERSION "3.98.4"
| #define PACKAGE_STRING "lame 3.98.4"
| #define PACKAGE_BUGREPORT "lame-dev@lists.sf.net"
| #define PACKAGE "lame"
| #define VERSION "3.98.4"
| #define STDC_HEADERS 1
| #define HAVE_SYS_TYPES_H 1
| #define HAVE_SYS_STAT_H 1
| #define HAVE_STDLIB_H 1
| #define HAVE_STRING_H 1
| #define HAVE_MEMORY_H 1
| #define HAVE_STRINGS_H 1
| #define HAVE_INTTYPES_H 1
| #define HAVE_STDINT_H 1
| #define HAVE_UNISTD_H 1
| #define HAVE_DLFCN_H 1
| #define PROTOTYPES 1
| #define __PROTOTYPES 1
| #define HAVE_STRING_H 1
| #define STDC_HEADERS 1
| #define HAVE_ERRNO_H 1
| #define HAVE_FCNTL_H 1
| #define HAVE_LIMITS_H 1
| #define HAVE_STDINT_H 1
| #define HAVE_STRING_H 1
| #define HAVE_SYS_TIME_H 1
| #define HAVE_UNISTD_H 1
| #define HAVE_XMMINTRIN_H 1
| #define SIZEOF_SHORT 2
| #define SIZEOF_UNSIGNED_SHORT 2
| #define SIZEOF_INT 4
| #define SIZEOF_UNSIGNED_INT 4
| #define SIZEOF_LONG 8
| #define SIZEOF_UNSIGNED_LONG 8
| #define SIZEOF_LONG_LONG 8
| #define SIZEOF_UNSIGNED_LONG_LONG 8
| #define SIZEOF_FLOAT 4
| #define SIZEOF_DOUBLE 8
| #define HAVE_LONG_DOUBLE_WIDER 1
| #define HAVE_LONG_DOUBLE 1
| #define HAVE_UINT8_T 1
| #define HAVE_INT8_T 1
| #define HAVE_UINT16_T 1
| #define HAVE_INT16_T 1
| #define HAVE_UINT32_T 1
| #define HAVE_INT32_T 1
| #define HAVE_UINT64_T 1
| #define HAVE_INT64_T 1
| #define A_UINT32_T unsigned int
| #define A_INT32_T int
| #define A_UINT64_T unsigned long
| #define A_INT64_T long
| #define HAVE_IEEE854_FLOAT80 1
| #define LAME_LIBRARY_BUILD 1
| #define TIME_WITH_SYS_TIME 1
| #define HAVE_ALLOCA_H 1
| #define HAVE_ALLOCA 1
| #define HAVE_GETTIMEOFDAY 1
| #define HAVE_STRTOL 1
| #define HAVE_SOCKET 1
| #define HAVE_TERMCAP_H 1
| /* end confdefs.h.  */
| #include <ncurses/termcap.h>
configure:28499: result: no
configure:28532: checking for ncurses/termcap.h
configure:28540: result: no
configure:28553: checking for initscr in -ltermcap
configure:28588: gcc -o conftest    conftest.c -ltermcap   >&5
configure:28594: $? = 0
configure:28612: result: yes
configure:28618: checking for initscr in -lcurses
configure:28653: gcc -o conftest    conftest.c -lcurses   >&5
configure:28659: $? = 0
configure:28677: result: yes
configure:28683: checking for initscr in -lncurses
configure:28718: gcc -o conftest    conftest.c -lncurses   >&5
configure:28724: $? = 0
configure:28742: result: yes
configure:28749: checking for cos in -lm
configure:28784: gcc -o conftest    conftest.c -lm   >&5
conftest.c:73: warning: conflicting types for built-in function 'cos'
configure:28790: $? = 0
configure:28808: result: yes
configure:28814: checking for cos in -lffm
configure:28849: gcc -o conftest    conftest.c -lffm   >&5
conftest.c:73: warning: conflicting types for built-in function 'cos'
ld: library not found for -lffm
collect2: ld returned 1 exit status
configure:28855: $? = 1
configure: failed program was:
| /* confdefs.h.  */
| #define PACKAGE_NAME "lame"
| #define PACKAGE_TARNAME "lame"
| #define PACKAGE_VERSION "3.98.4"
| #define PACKAGE_STRING "lame 3.98.4"
| #define PACKAGE_BUGREPORT "lame-dev@lists.sf.net"
| #define PACKAGE "lame"
| #define VERSION "3.98.4"
| #define STDC_HEADERS 1
| #define HAVE_SYS_TYPES_H 1
| #define HAVE_SYS_STAT_H 1
| #define HAVE_STDLIB_H 1
| #define HAVE_STRING_H 1
| #define HAVE_MEMORY_H 1
| #define HAVE_STRINGS_H 1
| #define HAVE_INTTYPES_H 1
| #define HAVE_STDINT_H 1
| #define HAVE_UNISTD_H 1
| #define HAVE_DLFCN_H 1
| #define PROTOTYPES 1
| #define __PROTOTYPES 1
| #define HAVE_STRING_H 1
| #define STDC_HEADERS 1
| #define HAVE_ERRNO_H 1
| #define HAVE_FCNTL_H 1
| #define HAVE_LIMITS_H 1
| #define HAVE_STDINT_H 1
| #define HAVE_STRING_H 1
| #define HAVE_SYS_TIME_H 1
| #define HAVE_UNISTD_H 1
| #define HAVE_XMMINTRIN_H 1
| #define SIZEOF_SHORT 2
| #define SIZEOF_UNSIGNED_SHORT 2
| #define SIZEOF_INT 4
| #define SIZEOF_UNSIGNED_INT 4
| #define SIZEOF_LONG 8
| #define SIZEOF_UNSIGNED_LONG 8
| #define SIZEOF_LONG_LONG 8
| #define SIZEOF_UNSIGNED_LONG_LONG 8
| #define SIZEOF_FLOAT 4
| #define SIZEOF_DOUBLE 8
| #define HAVE_LONG_DOUBLE_WIDER 1
| #define HAVE_LONG_DOUBLE 1
| #define HAVE_UINT8_T 1
| #define HAVE_INT8_T 1
| #define HAVE_UINT16_T 1
| #define HAVE_INT16_T 1
| #define HAVE_UINT32_T 1
| #define HAVE_INT32_T 1
| #define HAVE_UINT64_T 1
| #define HAVE_INT64_T 1
| #define A_UINT32_T unsigned int
| #define A_INT32_T int
| #define A_UINT64_T unsigned long
| #define A_INT64_T long
| #define HAVE_IEEE854_FLOAT80 1
| #define LAME_LIBRARY_BUILD 1
| #define TIME_WITH_SYS_TIME 1
| #define HAVE_ALLOCA_H 1
| #define HAVE_ALLOCA 1
| #define HAVE_GETTIMEOFDAY 1
| #define HAVE_STRTOL 1
| #define HAVE_SOCKET 1
| #define HAVE_TERMCAP_H 1
| /* end confdefs.h.  */
| 
| /* Override any GCC internal prototype to avoid an error.
|    Use char because int might match the return type of a GCC
|    builtin and then its argument prototype would still apply.  */
| #ifdef __cplusplus
| extern "C"
| #endif
| char cos ();
| int
| main ()
| {
| return cos ();
|   ;
|   return 0;
| }
configure:28873: result: no
configure:28887: checking for cos in -lcpml
configure:28922: gcc -o conftest    conftest.c -lcpml   >&5
conftest.c:73: warning: conflicting types for built-in function 'cos'
ld: library not found for -lcpml
collect2: ld returned 1 exit status
configure:28928: $? = 1
configure: failed program was:
| /* confdefs.h.  */
| #define PACKAGE_NAME "lame"
| #define PACKAGE_TARNAME "lame"
| #define PACKAGE_VERSION "3.98.4"
| #define PACKAGE_STRING "lame 3.98.4"
| #define PACKAGE_BUGREPORT "lame-dev@lists.sf.net"
| #define PACKAGE "lame"
| #define VERSION "3.98.4"
| #define STDC_HEADERS 1
| #define HAVE_SYS_TYPES_H 1
| #define HAVE_SYS_STAT_H 1
| #define HAVE_STDLIB_H 1
| #define HAVE_STRING_H 1
| #define HAVE_MEMORY_H 1
| #define HAVE_STRINGS_H 1
| #define HAVE_INTTYPES_H 1
| #define HAVE_STDINT_H 1
| #define HAVE_UNISTD_H 1
| #define HAVE_DLFCN_H 1
| #define PROTOTYPES 1
| #define __PROTOTYPES 1
| #define HAVE_STRING_H 1
| #define STDC_HEADERS 1
| #define HAVE_ERRNO_H 1
| #define HAVE_FCNTL_H 1
| #define HAVE_LIMITS_H 1
| #define HAVE_STDINT_H 1
| #define HAVE_STRING_H 1
| #define HAVE_SYS_TIME_H 1
| #define HAVE_UNISTD_H 1
| #define HAVE_XMMINTRIN_H 1
| #define SIZEOF_SHORT 2
| #define SIZEOF_UNSIGNED_SHORT 2
| #define SIZEOF_INT 4
| #define SIZEOF_UNSIGNED_INT 4
| #define SIZEOF_LONG 8
| #define SIZEOF_UNSIGNED_LONG 8
| #define SIZEOF_LONG_LONG 8
| #define SIZEOF_UNSIGNED_LONG_LONG 8
| #define SIZEOF_FLOAT 4
| #define SIZEOF_DOUBLE 8
| #define HAVE_LONG_DOUBLE_WIDER 1
| #define HAVE_LONG_DOUBLE 1
| #define HAVE_UINT8_T 1
| #define HAVE_INT8_T 1
| #define HAVE_UINT16_T 1
| #define HAVE_INT16_T 1
| #define HAVE_UINT32_T 1
| #define HAVE_INT32_T 1
| #define HAVE_UINT64_T 1
| #define HAVE_INT64_T 1
| #define A_UINT32_T unsigned int
| #define A_INT32_T int
| #define A_UINT64_T unsigned long
| #define A_INT64_T long
| #define HAVE_IEEE854_FLOAT80 1
| #define LAME_LIBRARY_BUILD 1
| #define TIME_WITH_SYS_TIME 1
| #define HAVE_ALLOCA_H 1
| #define HAVE_ALLOCA 1
| #define HAVE_GETTIMEOFDAY 1
| #define HAVE_STRTOL 1
| #define HAVE_SOCKET 1
| #define HAVE_TERMCAP_H 1
| /* end confdefs.h.  */
| 
| /* Override any GCC internal prototype to avoid an error.
|    Use char because int might match the return type of a GCC
|    builtin and then its argument prototype would still apply.  */
| #ifdef __cplusplus
| extern "C"
| #endif
| char cos ();
| int
| main ()
| {
| return cos ();
|   ;
|   return 0;
| }
configure:28946: result: no
configure:29004: checking for gtk-config
configure:29035: result: no
configure:29044: checking for GTK - version >= 1.2.0
configure:29191: result: no
configure:29280: checking use of ElectricFence malloc debugging
configure:29372: result: no
configure:29587: checking use of file io
configure:29618: result: lame
configure:29626: checking use of analyzer hooks
configure:29652: result: yes
configure:29656: checking use of mpg123 decoder
configure:29720: result: yes (Layer 2, 3)
configure:29724: checking if the lame frontend should be build
configure:29735: result: yes
configure:29745: checking if mp3x is requested
configure:29760: result: no
configure:29777: checking if mp3rtp is requested
configure:29797: result: no
configure:29902: checking use of VBR bitrate histogram
configure:29935: result: yes, with ncurses
configure:30028: checking if I have to build the internal vector lib
configure:30030: result: yes
configure:30033: checking for FLOAT8 as float
configure:30058: result: no
configure:30065: checking for nasm
configure:30083: found /usr/bin/nasm
configure:30096: result: /usr/bin/nasm
configure:30108: checking for assembler routines for this processor type
configure:30139: result: no
configure:30172: checking for additional optimizations
configure:30358: result: no
configure:30370: checking for debug options
configure:30433: result: no
configure:30803: creating ./config.status

## ---------------------- ##
## Running config.status. ##
## ---------------------- ##

This file was extended by lame config.status 3.98.4, which was
generated by GNU Autoconf 2.61.  Invocation command line was

  CONFIG_FILES    = 
  CONFIG_HEADERS  = 
  CONFIG_LINKS    = 
  CONFIG_COMMANDS = 
  $ ./config.status 

on ppad-mmini.local

config.status:726: creating Makefile
config.status:726: creating libmp3lame/Makefile
config.status:726: creating libmp3lame/i386/Makefile
config.status:726: creating libmp3lame/vector/Makefile
config.status:726: creating frontend/Makefile
config.status:726: creating mpglib/Makefile
config.status:726: creating doc/Makefile
config.status:726: creating doc/html/Makefile
config.status:726: creating doc/man/Makefile
config.status:726: creating include/Makefile
config.status:726: creating Dll/Makefile
config.status:726: creating misc/Makefile
config.status:726: creating debian/Makefile
config.status:726: creating dshow/Makefile
config.status:726: creating ACM/Makefile
config.status:726: creating ACM/ADbg/Makefile
config.status:726: creating ACM/ddk/Makefile
config.status:726: creating ACM/tinyxml/Makefile
config.status:726: creating lame.spec
config.status:726: creating mac/Makefile
config.status:726: creating macosx/Makefile
config.status:726: creating macosx/English.lproj/Makefile
config.status:726: creating macosx/LAME.xcodeproj/Makefile
config.status:726: creating vc_solution/Makefile
config.status:726: creating config.h
config.status:1060: executing depfiles commands

## ---------------- ##
## Cache variables. ##
## ---------------- ##

ac_cv_build=i686-apple-darwin10.3.3
ac_cv_c_bigendian=no
ac_cv_c_compiler_gnu=yes
ac_cv_c_const=yes
ac_cv_c_inline=inline
ac_cv_c_long_double=yes
ac_cv_cxx_compiler_gnu=yes
ac_cv_env_CCC_set=
ac_cv_env_CCC_value=
ac_cv_env_CC_set=
ac_cv_env_CC_value=
ac_cv_env_CFLAGS_set=
ac_cv_env_CFLAGS_value=
ac_cv_env_CPPFLAGS_set=
ac_cv_env_CPPFLAGS_value=
ac_cv_env_CPP_set=
ac_cv_env_CPP_value=
ac_cv_env_CXXCPP_set=
ac_cv_env_CXXCPP_value=
ac_cv_env_CXXFLAGS_set=
ac_cv_env_CXXFLAGS_value=
ac_cv_env_CXX_set=
ac_cv_env_CXX_value=
ac_cv_env_F77_set=
ac_cv_env_F77_value=
ac_cv_env_FFLAGS_set=
ac_cv_env_FFLAGS_value=
ac_cv_env_LDFLAGS_set=
ac_cv_env_LDFLAGS_value=
ac_cv_env_LIBS_set=
ac_cv_env_LIBS_value=
ac_cv_env_PKG_CONFIG_set=
ac_cv_env_PKG_CONFIG_value=
ac_cv_env_SNDFILE_CFLAGS_set=
ac_cv_env_SNDFILE_CFLAGS_value=
ac_cv_env_SNDFILE_LIBS_set=
ac_cv_env_SNDFILE_LIBS_value=
ac_cv_env_build_alias_set=
ac_cv_env_build_alias_value=
ac_cv_env_host_alias_set=
ac_cv_env_host_alias_value=
ac_cv_env_target_alias_set=
ac_cv_env_target_alias_value=
ac_cv_f77_compiler_gnu=no
ac_cv_func_alloca_works=yes
ac_cv_func_gettimeofday=yes
ac_cv_func_socket=yes
ac_cv_func_strtol=yes
ac_cv_header_dlfcn_h=yes
ac_cv_header_dmalloc_h=no
ac_cv_header_errno_h=yes
ac_cv_header_fcntl_h=yes
ac_cv_header_inttypes_h=yes
ac_cv_header_limits_h=yes
ac_cv_header_linux_soundcard_h=no
ac_cv_header_memory_h=yes
ac_cv_header_minix_config_h=no
ac_cv_header_ncurses_termcap_h=no
ac_cv_header_stdc=yes
ac_cv_header_stdint_h=yes
ac_cv_header_stdlib_h=yes
ac_cv_header_string_h=yes
ac_cv_header_strings_h=yes
ac_cv_header_sys_soundcard_h=no
ac_cv_header_sys_stat_h=yes
ac_cv_header_sys_time_h=yes
ac_cv_header_sys_types_h=yes
ac_cv_header_termcap_h=yes
ac_cv_header_time=yes
ac_cv_header_unistd_h=yes
ac_cv_header_xmmintrin_h=yes
ac_cv_host=i686-apple-darwin10.3.3
ac_cv_lib_cpml_cos=no
ac_cv_lib_curses_initscr=yes
ac_cv_lib_ffm_cos=no
ac_cv_lib_m_cos=yes
ac_cv_lib_ncurses_initscr=yes
ac_cv_lib_termcap_initscr=yes
ac_cv_objext=o
ac_cv_path_EGREP='/usr/bin/grep -E'
ac_cv_path_GREP=/usr/bin/grep
ac_cv_path_GTK_CONFIG=no
ac_cv_path_NASM=/usr/bin/nasm
ac_cv_path_install='/usr/bin/install -c'
ac_cv_prog_AWK=awk
ac_cv_prog_CPP='gcc -E'
ac_cv_prog_CXXCPP='g++ -E'
ac_cv_prog_ac_ct_AR=ar
ac_cv_prog_ac_ct_CC=gcc
ac_cv_prog_ac_ct_CXX=g++
ac_cv_prog_ac_ct_RANLIB=ranlib
ac_cv_prog_ac_ct_STRIP=strip
ac_cv_prog_cc_c89=
ac_cv_prog_cc_g=yes
ac_cv_prog_cxx_g=yes
ac_cv_prog_f77_g=no
ac_cv_prog_make_make_set=yes
ac_cv_search_strerror='none required'
ac_cv_sizeof_double=8
ac_cv_sizeof_float=4
ac_cv_sizeof_int=4
ac_cv_sizeof_long=8
ac_cv_sizeof_long_long=8
ac_cv_sizeof_short=2
ac_cv_sizeof_unsigned_int=4
ac_cv_sizeof_unsigned_long=8
ac_cv_sizeof_unsigned_long_long=8
ac_cv_sizeof_unsigned_short=2
ac_cv_sys_file_offset_bits=no
ac_cv_sys_largefile_CC=no
ac_cv_type_double=yes
ac_cv_type_float=yes
ac_cv_type_ieee754_float32_t=no
ac_cv_type_ieee754_float64_t=no
ac_cv_type_ieee854_float80_t=no
ac_cv_type_int16_t=yes
ac_cv_type_int32_t=yes
ac_cv_type_int64_t=yes
ac_cv_type_int8_t=yes
ac_cv_type_int=yes
ac_cv_type_long=yes
ac_cv_type_long_double_wider=yes
ac_cv_type_long_long=yes
ac_cv_type_short=yes
ac_cv_type_size_t=yes
ac_cv_type_uint16_t=yes
ac_cv_type_uint32_t=yes
ac_cv_type_uint64_t=yes
ac_cv_type_uint8_t=yes
ac_cv_type_unsigned_int=yes
ac_cv_type_unsigned_long=yes
ac_cv_type_unsigned_long_long=yes
ac_cv_type_unsigned_short=yes
ac_cv_working_alloca_h=yes
alex_cv_ieee854_float80=yes
am_cv_CC_dependencies_compiler_type=gcc3
am_cv_CXX_dependencies_compiler_type=gcc3
lt_cv_deplibs_check_method=pass_all
lt_cv_file_magic_cmd='$MAGIC_CMD'
lt_cv_file_magic_test_file=
lt_cv_ld_reload_flag=-r
lt_cv_objdir=.libs
lt_cv_path_LD=/usr/libexec/gcc/i686-apple-darwin10/4.2.1/ld
lt_cv_path_LDCXX=/usr/libexec/gcc/i686-apple-darwin10/4.2.1/ld
lt_cv_path_NM=/usr/bin/nm
lt_cv_path_SED=/usr/bin/sed
lt_cv_prog_compiler_c_o=yes
lt_cv_prog_compiler_c_o_CXX=yes
lt_cv_prog_compiler_rtti_exceptions=no
lt_cv_prog_gnu_ld=no
lt_cv_prog_gnu_ldcxx=no
lt_cv_sys_global_symbol_pipe='sed -n -e '\''s/^.*[ 	]\([BCDEGRST][BCDEGRST]*\)[ 	][ 	]*_\([_A-Za-z][_A-Za-z0-9]*\)$/\1 _\2 \2/p'\'''
lt_cv_sys_global_symbol_to_c_name_address='sed -n -e '\''s/^: \([^ ]*\) $/  {\"\1\", (lt_ptr) 0},/p'\'' -e '\''s/^[BCDEGRST] \([^ ]*\) \([^ ]*\)$/  {"\2", (lt_ptr) \&\2},/p'\'''
lt_cv_sys_global_symbol_to_cdecl='sed -n -e '\''s/^. .* \(.*\)$/extern int \1;/p'\'''
lt_cv_sys_max_cmd_len=196608
lt_lt_cv_prog_compiler_c_o='"yes"'
lt_lt_cv_prog_compiler_c_o_CXX='"yes"'
lt_lt_cv_sys_global_symbol_pipe='"sed -n -e '\''s/^.*[ 	]\\([BCDEGRST][BCDEGRST]*\\)[ 	][ 	]*_\\([_A-Za-z][_A-Za-z0-9]*\\)\$/\\1 _\\2 \\2/p'\''"'
lt_lt_cv_sys_global_symbol_to_c_name_address='"sed -n -e '\''s/^: \\([^ ]*\\) \$/  {\\\"\\1\\\", (lt_ptr) 0},/p'\'' -e '\''s/^[BCDEGRST] \\([^ ]*\\) \\([^ ]*\\)\$/  {\"\\2\", (lt_ptr) \\&\\2},/p'\''"'
lt_lt_cv_sys_global_symbol_to_cdecl='"sed -n -e '\''s/^. .* \\(.*\\)\$/extern int \\1;/p'\''"'

## ----------------- ##
## Output variables. ##
## ----------------- ##

ACLOCAL='${SHELL} /Users/ppad/Documents/lame-3.98.4/missing --run aclocal-1.10'
ALLOCA=''
AMDEPBACKSLASH='\'
AMDEP_FALSE='#'
AMDEP_TRUE=''
AMTAR='${SHELL} /Users/ppad/Documents/lame-3.98.4/missing --run tar'
ANSI2KNR=''
AR='ar'
AUTOCONF='${SHELL} /Users/ppad/Documents/lame-3.98.4/missing --run autoconf'
AUTOHEADER='${SHELL} /Users/ppad/Documents/lame-3.98.4/missing --run autoheader'
AUTOMAKE='${SHELL} /Users/ppad/Documents/lame-3.98.4/missing --run automake-1.10'
AWK='awk'
CC='gcc'
CCDEPMODE='depmode=gcc3'
CFLAGS='-O3 -fomit-frame-pointer -ffast-math 				-maccumulate-outgoing-args -Wall  -fno-common'
CONFIG_DEFS=''
CONFIG_MATH_LIB='-lm'
CPP='gcc -E'
CPPFLAGS=''
CPUCCODE=''
CPUTYPE='i386'
CXX='g++'
CXXCPP='g++ -E'
CXXDEPMODE='depmode=gcc3'
CXXFLAGS='-g -O2'
CYGPATH_W='echo'
DEFS='-DHAVE_CONFIG_H'
DEPDIR='.deps'
ECHO='/bin/echo'
ECHO_C='ECHO_N=''
ECHO_T=''
EGREP='/usr/bin/grep -E'
EXEEXT=''
F77=''
FFLAGS=''
FRONTEND_CFLAGS=''
FRONTEND_LDADD='-lncurses  -lm'
FRONTEND_LDFLAGS=''
GREP='/usr/bin/grep'
GTK_CFLAGS=''
GTK_CONFIG='no'
GTK_LIBS=''
HAVE_NASM_FALSE=''
HAVE_NASM_TRUE='#'
INCLUDES='-I$(top_srcdir)/include -I$(srcdir)'
INSTALL_DATA='${INSTALL} -m 644'
INSTALL_PROGRAM='${INSTALL}'
INSTALL_SCRIPT='${INSTALL}'
INSTALL_STRIP_PROGRAM='$(install_sh) -c -s'
LDADD=''
LDFLAGS=''
LIBOBJS=''
LIBS=''
LIBTOOL='$(SHELL) $(top_builddir)/libtool'
LIBTOOL_DEPS='./ltmain.sh'
LIB_MAJOR_VERSION='0'
LIB_MINOR_VERSION='0'
LIB_WITH_DECODER_FALSE='#'
LIB_WITH_DECODER_TRUE=''
LN_S='ln -s'
LTLIBOBJS=''
MAINT='#'
MAINTAINER_MODE_FALSE=''
MAINTAINER_MODE_TRUE='#'
MAKEDEP='-make'
MAKEINFO='${SHELL} /Users/ppad/Documents/lame-3.98.4/missing --run makeinfo'
NASM='no'
NASM_FORMAT='-f macho'
OBJEXT='o'
PACKAGE='lame'
PACKAGE_BUGREPORT='lame-dev@lists.sf.net'
PACKAGE_NAME='lame'
PACKAGE_STRING='lame 3.98.4'
PACKAGE_TARNAME='lame'
PACKAGE_VERSION='3.98.4'
PATH_SEPARATOR=':'
PKG_CONFIG=''
RANLIB='ranlib'
RM_F='rm -f'
SED='/usr/bin/sed'
SET_MAKE=''
SHELL='/bin/sh'
SNDFILE_CFLAGS=''
SNDFILE_LIBS=''
STRIP='strip'
U=''
VERSION='3.98.4'
WITH_BRHIST_FALSE='#'
WITH_BRHIST_TRUE=''
WITH_FRONTEND='lame'
WITH_MP3RTP=''
WITH_MP3X=''
WITH_VECTOR_FALSE='#'
WITH_VECTOR_TRUE=''
WITH_XMM_FALSE='#'
WITH_XMM_TRUE=''
ac_ct_CC='gcc'
ac_ct_CXX='g++'
ac_ct_F77=''
am__fastdepCC_FALSE='#'
am__fastdepCC_TRUE=''
am__fastdepCXX_FALSE='#'
am__fastdepCXX_TRUE=''
am__include='include'
am__isrc=''
am__leading_dot='.'
am__quote=''
am__tar='${AMTAR} chof - "$$tardir"'
am__untar='${AMTAR} xf -'
bindir='${exec_prefix}/bin'
build='i686-apple-darwin10.3.3'
build_alias=''
build_cpu='i686'
build_os='darwin10.3.3'
build_vendor='apple'
datadir='${datarootdir}'
datarootdir='${prefix}/share'
docdir='${datarootdir}/doc/${PACKAGE_TARNAME}'
dvidir='${docdir}'
exec_prefix='${prefix}'
host='i686-apple-darwin10.3.3'
host_alias=''
host_cpu='i686'
host_os='darwin10.3.3'
host_vendor='apple'
htmldir='${docdir}'
includedir='${prefix}/include'
infodir='${datarootdir}/info'
install_sh='$(SHELL) /Users/ppad/Documents/lame-3.98.4/install-sh'
libdir='${exec_prefix}/lib'
libexecdir='${exec_prefix}/libexec'
localedir='${datarootdir}/locale'
localstatedir='${prefix}/var'
mandir='${datarootdir}/man'
mkdir_p='$(top_builddir)/./install-sh -c -d'
oldincludedir='/usr/include'
pdfdir='${docdir}'
prefix='/usr/local'
program_transform_name='s,x,x,'
psdir='${docdir}'
sbindir='${exec_prefix}/sbin'
sharedstatedir='${prefix}/com'
sysconfdir='${prefix}/etc'
target_alias=''

## ----------- ##
## confdefs.h. ##
## ----------- ##

#define PACKAGE_NAME "lame"
#define PACKAGE_TARNAME "lame"
#define PACKAGE_VERSION "3.98.4"
#define PACKAGE_STRING "lame 3.98.4"
#define PACKAGE_BUGREPORT "lame-dev@lists.sf.net"
#define PACKAGE "lame"
#define VERSION "3.98.4"
#define STDC_HEADERS 1
#define HAVE_SYS_TYPES_H 1
#define HAVE_SYS_STAT_H 1
#define HAVE_STDLIB_H 1
#define HAVE_STRING_H 1
#define HAVE_MEMORY_H 1
#define HAVE_STRINGS_H 1
#define HAVE_INTTYPES_H 1
#define HAVE_STDINT_H 1
#define HAVE_UNISTD_H 1
#define HAVE_DLFCN_H 1
#define PROTOTYPES 1
#define __PROTOTYPES 1
#define HAVE_STRING_H 1
#define STDC_HEADERS 1
#define HAVE_ERRNO_H 1
#define HAVE_FCNTL_H 1
#define HAVE_LIMITS_H 1
#define HAVE_STDINT_H 1
#define HAVE_STRING_H 1
#define HAVE_SYS_TIME_H 1
#define HAVE_UNISTD_H 1
#define HAVE_XMMINTRIN_H 1
#define SIZEOF_SHORT 2
#define SIZEOF_UNSIGNED_SHORT 2
#define SIZEOF_INT 4
#define SIZEOF_UNSIGNED_INT 4
#define SIZEOF_LONG 8
#define SIZEOF_UNSIGNED_LONG 8
#define SIZEOF_LONG_LONG 8
#define SIZEOF_UNSIGNED_LONG_LONG 8
#define SIZEOF_FLOAT 4
#define SIZEOF_DOUBLE 8
#define HAVE_LONG_DOUBLE_WIDER 1
#define HAVE_LONG_DOUBLE 1
#define HAVE_UINT8_T 1
#define HAVE_INT8_T 1
#define HAVE_UINT16_T 1
#define HAVE_INT16_T 1
#define HAVE_UINT32_T 1
#define HAVE_INT32_T 1
#define HAVE_UINT64_T 1
#define HAVE_INT64_T 1
#define A_UINT32_T unsigned int
#define A_INT32_T int
#define A_UINT64_T unsigned long
#define A_INT64_T long
#define HAVE_IEEE854_FLOAT80 1
#define LAME_LIBRARY_BUILD 1
#define TIME_WITH_SYS_TIME 1
#define HAVE_ALLOCA_H 1
#define HAVE_ALLOCA 1
#define HAVE_GETTIMEOFDAY 1
#define HAVE_STRTOL 1
#define HAVE_SOCKET 1
#define HAVE_TERMCAP_H 1
#define HAVE_MPGLIB 1
#define DECODE_ON_THE_FLY 1
#define USE_LAYER_2 1
#define BRHIST 1
#define HAVE_TERMCAP 1
#define TAKEHIRO_IEEE754_HACK 1
#define USE_FAST_LOG 1
#define NDEBUG 1

configure: exit 0
